---------------------------------------------------------------
[ 2021-02-06T02:29:26+08:00 ] 47.103.88.143 GET yanshi.zhoujiangshou.top/
[运行时间：0.371525s] [吞吐率：2.69req/s] [内存消耗：4,176.88kb] [文件加载：143]
[ info ] [ BEHAVIOR ] Run Closure @app_init [ RunTime:0.000044s ]
[ info ] [ CACHE ] INIT File
[ info ] [ BEHAVIOR ] Run \addons\cms\Cms @app_init [ RunTime:0.010826s ]
[ info ] [ BEHAVIOR ] Run Closure @app_init [ RunTime:0.010867s ]
[ info ] [ LANG ] /www/wwwroot/yanshi.zhoujiangshou.top/thinkphp/lang/zh-cn.php
[ info ] [ BEHAVIOR ] Run app\common\behavior\Common @app_dispatch [ RunTime:0.005998s ]
[ info ] [ ROUTE ] array (
  'type' => 'method',
  'method' => 
  array (
    0 => '\\think\\addons\\Route',
    1 => 'execute',
  ),
  'var' => 
  array (
    'addon' => 'cms',
    'controller' => 'index',
    'action' => 'index',
  ),
)
[ info ] [ HEADER ] array (
  'accept-language' => 'zh-CN,zh;q=0.8',
  'connection' => 'keep-alive',
  'accept' => 'text/html,application/xhtml+xml,application/xml;q=0.9,image/webp,image/apng,*/*;q=0.8',
  'accept-encoding' => 'gzip, deflate',
  'user-agent' => 'Mozilla/5.0 (Windows NT 10.0; Win64; x64) AppleWebKit/537.36 (KHTML, like Gecko) Chrome/59.0.3071.115 Safari/537.36',
  'host' => 'yanshi.zhoujiangshou.top',
  'content-type' => '',
  'content-length' => '',
)
[ info ] [ PARAM ] array (
)
[ info ] [ RUN ] think\addons\Route->execute[ /www/wwwroot/yanshi.zhoujiangshou.top/vendor/karsonzhang/fastadmin-addons/src/addons/Route.php ]
[ info ] [ LANG ] /www/wwwroot/yanshi.zhoujiangshou.top/public/../application/common/lang/zh-cn/addon.php
[ info ] [ BEHAVIOR ] Run app\common\behavior\Common @addon_begin [ RunTime:0.006584s ]
[ info ] [ LANG ] /www/wwwroot/yanshi.zhoujiangshou.top/addons/cms/lang/zh-cn.php
[ info ] [ VIEW ] /www/wwwroot/yanshi.zhoujiangshou.top/addons/cms/view/default/index.html [ array (
  0 => 'config',
  1 => 'user',
  2 => 'site',
  3 => '__CHANNEL__',
) ]
[ info ] [ DB ] INIT mysql
[ info ] [ SESSION ] INIT array (
  'id' => '',
  'var_session_id' => '',
  'prefix' => 'think',
  'type' => '',
  'auto_start' => true,
)
[ info ] [ BEHAVIOR ] Run \addons\cms\Cms @view_filter [ RunTime:0.000103s ]
[ info ] [ LOG ] INIT File
---------------------------------------------------------------
[ 2021-02-06T02:29:26+08:00 ] 47.103.88.143 GET yanshi.zhoujiangshou.top/explicit_not_exist_path
[运行时间：0.071945s] [吞吐率：13.90req/s] [内存消耗：4,059.00kb] [文件加载：140]
[ info ] [ BEHAVIOR ] Run Closure @app_init [ RunTime:0.000032s ]
[ info ] [ CACHE ] INIT File
[ info ] [ BEHAVIOR ] Run \addons\cms\Cms @app_init [ RunTime:0.004072s ]
[ info ] [ BEHAVIOR ] Run Closure @app_init [ RunTime:0.004116s ]
[ info ] [ LANG ] /www/wwwroot/yanshi.zhoujiangshou.top/thinkphp/lang/zh-cn.php
[ info ] [ BEHAVIOR ] Run app\common\behavior\Common @app_dispatch [ RunTime:0.000344s ]
[ info ] [ ROUTE ] array (
  'type' => 'method',
  'method' => 
  array (
    0 => '\\think\\addons\\Route',
    1 => 'execute',
  ),
  'var' => 
  array (
    'addon' => 'cms',
    'controller' => 'channel',
    'action' => 'index',
  ),
)
[ info ] [ HEADER ] array (
  'cookie' => 'PHPSESSID=5slb8vobkktkq17g2k9tkce8v7',
  'accept-language' => 'zh-CN,zh;q=0.8',
  'connection' => 'keep-alive',
  'accept' => 'text/html,application/xhtml+xml,application/xml;q=0.9,image/webp,image/apng,*/*;q=0.8',
  'accept-encoding' => 'gzip, deflate',
  'user-agent' => 'Mozilla/5.0 (Windows NT 10.0; Win64; x64) AppleWebKit/537.36 (KHTML, like Gecko) Chrome/59.0.3071.115 Safari/537.36',
  'host' => 'yanshi.zhoujiangshou.top',
  'content-type' => '',
  'content-length' => '',
)
[ info ] [ PARAM ] array (
  'diyname' => 'explicit_not_exist_path',
)
[ info ] [ RUN ] think\addons\Route->execute[ /www/wwwroot/yanshi.zhoujiangshou.top/vendor/karsonzhang/fastadmin-addons/src/addons/Route.php ]
[ info ] [ LANG ] /www/wwwroot/yanshi.zhoujiangshou.top/public/../application/common/lang/zh-cn/addon.php
[ info ] [ BEHAVIOR ] Run app\common\behavior\Common @addon_begin [ RunTime:0.002103s ]
[ info ] [ LANG ] /www/wwwroot/yanshi.zhoujiangshou.top/addons/cms/lang/zh-cn.php
[ info ] [ DB ] INIT mysql
[ info ] [ VIEW ] /www/wwwroot/yanshi.zhoujiangshou.top/public/../application/common/view/tpl/dispatch_jump.tpl [ array (
  0 => 'config',
  1 => 'user',
  2 => 'site',
  3 => '__CHANNEL__',
  4 => 'code',
  5 => 'msg',
  6 => 'data',
  7 => 'url',
  8 => 'wait',
) ]
[ info ] [ BEHAVIOR ] Run \addons\cms\Cms @view_filter [ RunTime:0.000095s ]
[ info ] [ LOG ] INIT File
---------------------------------------------------------------
[ 2021-02-06T02:29:26+08:00 ] 47.103.88.143 GET yanshi.zhoujiangshou.top/admin/
[运行时间：0.075002s] [吞吐率：13.33req/s] [内存消耗：4,058.89kb] [文件加载：140]
[ info ] [ BEHAVIOR ] Run Closure @app_init [ RunTime:0.000028s ]
[ info ] [ CACHE ] INIT File
[ info ] [ BEHAVIOR ] Run \addons\cms\Cms @app_init [ RunTime:0.004034s ]
[ info ] [ BEHAVIOR ] Run Closure @app_init [ RunTime:0.004074s ]
[ info ] [ LANG ] /www/wwwroot/yanshi.zhoujiangshou.top/thinkphp/lang/zh-cn.php
[ info ] [ BEHAVIOR ] Run app\common\behavior\Common @app_dispatch [ RunTime:0.000350s ]
[ info ] [ ROUTE ] array (
  'type' => 'method',
  'method' => 
  array (
    0 => '\\think\\addons\\Route',
    1 => 'execute',
  ),
  'var' => 
  array (
    'addon' => 'cms',
    'controller' => 'channel',
    'action' => 'index',
  ),
)
[ info ] [ HEADER ] array (
  'cookie' => 'PHPSESSID=5slb8vobkktkq17g2k9tkce8v7',
  'accept-language' => 'zh-CN,zh;q=0.8',
  'connection' => 'keep-alive',
  'accept' => 'text/html,application/xhtml+xml,application/xml;q=0.9,image/webp,image/apng,*/*;q=0.8',
  'accept-encoding' => 'gzip, deflate',
  'user-agent' => 'Mozilla/5.0 (Windows NT 10.0; Win64; x64) AppleWebKit/537.36 (KHTML, like Gecko) Chrome/59.0.3071.115 Safari/537.36',
  'host' => 'yanshi.zhoujiangshou.top',
  'content-type' => '',
  'content-length' => '',
)
[ info ] [ PARAM ] array (
  'diyname' => 'admin',
)
[ info ] [ RUN ] think\addons\Route->execute[ /www/wwwroot/yanshi.zhoujiangshou.top/vendor/karsonzhang/fastadmin-addons/src/addons/Route.php ]
[ info ] [ LANG ] /www/wwwroot/yanshi.zhoujiangshou.top/public/../application/common/lang/zh-cn/addon.php
[ info ] [ BEHAVIOR ] Run app\common\behavior\Common @addon_begin [ RunTime:0.002092s ]
[ info ] [ LANG ] /www/wwwroot/yanshi.zhoujiangshou.top/addons/cms/lang/zh-cn.php
[ info ] [ DB ] INIT mysql
[ info ] [ VIEW ] /www/wwwroot/yanshi.zhoujiangshou.top/public/../application/common/view/tpl/dispatch_jump.tpl [ array (
  0 => 'config',
  1 => 'user',
  2 => 'site',
  3 => '__CHANNEL__',
  4 => 'code',
  5 => 'msg',
  6 => 'data',
  7 => 'url',
  8 => 'wait',
) ]
[ info ] [ BEHAVIOR ] Run \addons\cms\Cms @view_filter [ RunTime:0.000115s ]
[ info ] [ LOG ] INIT File
---------------------------------------------------------------
[ 2021-02-06T02:29:27+08:00 ] 47.103.88.143 GET yanshi.zhoujiangshou.top/favicon.ico
[运行时间：0.116097s] [吞吐率：8.61req/s] [内存消耗：2,325.73kb] [文件加载：119]
[ info ] [ BEHAVIOR ] Run Closure @app_init [ RunTime:0.000019s ]
[ info ] [ CACHE ] INIT File
[ info ] [ BEHAVIOR ] Run \addons\cms\Cms @app_init [ RunTime:0.003313s ]
[ info ] [ BEHAVIOR ] Run Closure @app_init [ RunTime:0.003349s ]
[ info ] [ LANG ] /www/wwwroot/yanshi.zhoujiangshou.top/thinkphp/lang/zh-cn.php
[ info ] [ BEHAVIOR ] Run app\common\behavior\Common @app_dispatch [ RunTime:0.000285s ]
[ info ] [ ROUTE ] array (
  'type' => 'module',
  'module' => 
  array (
    0 => 'favicon.ico',
    1 => NULL,
    2 => NULL,
  ),
)
[ info ] [ HEADER ] array (
  'cookie' => 'PHPSESSID=5slb8vobkktkq17g2k9tkce8v7',
  'accept-language' => 'zh-CN,zh;q=0.8',
  'connection' => 'keep-alive',
  'accept' => 'text/html,application/xhtml+xml,application/xml;q=0.9,image/webp,image/apng,*/*;q=0.8',
  'accept-encoding' => 'gzip, deflate',
  'user-agent' => 'Mozilla/5.0 (Windows NT 10.0; Win64; x64) AppleWebKit/537.36 (KHTML, like Gecko) Chrome/59.0.3071.115 Safari/537.36',
  'host' => 'yanshi.zhoujiangshou.top',
  'content-type' => '',
  'content-length' => '',
)
[ info ] [ PARAM ] array (
)
[ info ] [ LOG ] INIT File
---------------------------------------------------------------
[ 2021-02-06T02:29:28+08:00 ] 47.103.88.143 GET yanshi.zhoujiangshou.top/images/ofbiz.ico
[运行时间：0.033510s] [吞吐率：29.84req/s] [内存消耗：2,325.87kb] [文件加载：119]
[ info ] [ BEHAVIOR ] Run Closure @app_init [ RunTime:0.000020s ]
[ info ] [ CACHE ] INIT File
[ info ] [ BEHAVIOR ] Run \addons\cms\Cms @app_init [ RunTime:0.002471s ]
[ info ] [ BEHAVIOR ] Run Closure @app_init [ RunTime:0.002497s ]
[ info ] [ LANG ] /www/wwwroot/yanshi.zhoujiangshou.top/thinkphp/lang/zh-cn.php
[ info ] [ BEHAVIOR ] Run app\common\behavior\Common @app_dispatch [ RunTime:0.000227s ]
[ info ] [ ROUTE ] array (
  'type' => 'module',
  'module' => 
  array (
    0 => 'images',
    1 => 'ofbiz.ico',
    2 => NULL,
  ),
)
[ info ] [ HEADER ] array (
  'cookie' => 'PHPSESSID=5slb8vobkktkq17g2k9tkce8v7',
  'accept-language' => 'zh-CN,zh;q=0.8',
  'connection' => 'keep-alive',
  'accept' => 'text/html,application/xhtml+xml,application/xml;q=0.9,image/webp,image/apng,*/*;q=0.8',
  'accept-encoding' => 'gzip, deflate',
  'user-agent' => 'Mozilla/5.0 (Windows NT 10.0; Win64; x64) AppleWebKit/537.36 (KHTML, like Gecko) Chrome/59.0.3071.115 Safari/537.36',
  'host' => 'yanshi.zhoujiangshou.top',
  'content-type' => '',
  'content-length' => '',
)
[ info ] [ PARAM ] array (
)
[ info ] [ LOG ] INIT File
---------------------------------------------------------------
[ 2021-02-06T02:29:29+08:00 ] 47.103.88.143 GET yanshi.zhoujiangshou.top/env
[运行时间：0.059957s] [吞吐率：16.68req/s] [内存消耗：4,058.84kb] [文件加载：140]
[ info ] [ BEHAVIOR ] Run Closure @app_init [ RunTime:0.000021s ]
[ info ] [ CACHE ] INIT File
[ info ] [ BEHAVIOR ] Run \addons\cms\Cms @app_init [ RunTime:0.002693s ]
[ info ] [ BEHAVIOR ] Run Closure @app_init [ RunTime:0.002724s ]
[ info ] [ LANG ] /www/wwwroot/yanshi.zhoujiangshou.top/thinkphp/lang/zh-cn.php
[ info ] [ BEHAVIOR ] Run app\common\behavior\Common @app_dispatch [ RunTime:0.000210s ]
[ info ] [ ROUTE ] array (
  'type' => 'method',
  'method' => 
  array (
    0 => '\\think\\addons\\Route',
    1 => 'execute',
  ),
  'var' => 
  array (
    'addon' => 'cms',
    'controller' => 'channel',
    'action' => 'index',
  ),
)
[ info ] [ HEADER ] array (
  'cookie' => 'PHPSESSID=5slb8vobkktkq17g2k9tkce8v7',
  'accept-language' => 'zh-CN,zh;q=0.8',
  'connection' => 'keep-alive',
  'accept' => 'text/html,application/xhtml+xml,application/xml;q=0.9,image/webp,image/apng,*/*;q=0.8',
  'accept-encoding' => 'gzip, deflate',
  'user-agent' => 'Mozilla/5.0 (Windows NT 10.0; Win64; x64) AppleWebKit/537.36 (KHTML, like Gecko) Chrome/59.0.3071.115 Safari/537.36',
  'host' => 'yanshi.zhoujiangshou.top',
  'content-type' => '',
  'content-length' => '',
)
[ info ] [ PARAM ] array (
  'diyname' => 'env',
)
[ info ] [ RUN ] think\addons\Route->execute[ /www/wwwroot/yanshi.zhoujiangshou.top/vendor/karsonzhang/fastadmin-addons/src/addons/Route.php ]
[ info ] [ LANG ] /www/wwwroot/yanshi.zhoujiangshou.top/public/../application/common/lang/zh-cn/addon.php
[ info ] [ BEHAVIOR ] Run app\common\behavior\Common @addon_begin [ RunTime:0.001340s ]
[ info ] [ LANG ] /www/wwwroot/yanshi.zhoujiangshou.top/addons/cms/lang/zh-cn.php
[ info ] [ DB ] INIT mysql
[ info ] [ VIEW ] /www/wwwroot/yanshi.zhoujiangshou.top/public/../application/common/view/tpl/dispatch_jump.tpl [ array (
  0 => 'config',
  1 => 'user',
  2 => 'site',
  3 => '__CHANNEL__',
  4 => 'code',
  5 => 'msg',
  6 => 'data',
  7 => 'url',
  8 => 'wait',
) ]
[ info ] [ BEHAVIOR ] Run \addons\cms\Cms @view_filter [ RunTime:0.000071s ]
[ info ] [ LOG ] INIT File
---------------------------------------------------------------
[ 2021-02-06T02:29:29+08:00 ] 47.103.88.143 GET yanshi.zhoujiangshou.top/index.php/explicit_not_exist_path
[运行时间：0.052337s] [吞吐率：19.11req/s] [内存消耗：4,055.98kb] [文件加载：140]
[ info ] [ BEHAVIOR ] Run Closure @app_init [ RunTime:0.000025s ]
[ info ] [ CACHE ] INIT File
[ info ] [ BEHAVIOR ] Run \addons\cms\Cms @app_init [ RunTime:0.002831s ]
[ info ] [ BEHAVIOR ] Run Closure @app_init [ RunTime:0.002866s ]
[ info ] [ LANG ] /www/wwwroot/yanshi.zhoujiangshou.top/thinkphp/lang/zh-cn.php
[ info ] [ BEHAVIOR ] Run app\common\behavior\Common @app_dispatch [ RunTime:0.000212s ]
[ info ] [ ROUTE ] array (
  'type' => 'method',
  'method' => 
  array (
    0 => '\\think\\addons\\Route',
    1 => 'execute',
  ),
  'var' => 
  array (
    'addon' => 'cms',
    'controller' => 'channel',
    'action' => 'index',
  ),
)
[ info ] [ HEADER ] array (
  'cookie' => 'PHPSESSID=5slb8vobkktkq17g2k9tkce8v7',
  'accept-language' => 'zh-CN,zh;q=0.8',
  'connection' => 'keep-alive',
  'accept' => 'text/html,application/xhtml+xml,application/xml;q=0.9,image/webp,image/apng,*/*;q=0.8',
  'accept-encoding' => 'gzip, deflate',
  'user-agent' => 'Mozilla/5.0 (Windows NT 10.0; Win64; x64) AppleWebKit/537.36 (KHTML, like Gecko) Chrome/59.0.3071.115 Safari/537.36',
  'host' => 'yanshi.zhoujiangshou.top',
  'content-type' => '',
  'content-length' => '',
)
[ info ] [ PARAM ] array (
  'diyname' => 'explicit_not_exist_path',
)
[ info ] [ RUN ] think\addons\Route->execute[ /www/wwwroot/yanshi.zhoujiangshou.top/vendor/karsonzhang/fastadmin-addons/src/addons/Route.php ]
[ info ] [ LANG ] /www/wwwroot/yanshi.zhoujiangshou.top/public/../application/common/lang/zh-cn/addon.php
[ info ] [ BEHAVIOR ] Run app\common\behavior\Common @addon_begin [ RunTime:0.001374s ]
[ info ] [ LANG ] /www/wwwroot/yanshi.zhoujiangshou.top/addons/cms/lang/zh-cn.php
[ info ] [ DB ] INIT mysql
[ info ] [ VIEW ] /www/wwwroot/yanshi.zhoujiangshou.top/public/../application/common/view/tpl/dispatch_jump.tpl [ array (
  0 => 'config',
  1 => 'user',
  2 => 'site',
  3 => '__CHANNEL__',
  4 => 'code',
  5 => 'msg',
  6 => 'data',
  7 => 'url',
  8 => 'wait',
) ]
[ info ] [ BEHAVIOR ] Run \addons\cms\Cms @view_filter [ RunTime:0.000094s ]
[ info ] [ LOG ] INIT File
---------------------------------------------------------------
[ 2021-02-06T02:29:30+08:00 ] 47.103.88.143 GET yanshi.zhoujiangshou.top/static/.gitignore
[运行时间：0.045626s] [吞吐率：21.92req/s] [内存消耗：2,325.87kb] [文件加载：119]
[ info ] [ BEHAVIOR ] Run Closure @app_init [ RunTime:0.000020s ]
[ info ] [ CACHE ] INIT File
[ info ] [ BEHAVIOR ] Run \addons\cms\Cms @app_init [ RunTime:0.002535s ]
[ info ] [ BEHAVIOR ] Run Closure @app_init [ RunTime:0.002561s ]
[ info ] [ LANG ] /www/wwwroot/yanshi.zhoujiangshou.top/thinkphp/lang/zh-cn.php
[ info ] [ BEHAVIOR ] Run app\common\behavior\Common @app_dispatch [ RunTime:0.000224s ]
[ info ] [ ROUTE ] array (
  'type' => 'module',
  'module' => 
  array (
    0 => 'static',
    1 => '.gitignore',
    2 => NULL,
  ),
)
[ info ] [ HEADER ] array (
  'cookie' => 'PHPSESSID=5slb8vobkktkq17g2k9tkce8v7',
  'accept-language' => 'zh-CN,zh;q=0.8',
  'connection' => 'keep-alive',
  'accept' => 'text/html,application/xhtml+xml,application/xml;q=0.9,image/webp,image/apng,*/*;q=0.8',
  'accept-encoding' => 'gzip, deflate',
  'user-agent' => 'Mozilla/5.0 (Windows NT 10.0; Win64; x64) AppleWebKit/537.36 (KHTML, like Gecko) Chrome/59.0.3071.115 Safari/537.36',
  'host' => 'yanshi.zhoujiangshou.top',
  'content-type' => '',
  'content-length' => '',
)
[ info ] [ PARAM ] array (
)
[ info ] [ LOG ] INIT File
---------------------------------------------------------------
[ 2021-02-06T02:29:30+08:00 ] 47.103.88.143 GET yanshi.zhoujiangshou.top/4e5e5d7364f443e28fbf0d3ae744a59a
[运行时间：0.058078s] [吞吐率：17.22req/s] [内存消耗：4,059.08kb] [文件加载：140]
[ info ] [ BEHAVIOR ] Run Closure @app_init [ RunTime:0.000020s ]
[ info ] [ CACHE ] INIT File
[ info ] [ BEHAVIOR ] Run \addons\cms\Cms @app_init [ RunTime:0.003594s ]
[ info ] [ BEHAVIOR ] Run Closure @app_init [ RunTime:0.003633s ]
[ info ] [ LANG ] /www/wwwroot/yanshi.zhoujiangshou.top/thinkphp/lang/zh-cn.php
[ info ] [ BEHAVIOR ] Run app\common\behavior\Common @app_dispatch [ RunTime:0.000331s ]
[ info ] [ ROUTE ] array (
  'type' => 'method',
  'method' => 
  array (
    0 => '\\think\\addons\\Route',
    1 => 'execute',
  ),
  'var' => 
  array (
    'addon' => 'cms',
    'controller' => 'channel',
    'action' => 'index',
  ),
)
[ info ] [ HEADER ] array (
  'cookie' => 'PHPSESSID=5slb8vobkktkq17g2k9tkce8v7',
  'accept-language' => 'zh-CN,zh;q=0.8',
  'connection' => 'keep-alive',
  'accept' => 'text/html,application/xhtml+xml,application/xml;q=0.9,image/webp,image/apng,*/*;q=0.8',
  'accept-encoding' => 'gzip, deflate',
  'user-agent' => 'Mozilla/5.0 (Windows NT 10.0; Win64; x64) AppleWebKit/537.36 (KHTML, like Gecko) Chrome/59.0.3071.115 Safari/537.36',
  'host' => 'yanshi.zhoujiangshou.top',
  'content-type' => '',
  'content-length' => '',
)
[ info ] [ PARAM ] array (
  'diyname' => '4e5e5d7364f443e28fbf0d3ae744a59a',
)
[ info ] [ RUN ] think\addons\Route->execute[ /www/wwwroot/yanshi.zhoujiangshou.top/vendor/karsonzhang/fastadmin-addons/src/addons/Route.php ]
[ info ] [ LANG ] /www/wwwroot/yanshi.zhoujiangshou.top/public/../application/common/lang/zh-cn/addon.php
[ info ] [ BEHAVIOR ] Run app\common\behavior\Common @addon_begin [ RunTime:0.002000s ]
[ info ] [ LANG ] /www/wwwroot/yanshi.zhoujiangshou.top/addons/cms/lang/zh-cn.php
[ info ] [ DB ] INIT mysql
[ info ] [ VIEW ] /www/wwwroot/yanshi.zhoujiangshou.top/public/../application/common/view/tpl/dispatch_jump.tpl [ array (
  0 => 'config',
  1 => 'user',
  2 => 'site',
  3 => '__CHANNEL__',
  4 => 'code',
  5 => 'msg',
  6 => 'data',
  7 => 'url',
  8 => 'wait',
) ]
[ info ] [ BEHAVIOR ] Run \addons\cms\Cms @view_filter [ RunTime:0.000075s ]
[ info ] [ LOG ] INIT File
---------------------------------------------------------------
[ 2021-02-06T02:29:30+08:00 ] 47.103.88.143 GET yanshi.zhoujiangshou.top/?c=4e5e5d7364f443e28fbf0d3ae744a59a
[运行时间：0.067932s] [吞吐率：14.72req/s] [内存消耗：4,178.62kb] [文件加载：143]
[ info ] [ BEHAVIOR ] Run Closure @app_init [ RunTime:0.000021s ]
[ info ] [ CACHE ] INIT File
[ info ] [ BEHAVIOR ] Run \addons\cms\Cms @app_init [ RunTime:0.002471s ]
[ info ] [ BEHAVIOR ] Run Closure @app_init [ RunTime:0.002500s ]
[ info ] [ LANG ] /www/wwwroot/yanshi.zhoujiangshou.top/thinkphp/lang/zh-cn.php
[ info ] [ BEHAVIOR ] Run app\common\behavior\Common @app_dispatch [ RunTime:0.000255s ]
[ info ] [ ROUTE ] array (
  'type' => 'method',
  'method' => 
  array (
    0 => '\\think\\addons\\Route',
    1 => 'execute',
  ),
  'var' => 
  array (
    'addon' => 'cms',
    'controller' => 'index',
    'action' => 'index',
  ),
)
[ info ] [ HEADER ] array (
  'cookie' => 'PHPSESSID=5slb8vobkktkq17g2k9tkce8v7',
  'accept-language' => 'zh-CN,zh;q=0.8',
  'connection' => 'keep-alive',
  'accept' => 'text/html,application/xhtml+xml,application/xml;q=0.9,image/webp,image/apng,*/*;q=0.8',
  'accept-encoding' => 'gzip, deflate',
  'user-agent' => 'Mozilla/5.0 (Windows NT 10.0; Win64; x64) AppleWebKit/537.36 (KHTML, like Gecko) Chrome/59.0.3071.115 Safari/537.36',
  'host' => 'yanshi.zhoujiangshou.top',
  'content-type' => '',
  'content-length' => '',
)
[ info ] [ PARAM ] array (
  'c' => '4e5e5d7364f443e28fbf0d3ae744a59a',
)
[ info ] [ RUN ] think\addons\Route->execute[ /www/wwwroot/yanshi.zhoujiangshou.top/vendor/karsonzhang/fastadmin-addons/src/addons/Route.php ]
[ info ] [ LANG ] /www/wwwroot/yanshi.zhoujiangshou.top/public/../application/common/lang/zh-cn/addon.php
[ info ] [ BEHAVIOR ] Run app\common\behavior\Common @addon_begin [ RunTime:0.001437s ]
[ info ] [ LANG ] /www/wwwroot/yanshi.zhoujiangshou.top/addons/cms/lang/zh-cn.php
[ info ] [ VIEW ] /www/wwwroot/yanshi.zhoujiangshou.top/addons/cms/view/default/index.html [ array (
  0 => 'config',
  1 => 'user',
  2 => 'site',
  3 => '__CHANNEL__',
) ]
[ info ] [ DB ] INIT mysql
[ info ] [ SESSION ] INIT array (
  'id' => '',
  'var_session_id' => '',
  'prefix' => 'think',
  'type' => '',
  'auto_start' => true,
)
[ info ] [ BEHAVIOR ] Run \addons\cms\Cms @view_filter [ RunTime:0.000110s ]
[ info ] [ LOG ] INIT File
---------------------------------------------------------------
[ 2021-02-06T02:29:30+08:00 ] 47.103.88.143 GET yanshi.zhoujiangshou.top/phpMyAdmin/
[运行时间：0.077227s] [吞吐率：12.95req/s] [内存消耗：4,058.95kb] [文件加载：140]
[ info ] [ BEHAVIOR ] Run Closure @app_init [ RunTime:0.000028s ]
[ info ] [ CACHE ] INIT File
[ info ] [ BEHAVIOR ] Run \addons\cms\Cms @app_init [ RunTime:0.004070s ]
[ info ] [ BEHAVIOR ] Run Closure @app_init [ RunTime:0.004108s ]
[ info ] [ LANG ] /www/wwwroot/yanshi.zhoujiangshou.top/thinkphp/lang/zh-cn.php
[ info ] [ BEHAVIOR ] Run app\common\behavior\Common @app_dispatch [ RunTime:0.000340s ]
[ info ] [ ROUTE ] array (
  'type' => 'method',
  'method' => 
  array (
    0 => '\\think\\addons\\Route',
    1 => 'execute',
  ),
  'var' => 
  array (
    'addon' => 'cms',
    'controller' => 'channel',
    'action' => 'index',
  ),
)
[ info ] [ HEADER ] array (
  'cookie' => 'PHPSESSID=5slb8vobkktkq17g2k9tkce8v7',
  'accept-language' => 'zh-CN,zh;q=0.8',
  'connection' => 'keep-alive',
  'accept' => 'text/html,application/xhtml+xml,application/xml;q=0.9,image/webp,image/apng,*/*;q=0.8',
  'accept-encoding' => 'gzip, deflate',
  'user-agent' => 'Mozilla/5.0 (Windows NT 10.0; Win64; x64) AppleWebKit/537.36 (KHTML, like Gecko) Chrome/59.0.3071.115 Safari/537.36',
  'host' => 'yanshi.zhoujiangshou.top',
  'content-type' => '',
  'content-length' => '',
)
[ info ] [ PARAM ] array (
  'diyname' => 'phpMyAdmin',
)
[ info ] [ RUN ] think\addons\Route->execute[ /www/wwwroot/yanshi.zhoujiangshou.top/vendor/karsonzhang/fastadmin-addons/src/addons/Route.php ]
[ info ] [ LANG ] /www/wwwroot/yanshi.zhoujiangshou.top/public/../application/common/lang/zh-cn/addon.php
[ info ] [ BEHAVIOR ] Run app\common\behavior\Common @addon_begin [ RunTime:0.002128s ]
[ info ] [ LANG ] /www/wwwroot/yanshi.zhoujiangshou.top/addons/cms/lang/zh-cn.php
[ info ] [ DB ] INIT mysql
[ info ] [ VIEW ] /www/wwwroot/yanshi.zhoujiangshou.top/public/../application/common/view/tpl/dispatch_jump.tpl [ array (
  0 => 'config',
  1 => 'user',
  2 => 'site',
  3 => '__CHANNEL__',
  4 => 'code',
  5 => 'msg',
  6 => 'data',
  7 => 'url',
  8 => 'wait',
) ]
[ info ] [ BEHAVIOR ] Run \addons\cms\Cms @view_filter [ RunTime:0.000103s ]
[ info ] [ LOG ] INIT File
---------------------------------------------------------------
[ 2021-02-06T02:29:31+08:00 ] 47.103.88.143 GET yanshi.zhoujiangshou.top/phpmyadmin/
[运行时间：0.052426s] [吞吐率：19.07req/s] [内存消耗：4,058.95kb] [文件加载：140]
[ info ] [ BEHAVIOR ] Run Closure @app_init [ RunTime:0.000018s ]
[ info ] [ CACHE ] INIT File
[ info ] [ BEHAVIOR ] Run \addons\cms\Cms @app_init [ RunTime:0.002693s ]
[ info ] [ BEHAVIOR ] Run Closure @app_init [ RunTime:0.002714s ]
[ info ] [ LANG ] /www/wwwroot/yanshi.zhoujiangshou.top/thinkphp/lang/zh-cn.php
[ info ] [ BEHAVIOR ] Run app\common\behavior\Common @app_dispatch [ RunTime:0.000254s ]
[ info ] [ ROUTE ] array (
  'type' => 'method',
  'method' => 
  array (
    0 => '\\think\\addons\\Route',
    1 => 'execute',
  ),
  'var' => 
  array (
    'addon' => 'cms',
    'controller' => 'channel',
    'action' => 'index',
  ),
)
[ info ] [ HEADER ] array (
  'cookie' => 'PHPSESSID=5slb8vobkktkq17g2k9tkce8v7',
  'accept-language' => 'zh-CN,zh;q=0.8',
  'connection' => 'keep-alive',
  'accept' => 'text/html,application/xhtml+xml,application/xml;q=0.9,image/webp,image/apng,*/*;q=0.8',
  'accept-encoding' => 'gzip, deflate',
  'user-agent' => 'Mozilla/5.0 (Windows NT 10.0; Win64; x64) AppleWebKit/537.36 (KHTML, like Gecko) Chrome/59.0.3071.115 Safari/537.36',
  'host' => 'yanshi.zhoujiangshou.top',
  'content-type' => '',
  'content-length' => '',
)
[ info ] [ PARAM ] array (
  'diyname' => 'phpmyadmin',
)
[ info ] [ RUN ] think\addons\Route->execute[ /www/wwwroot/yanshi.zhoujiangshou.top/vendor/karsonzhang/fastadmin-addons/src/addons/Route.php ]
[ info ] [ LANG ] /www/wwwroot/yanshi.zhoujiangshou.top/public/../application/common/lang/zh-cn/addon.php
[ info ] [ BEHAVIOR ] Run app\common\behavior\Common @addon_begin [ RunTime:0.001382s ]
[ info ] [ LANG ] /www/wwwroot/yanshi.zhoujiangshou.top/addons/cms/lang/zh-cn.php
[ info ] [ DB ] INIT mysql
[ info ] [ VIEW ] /www/wwwroot/yanshi.zhoujiangshou.top/public/../application/common/view/tpl/dispatch_jump.tpl [ array (
  0 => 'config',
  1 => 'user',
  2 => 'site',
  3 => '__CHANNEL__',
  4 => 'code',
  5 => 'msg',
  6 => 'data',
  7 => 'url',
  8 => 'wait',
) ]
[ info ] [ BEHAVIOR ] Run \addons\cms\Cms @view_filter [ RunTime:0.000076s ]
[ info ] [ LOG ] INIT File
---------------------------------------------------------------
[ 2021-02-06T02:29:31+08:00 ] 47.103.88.143 GET yanshi.zhoujiangshou.top/wcm/
[运行时间：0.053546s] [吞吐率：18.68req/s] [内存消耗：4,058.88kb] [文件加载：140]
[ info ] [ BEHAVIOR ] Run Closure @app_init [ RunTime:0.000021s ]
[ info ] [ CACHE ] INIT File
[ info ] [ BEHAVIOR ] Run \addons\cms\Cms @app_init [ RunTime:0.002610s ]
[ info ] [ BEHAVIOR ] Run Closure @app_init [ RunTime:0.002645s ]
[ info ] [ LANG ] /www/wwwroot/yanshi.zhoujiangshou.top/thinkphp/lang/zh-cn.php
[ info ] [ BEHAVIOR ] Run app\common\behavior\Common @app_dispatch [ RunTime:0.000226s ]
[ info ] [ ROUTE ] array (
  'type' => 'method',
  'method' => 
  array (
    0 => '\\think\\addons\\Route',
    1 => 'execute',
  ),
  'var' => 
  array (
    'addon' => 'cms',
    'controller' => 'channel',
    'action' => 'index',
  ),
)
[ info ] [ HEADER ] array (
  'cookie' => 'PHPSESSID=5slb8vobkktkq17g2k9tkce8v7',
  'accept-language' => 'zh-CN,zh;q=0.8',
  'connection' => 'keep-alive',
  'accept' => 'text/html,application/xhtml+xml,application/xml;q=0.9,image/webp,image/apng,*/*;q=0.8',
  'accept-encoding' => 'gzip, deflate',
  'user-agent' => 'Mozilla/5.0 (Windows NT 10.0; Win64; x64) AppleWebKit/537.36 (KHTML, like Gecko) Chrome/59.0.3071.115 Safari/537.36',
  'host' => 'yanshi.zhoujiangshou.top',
  'content-type' => '',
  'content-length' => '',
)
[ info ] [ PARAM ] array (
  'diyname' => 'wcm',
)
[ info ] [ RUN ] think\addons\Route->execute[ /www/wwwroot/yanshi.zhoujiangshou.top/vendor/karsonzhang/fastadmin-addons/src/addons/Route.php ]
[ info ] [ LANG ] /www/wwwroot/yanshi.zhoujiangshou.top/public/../application/common/lang/zh-cn/addon.php
[ info ] [ BEHAVIOR ] Run app\common\behavior\Common @addon_begin [ RunTime:0.001407s ]
[ info ] [ LANG ] /www/wwwroot/yanshi.zhoujiangshou.top/addons/cms/lang/zh-cn.php
[ info ] [ DB ] INIT mysql
[ info ] [ VIEW ] /www/wwwroot/yanshi.zhoujiangshou.top/public/../application/common/view/tpl/dispatch_jump.tpl [ array (
  0 => 'config',
  1 => 'user',
  2 => 'site',
  3 => '__CHANNEL__',
  4 => 'code',
  5 => 'msg',
  6 => 'data',
  7 => 'url',
  8 => 'wait',
) ]
[ info ] [ BEHAVIOR ] Run \addons\cms\Cms @view_filter [ RunTime:0.000072s ]
[ info ] [ LOG ] INIT File
---------------------------------------------------------------
[ 2021-02-06T02:30:02+08:00 ] 47.103.91.130 GET yanshi.zhoujiangshou.top/
[运行时间：0.063216s] [吞吐率：15.82req/s] [内存消耗：4,176.88kb] [文件加载：143]
[ info ] [ BEHAVIOR ] Run Closure @app_init [ RunTime:0.000021s ]
[ info ] [ CACHE ] INIT File
[ info ] [ BEHAVIOR ] Run \addons\cms\Cms @app_init [ RunTime:0.002353s ]
[ info ] [ BEHAVIOR ] Run Closure @app_init [ RunTime:0.002378s ]
[ info ] [ LANG ] /www/wwwroot/yanshi.zhoujiangshou.top/thinkphp/lang/zh-cn.php
[ info ] [ BEHAVIOR ] Run app\common\behavior\Common @app_dispatch [ RunTime:0.000204s ]
[ info ] [ ROUTE ] array (
  'type' => 'method',
  'method' => 
  array (
    0 => '\\think\\addons\\Route',
    1 => 'execute',
  ),
  'var' => 
  array (
    'addon' => 'cms',
    'controller' => 'index',
    'action' => 'index',
  ),
)
[ info ] [ HEADER ] array (
  'accept-language' => 'zh-CN,zh;q=0.8',
  'connection' => 'keep-alive',
  'accept' => 'text/html,application/xhtml+xml,application/xml;q=0.9,image/webp,image/apng,*/*;q=0.8',
  'accept-encoding' => 'gzip, deflate',
  'user-agent' => 'Mozilla/5.0 (Windows NT 10.0; Win64; x64) AppleWebKit/537.36 (KHTML, like Gecko) Chrome/59.0.3071.115 Safari/537.36',
  'host' => 'yanshi.zhoujiangshou.top',
  'content-type' => '',
  'content-length' => '',
)
[ info ] [ PARAM ] array (
)
[ info ] [ RUN ] think\addons\Route->execute[ /www/wwwroot/yanshi.zhoujiangshou.top/vendor/karsonzhang/fastadmin-addons/src/addons/Route.php ]
[ info ] [ LANG ] /www/wwwroot/yanshi.zhoujiangshou.top/public/../application/common/lang/zh-cn/addon.php
[ info ] [ BEHAVIOR ] Run app\common\behavior\Common @addon_begin [ RunTime:0.001229s ]
[ info ] [ LANG ] /www/wwwroot/yanshi.zhoujiangshou.top/addons/cms/lang/zh-cn.php
[ info ] [ VIEW ] /www/wwwroot/yanshi.zhoujiangshou.top/addons/cms/view/default/index.html [ array (
  0 => 'config',
  1 => 'user',
  2 => 'site',
  3 => '__CHANNEL__',
) ]
[ info ] [ DB ] INIT mysql
[ info ] [ SESSION ] INIT array (
  'id' => '',
  'var_session_id' => '',
  'prefix' => 'think',
  'type' => '',
  'auto_start' => true,
)
[ info ] [ BEHAVIOR ] Run \addons\cms\Cms @view_filter [ RunTime:0.000069s ]
[ info ] [ LOG ] INIT File
---------------------------------------------------------------
[ 2021-02-06T02:30:03+08:00 ] 47.103.91.130 GET yanshi.zhoujiangshou.top/explicit_not_exist_path
[运行时间：0.070650s] [吞吐率：14.15req/s] [内存消耗：4,059.00kb] [文件加载：140]
[ info ] [ BEHAVIOR ] Run Closure @app_init [ RunTime:0.000030s ]
[ info ] [ CACHE ] INIT File
[ info ] [ BEHAVIOR ] Run \addons\cms\Cms @app_init [ RunTime:0.003660s ]
[ info ] [ BEHAVIOR ] Run Closure @app_init [ RunTime:0.003701s ]
[ info ] [ LANG ] /www/wwwroot/yanshi.zhoujiangshou.top/thinkphp/lang/zh-cn.php
[ info ] [ BEHAVIOR ] Run app\common\behavior\Common @app_dispatch [ RunTime:0.000289s ]
[ info ] [ ROUTE ] array (
  'type' => 'method',
  'method' => 
  array (
    0 => '\\think\\addons\\Route',
    1 => 'execute',
  ),
  'var' => 
  array (
    'addon' => 'cms',
    'controller' => 'channel',
    'action' => 'index',
  ),
)
[ info ] [ HEADER ] array (
  'cookie' => 'PHPSESSID=avbqj78kiujtkac6i4hsgn8j2c',
  'accept-language' => 'zh-CN,zh;q=0.8',
  'connection' => 'keep-alive',
  'accept' => 'text/html,application/xhtml+xml,application/xml;q=0.9,image/webp,image/apng,*/*;q=0.8',
  'accept-encoding' => 'gzip, deflate',
  'user-agent' => 'Mozilla/5.0 (Windows NT 10.0; Win64; x64) AppleWebKit/537.36 (KHTML, like Gecko) Chrome/59.0.3071.115 Safari/537.36',
  'host' => 'yanshi.zhoujiangshou.top',
  'content-type' => '',
  'content-length' => '',
)
[ info ] [ PARAM ] array (
  'diyname' => 'explicit_not_exist_path',
)
[ info ] [ RUN ] think\addons\Route->execute[ /www/wwwroot/yanshi.zhoujiangshou.top/vendor/karsonzhang/fastadmin-addons/src/addons/Route.php ]
[ info ] [ LANG ] /www/wwwroot/yanshi.zhoujiangshou.top/public/../application/common/lang/zh-cn/addon.php
[ info ] [ BEHAVIOR ] Run app\common\behavior\Common @addon_begin [ RunTime:0.001903s ]
[ info ] [ LANG ] /www/wwwroot/yanshi.zhoujiangshou.top/addons/cms/lang/zh-cn.php
[ info ] [ DB ] INIT mysql
[ info ] [ VIEW ] /www/wwwroot/yanshi.zhoujiangshou.top/public/../application/common/view/tpl/dispatch_jump.tpl [ array (
  0 => 'config',
  1 => 'user',
  2 => 'site',
  3 => '__CHANNEL__',
  4 => 'code',
  5 => 'msg',
  6 => 'data',
  7 => 'url',
  8 => 'wait',
) ]
[ info ] [ BEHAVIOR ] Run \addons\cms\Cms @view_filter [ RunTime:0.000098s ]
[ info ] [ LOG ] INIT File
---------------------------------------------------------------
[ 2021-02-06T02:30:03+08:00 ] 47.103.91.130 GET yanshi.zhoujiangshou.top/admin/
[运行时间：0.061881s] [吞吐率：16.16req/s] [内存消耗：4,058.89kb] [文件加载：140]
[ info ] [ BEHAVIOR ] Run Closure @app_init [ RunTime:0.000043s ]
[ info ] [ CACHE ] INIT File
[ info ] [ BEHAVIOR ] Run \addons\cms\Cms @app_init [ RunTime:0.002917s ]
[ info ] [ BEHAVIOR ] Run Closure @app_init [ RunTime:0.002941s ]
[ info ] [ LANG ] /www/wwwroot/yanshi.zhoujiangshou.top/thinkphp/lang/zh-cn.php
[ info ] [ BEHAVIOR ] Run app\common\behavior\Common @app_dispatch [ RunTime:0.000318s ]
[ info ] [ ROUTE ] array (
  'type' => 'method',
  'method' => 
  array (
    0 => '\\think\\addons\\Route',
    1 => 'execute',
  ),
  'var' => 
  array (
    'addon' => 'cms',
    'controller' => 'channel',
    'action' => 'index',
  ),
)
[ info ] [ HEADER ] array (
  'cookie' => 'PHPSESSID=avbqj78kiujtkac6i4hsgn8j2c',
  'accept-language' => 'zh-CN,zh;q=0.8',
  'connection' => 'keep-alive',
  'accept' => 'text/html,application/xhtml+xml,application/xml;q=0.9,image/webp,image/apng,*/*;q=0.8',
  'accept-encoding' => 'gzip, deflate',
  'user-agent' => 'Mozilla/5.0 (Windows NT 10.0; Win64; x64) AppleWebKit/537.36 (KHTML, like Gecko) Chrome/59.0.3071.115 Safari/537.36',
  'host' => 'yanshi.zhoujiangshou.top',
  'content-type' => '',
  'content-length' => '',
)
[ info ] [ PARAM ] array (
  'diyname' => 'admin',
)
[ info ] [ RUN ] think\addons\Route->execute[ /www/wwwroot/yanshi.zhoujiangshou.top/vendor/karsonzhang/fastadmin-addons/src/addons/Route.php ]
[ info ] [ LANG ] /www/wwwroot/yanshi.zhoujiangshou.top/public/../application/common/lang/zh-cn/addon.php
[ info ] [ BEHAVIOR ] Run app\common\behavior\Common @addon_begin [ RunTime:0.002098s ]
[ info ] [ LANG ] /www/wwwroot/yanshi.zhoujiangshou.top/addons/cms/lang/zh-cn.php
[ info ] [ DB ] INIT mysql
[ info ] [ VIEW ] /www/wwwroot/yanshi.zhoujiangshou.top/public/../application/common/view/tpl/dispatch_jump.tpl [ array (
  0 => 'config',
  1 => 'user',
  2 => 'site',
  3 => '__CHANNEL__',
  4 => 'code',
  5 => 'msg',
  6 => 'data',
  7 => 'url',
  8 => 'wait',
) ]
[ info ] [ BEHAVIOR ] Run \addons\cms\Cms @view_filter [ RunTime:0.000100s ]
[ info ] [ LOG ] INIT File
---------------------------------------------------------------
[ 2021-02-06T02:30:03+08:00 ] 47.103.91.130 GET yanshi.zhoujiangshou.top/favicon.ico
[运行时间：0.034284s] [吞吐率：29.17req/s] [内存消耗：2,325.73kb] [文件加载：119]
[ info ] [ BEHAVIOR ] Run Closure @app_init [ RunTime:0.000020s ]
[ info ] [ CACHE ] INIT File
[ info ] [ BEHAVIOR ] Run \addons\cms\Cms @app_init [ RunTime:0.002811s ]
[ info ] [ BEHAVIOR ] Run Closure @app_init [ RunTime:0.002837s ]
[ info ] [ LANG ] /www/wwwroot/yanshi.zhoujiangshou.top/thinkphp/lang/zh-cn.php
[ info ] [ BEHAVIOR ] Run app\common\behavior\Common @app_dispatch [ RunTime:0.000287s ]
[ info ] [ ROUTE ] array (
  'type' => 'module',
  'module' => 
  array (
    0 => 'favicon.ico',
    1 => NULL,
    2 => NULL,
  ),
)
[ info ] [ HEADER ] array (
  'cookie' => 'PHPSESSID=avbqj78kiujtkac6i4hsgn8j2c',
  'accept-language' => 'zh-CN,zh;q=0.8',
  'connection' => 'keep-alive',
  'accept' => 'text/html,application/xhtml+xml,application/xml;q=0.9,image/webp,image/apng,*/*;q=0.8',
  'accept-encoding' => 'gzip, deflate',
  'user-agent' => 'Mozilla/5.0 (Windows NT 10.0; Win64; x64) AppleWebKit/537.36 (KHTML, like Gecko) Chrome/59.0.3071.115 Safari/537.36',
  'host' => 'yanshi.zhoujiangshou.top',
  'content-type' => '',
  'content-length' => '',
)
[ info ] [ PARAM ] array (
)
[ info ] [ LOG ] INIT File
---------------------------------------------------------------
[ 2021-02-06T02:30:03+08:00 ] 47.103.91.130 GET yanshi.zhoujiangshou.top/env
[运行时间：0.057544s] [吞吐率：17.38req/s] [内存消耗：4,058.84kb] [文件加载：140]
[ info ] [ BEHAVIOR ] Run Closure @app_init [ RunTime:0.000033s ]
[ info ] [ CACHE ] INIT File
[ info ] [ BEHAVIOR ] Run \addons\cms\Cms @app_init [ RunTime:0.003209s ]
[ info ] [ BEHAVIOR ] Run Closure @app_init [ RunTime:0.003238s ]
[ info ] [ LANG ] /www/wwwroot/yanshi.zhoujiangshou.top/thinkphp/lang/zh-cn.php
[ info ] [ BEHAVIOR ] Run app\common\behavior\Common @app_dispatch [ RunTime:0.000251s ]
[ info ] [ ROUTE ] array (
  'type' => 'method',
  'method' => 
  array (
    0 => '\\think\\addons\\Route',
    1 => 'execute',
  ),
  'var' => 
  array (
    'addon' => 'cms',
    'controller' => 'channel',
    'action' => 'index',
  ),
)
[ info ] [ HEADER ] array (
  'cookie' => 'PHPSESSID=avbqj78kiujtkac6i4hsgn8j2c',
  'accept-language' => 'zh-CN,zh;q=0.8',
  'connection' => 'keep-alive',
  'accept' => 'text/html,application/xhtml+xml,application/xml;q=0.9,image/webp,image/apng,*/*;q=0.8',
  'accept-encoding' => 'gzip, deflate',
  'user-agent' => 'Mozilla/5.0 (Windows NT 10.0; Win64; x64) AppleWebKit/537.36 (KHTML, like Gecko) Chrome/59.0.3071.115 Safari/537.36',
  'host' => 'yanshi.zhoujiangshou.top',
  'content-type' => '',
  'content-length' => '',
)
[ info ] [ PARAM ] array (
  'diyname' => 'env',
)
[ info ] [ RUN ] think\addons\Route->execute[ /www/wwwroot/yanshi.zhoujiangshou.top/vendor/karsonzhang/fastadmin-addons/src/addons/Route.php ]
[ info ] [ LANG ] /www/wwwroot/yanshi.zhoujiangshou.top/public/../application/common/lang/zh-cn/addon.php
[ info ] [ BEHAVIOR ] Run app\common\behavior\Common @addon_begin [ RunTime:0.001257s ]
[ info ] [ LANG ] /www/wwwroot/yanshi.zhoujiangshou.top/addons/cms/lang/zh-cn.php
[ info ] [ DB ] INIT mysql
[ info ] [ VIEW ] /www/wwwroot/yanshi.zhoujiangshou.top/public/../application/common/view/tpl/dispatch_jump.tpl [ array (
  0 => 'config',
  1 => 'user',
  2 => 'site',
  3 => '__CHANNEL__',
  4 => 'code',
  5 => 'msg',
  6 => 'data',
  7 => 'url',
  8 => 'wait',
) ]
[ info ] [ BEHAVIOR ] Run \addons\cms\Cms @view_filter [ RunTime:0.000073s ]
[ info ] [ LOG ] INIT File
---------------------------------------------------------------
[ 2021-02-06T02:30:04+08:00 ] 47.103.91.130 GET yanshi.zhoujiangshou.top/index.php/explicit_not_exist_path
[运行时间：0.060316s] [吞吐率：16.58req/s] [内存消耗：4,055.98kb] [文件加载：140]
[ info ] [ BEHAVIOR ] Run Closure @app_init [ RunTime:0.000019s ]
[ info ] [ CACHE ] INIT File
[ info ] [ BEHAVIOR ] Run \addons\cms\Cms @app_init [ RunTime:0.002912s ]
[ info ] [ BEHAVIOR ] Run Closure @app_init [ RunTime:0.002938s ]
[ info ] [ LANG ] /www/wwwroot/yanshi.zhoujiangshou.top/thinkphp/lang/zh-cn.php
[ info ] [ BEHAVIOR ] Run app\common\behavior\Common @app_dispatch [ RunTime:0.000259s ]
[ info ] [ ROUTE ] array (
  'type' => 'method',
  'method' => 
  array (
    0 => '\\think\\addons\\Route',
    1 => 'execute',
  ),
  'var' => 
  array (
    'addon' => 'cms',
    'controller' => 'channel',
    'action' => 'index',
  ),
)
[ info ] [ HEADER ] array (
  'cookie' => 'PHPSESSID=avbqj78kiujtkac6i4hsgn8j2c',
  'accept-language' => 'zh-CN,zh;q=0.8',
  'connection' => 'keep-alive',
  'accept' => 'text/html,application/xhtml+xml,application/xml;q=0.9,image/webp,image/apng,*/*;q=0.8',
  'accept-encoding' => 'gzip, deflate',
  'user-agent' => 'Mozilla/5.0 (Windows NT 10.0; Win64; x64) AppleWebKit/537.36 (KHTML, like Gecko) Chrome/59.0.3071.115 Safari/537.36',
  'host' => 'yanshi.zhoujiangshou.top',
  'content-type' => '',
  'content-length' => '',
)
[ info ] [ PARAM ] array (
  'diyname' => 'explicit_not_exist_path',
)
[ info ] [ RUN ] think\addons\Route->execute[ /www/wwwroot/yanshi.zhoujiangshou.top/vendor/karsonzhang/fastadmin-addons/src/addons/Route.php ]
[ info ] [ LANG ] /www/wwwroot/yanshi.zhoujiangshou.top/public/../application/common/lang/zh-cn/addon.php
[ info ] [ BEHAVIOR ] Run app\common\behavior\Common @addon_begin [ RunTime:0.001701s ]
[ info ] [ LANG ] /www/wwwroot/yanshi.zhoujiangshou.top/addons/cms/lang/zh-cn.php
[ info ] [ DB ] INIT mysql
[ info ] [ VIEW ] /www/wwwroot/yanshi.zhoujiangshou.top/public/../application/common/view/tpl/dispatch_jump.tpl [ array (
  0 => 'config',
  1 => 'user',
  2 => 'site',
  3 => '__CHANNEL__',
  4 => 'code',
  5 => 'msg',
  6 => 'data',
  7 => 'url',
  8 => 'wait',
) ]
[ info ] [ BEHAVIOR ] Run \addons\cms\Cms @view_filter [ RunTime:0.000071s ]
[ info ] [ LOG ] INIT File
---------------------------------------------------------------
[ 2021-02-06T02:30:04+08:00 ] 47.103.91.130 GET yanshi.zhoujiangshou.top/static/.gitignore
[运行时间：0.039415s] [吞吐率：25.37req/s] [内存消耗：2,325.87kb] [文件加载：119]
[ info ] [ BEHAVIOR ] Run Closure @app_init [ RunTime:0.000019s ]
[ info ] [ CACHE ] INIT File
[ info ] [ BEHAVIOR ] Run \addons\cms\Cms @app_init [ RunTime:0.002688s ]
[ info ] [ BEHAVIOR ] Run Closure @app_init [ RunTime:0.002725s ]
[ info ] [ LANG ] /www/wwwroot/yanshi.zhoujiangshou.top/thinkphp/lang/zh-cn.php
[ info ] [ BEHAVIOR ] Run app\common\behavior\Common @app_dispatch [ RunTime:0.000235s ]
[ info ] [ ROUTE ] array (
  'type' => 'module',
  'module' => 
  array (
    0 => 'static',
    1 => '.gitignore',
    2 => NULL,
  ),
)
[ info ] [ HEADER ] array (
  'cookie' => 'PHPSESSID=avbqj78kiujtkac6i4hsgn8j2c',
  'accept-language' => 'zh-CN,zh;q=0.8',
  'connection' => 'keep-alive',
  'accept' => 'text/html,application/xhtml+xml,application/xml;q=0.9,image/webp,image/apng,*/*;q=0.8',
  'accept-encoding' => 'gzip, deflate',
  'user-agent' => 'Mozilla/5.0 (Windows NT 10.0; Win64; x64) AppleWebKit/537.36 (KHTML, like Gecko) Chrome/59.0.3071.115 Safari/537.36',
  'host' => 'yanshi.zhoujiangshou.top',
  'content-type' => '',
  'content-length' => '',
)
[ info ] [ PARAM ] array (
)
[ info ] [ LOG ] INIT File
---------------------------------------------------------------
[ 2021-02-06T02:30:04+08:00 ] 47.103.91.130 GET yanshi.zhoujiangshou.top/4e5e5d7364f443e28fbf0d3ae744a59a
[运行时间：0.051885s] [吞吐率：19.27req/s] [内存消耗：4,059.08kb] [文件加载：140]
[ info ] [ BEHAVIOR ] Run Closure @app_init [ RunTime:0.000032s ]
[ info ] [ CACHE ] INIT File
[ info ] [ BEHAVIOR ] Run \addons\cms\Cms @app_init [ RunTime:0.002855s ]
[ info ] [ BEHAVIOR ] Run Closure @app_init [ RunTime:0.002886s ]
[ info ] [ LANG ] /www/wwwroot/yanshi.zhoujiangshou.top/thinkphp/lang/zh-cn.php
[ info ] [ BEHAVIOR ] Run app\common\behavior\Common @app_dispatch [ RunTime:0.000328s ]
[ info ] [ ROUTE ] array (
  'type' => 'method',
  'method' => 
  array (
    0 => '\\think\\addons\\Route',
    1 => 'execute',
  ),
  'var' => 
  array (
    'addon' => 'cms',
    'controller' => 'channel',
    'action' => 'index',
  ),
)
[ info ] [ HEADER ] array (
  'cookie' => 'PHPSESSID=avbqj78kiujtkac6i4hsgn8j2c',
  'accept-language' => 'zh-CN,zh;q=0.8',
  'connection' => 'keep-alive',
  'accept' => 'text/html,application/xhtml+xml,application/xml;q=0.9,image/webp,image/apng,*/*;q=0.8',
  'accept-encoding' => 'gzip, deflate',
  'user-agent' => 'Mozilla/5.0 (Windows NT 10.0; Win64; x64) AppleWebKit/537.36 (KHTML, like Gecko) Chrome/59.0.3071.115 Safari/537.36',
  'host' => 'yanshi.zhoujiangshou.top',
  'content-type' => '',
  'content-length' => '',
)
[ info ] [ PARAM ] array (
  'diyname' => '4e5e5d7364f443e28fbf0d3ae744a59a',
)
[ info ] [ RUN ] think\addons\Route->execute[ /www/wwwroot/yanshi.zhoujiangshou.top/vendor/karsonzhang/fastadmin-addons/src/addons/Route.php ]
[ info ] [ LANG ] /www/wwwroot/yanshi.zhoujiangshou.top/public/../application/common/lang/zh-cn/addon.php
[ info ] [ BEHAVIOR ] Run app\common\behavior\Common @addon_begin [ RunTime:0.001778s ]
[ info ] [ LANG ] /www/wwwroot/yanshi.zhoujiangshou.top/addons/cms/lang/zh-cn.php
[ info ] [ DB ] INIT mysql
[ info ] [ VIEW ] /www/wwwroot/yanshi.zhoujiangshou.top/public/../application/common/view/tpl/dispatch_jump.tpl [ array (
  0 => 'config',
  1 => 'user',
  2 => 'site',
  3 => '__CHANNEL__',
  4 => 'code',
  5 => 'msg',
  6 => 'data',
  7 => 'url',
  8 => 'wait',
) ]
[ info ] [ BEHAVIOR ] Run \addons\cms\Cms @view_filter [ RunTime:0.000074s ]
[ info ] [ LOG ] INIT File
---------------------------------------------------------------
[ 2021-02-06T02:30:04+08:00 ] 47.103.91.130 GET yanshi.zhoujiangshou.top/?c=4e5e5d7364f443e28fbf0d3ae744a59a
[运行时间：0.075291s] [吞吐率：13.28req/s] [内存消耗：4,178.62kb] [文件加载：143]
[ info ] [ BEHAVIOR ] Run Closure @app_init [ RunTime:0.000023s ]
[ info ] [ CACHE ] INIT File
[ info ] [ BEHAVIOR ] Run \addons\cms\Cms @app_init [ RunTime:0.002821s ]
[ info ] [ BEHAVIOR ] Run Closure @app_init [ RunTime:0.002849s ]
[ info ] [ LANG ] /www/wwwroot/yanshi.zhoujiangshou.top/thinkphp/lang/zh-cn.php
[ info ] [ BEHAVIOR ] Run app\common\behavior\Common @app_dispatch [ RunTime:0.000233s ]
[ info ] [ ROUTE ] array (
  'type' => 'method',
  'method' => 
  array (
    0 => '\\think\\addons\\Route',
    1 => 'execute',
  ),
  'var' => 
  array (
    'addon' => 'cms',
    'controller' => 'index',
    'action' => 'index',
  ),
)
[ info ] [ HEADER ] array (
  'cookie' => 'PHPSESSID=avbqj78kiujtkac6i4hsgn8j2c',
  'accept-language' => 'zh-CN,zh;q=0.8',
  'connection' => 'keep-alive',
  'accept' => 'text/html,application/xhtml+xml,application/xml;q=0.9,image/webp,image/apng,*/*;q=0.8',
  'accept-encoding' => 'gzip, deflate',
  'user-agent' => 'Mozilla/5.0 (Windows NT 10.0; Win64; x64) AppleWebKit/537.36 (KHTML, like Gecko) Chrome/59.0.3071.115 Safari/537.36',
  'host' => 'yanshi.zhoujiangshou.top',
  'content-type' => '',
  'content-length' => '',
)
[ info ] [ PARAM ] array (
  'c' => '4e5e5d7364f443e28fbf0d3ae744a59a',
)
[ info ] [ RUN ] think\addons\Route->execute[ /www/wwwroot/yanshi.zhoujiangshou.top/vendor/karsonzhang/fastadmin-addons/src/addons/Route.php ]
[ info ] [ LANG ] /www/wwwroot/yanshi.zhoujiangshou.top/public/../application/common/lang/zh-cn/addon.php
[ info ] [ BEHAVIOR ] Run app\common\behavior\Common @addon_begin [ RunTime:0.001525s ]
[ info ] [ LANG ] /www/wwwroot/yanshi.zhoujiangshou.top/addons/cms/lang/zh-cn.php
[ info ] [ VIEW ] /www/wwwroot/yanshi.zhoujiangshou.top/addons/cms/view/default/index.html [ array (
  0 => 'config',
  1 => 'user',
  2 => 'site',
  3 => '__CHANNEL__',
) ]
[ info ] [ DB ] INIT mysql
[ info ] [ SESSION ] INIT array (
  'id' => '',
  'var_session_id' => '',
  'prefix' => 'think',
  'type' => '',
  'auto_start' => true,
)
[ info ] [ BEHAVIOR ] Run \addons\cms\Cms @view_filter [ RunTime:0.000094s ]
[ info ] [ LOG ] INIT File
---------------------------------------------------------------
[ 2021-02-06T02:30:05+08:00 ] 47.103.91.130 GET yanshi.zhoujiangshou.top/images/ofbiz.ico
[运行时间：0.036078s] [吞吐率：27.72req/s] [内存消耗：2,325.87kb] [文件加载：119]
[ info ] [ BEHAVIOR ] Run Closure @app_init [ RunTime:0.000021s ]
[ info ] [ CACHE ] INIT File
[ info ] [ BEHAVIOR ] Run \addons\cms\Cms @app_init [ RunTime:0.002801s ]
[ info ] [ BEHAVIOR ] Run Closure @app_init [ RunTime:0.002833s ]
[ info ] [ LANG ] /www/wwwroot/yanshi.zhoujiangshou.top/thinkphp/lang/zh-cn.php
[ info ] [ BEHAVIOR ] Run app\common\behavior\Common @app_dispatch [ RunTime:0.000249s ]
[ info ] [ ROUTE ] array (
  'type' => 'module',
  'module' => 
  array (
    0 => 'images',
    1 => 'ofbiz.ico',
    2 => NULL,
  ),
)
[ info ] [ HEADER ] array (
  'cookie' => 'PHPSESSID=avbqj78kiujtkac6i4hsgn8j2c',
  'accept-language' => 'zh-CN,zh;q=0.8',
  'connection' => 'keep-alive',
  'accept' => 'text/html,application/xhtml+xml,application/xml;q=0.9,image/webp,image/apng,*/*;q=0.8',
  'accept-encoding' => 'gzip, deflate',
  'user-agent' => 'Mozilla/5.0 (Windows NT 10.0; Win64; x64) AppleWebKit/537.36 (KHTML, like Gecko) Chrome/59.0.3071.115 Safari/537.36',
  'host' => 'yanshi.zhoujiangshou.top',
  'content-type' => '',
  'content-length' => '',
)
[ info ] [ PARAM ] array (
)
[ info ] [ LOG ] INIT File
---------------------------------------------------------------
[ 2021-02-06T02:30:05+08:00 ] 47.103.91.130 GET yanshi.zhoujiangshou.top/phpMyAdmin/
[运行时间：0.056624s] [吞吐率：17.66req/s] [内存消耗：4,058.95kb] [文件加载：140]
[ info ] [ BEHAVIOR ] Run Closure @app_init [ RunTime:0.000029s ]
[ info ] [ CACHE ] INIT File
[ info ] [ BEHAVIOR ] Run \addons\cms\Cms @app_init [ RunTime:0.002666s ]
[ info ] [ BEHAVIOR ] Run Closure @app_init [ RunTime:0.002714s ]
[ info ] [ LANG ] /www/wwwroot/yanshi.zhoujiangshou.top/thinkphp/lang/zh-cn.php
[ info ] [ BEHAVIOR ] Run app\common\behavior\Common @app_dispatch [ RunTime:0.000297s ]
[ info ] [ ROUTE ] array (
  'type' => 'method',
  'method' => 
  array (
    0 => '\\think\\addons\\Route',
    1 => 'execute',
  ),
  'var' => 
  array (
    'addon' => 'cms',
    'controller' => 'channel',
    'action' => 'index',
  ),
)
[ info ] [ HEADER ] array (
  'cookie' => 'PHPSESSID=avbqj78kiujtkac6i4hsgn8j2c',
  'accept-language' => 'zh-CN,zh;q=0.8',
  'connection' => 'keep-alive',
  'accept' => 'text/html,application/xhtml+xml,application/xml;q=0.9,image/webp,image/apng,*/*;q=0.8',
  'accept-encoding' => 'gzip, deflate',
  'user-agent' => 'Mozilla/5.0 (Windows NT 10.0; Win64; x64) AppleWebKit/537.36 (KHTML, like Gecko) Chrome/59.0.3071.115 Safari/537.36',
  'host' => 'yanshi.zhoujiangshou.top',
  'content-type' => '',
  'content-length' => '',
)
[ info ] [ PARAM ] array (
  'diyname' => 'phpMyAdmin',
)
[ info ] [ RUN ] think\addons\Route->execute[ /www/wwwroot/yanshi.zhoujiangshou.top/vendor/karsonzhang/fastadmin-addons/src/addons/Route.php ]
[ info ] [ LANG ] /www/wwwroot/yanshi.zhoujiangshou.top/public/../application/common/lang/zh-cn/addon.php
[ info ] [ BEHAVIOR ] Run app\common\behavior\Common @addon_begin [ RunTime:0.001411s ]
[ info ] [ LANG ] /www/wwwroot/yanshi.zhoujiangshou.top/addons/cms/lang/zh-cn.php
[ info ] [ DB ] INIT mysql
[ info ] [ VIEW ] /www/wwwroot/yanshi.zhoujiangshou.top/public/../application/common/view/tpl/dispatch_jump.tpl [ array (
  0 => 'config',
  1 => 'user',
  2 => 'site',
  3 => '__CHANNEL__',
  4 => 'code',
  5 => 'msg',
  6 => 'data',
  7 => 'url',
  8 => 'wait',
) ]
[ info ] [ BEHAVIOR ] Run \addons\cms\Cms @view_filter [ RunTime:0.000073s ]
[ info ] [ LOG ] INIT File
---------------------------------------------------------------
[ 2021-02-06T02:30:05+08:00 ] 47.103.91.130 GET yanshi.zhoujiangshou.top/phpmyadmin/
[运行时间：0.056654s] [吞吐率：17.65req/s] [内存消耗：4,058.95kb] [文件加载：140]
[ info ] [ BEHAVIOR ] Run Closure @app_init [ RunTime:0.000031s ]
[ info ] [ CACHE ] INIT File
[ info ] [ BEHAVIOR ] Run \addons\cms\Cms @app_init [ RunTime:0.003380s ]
[ info ] [ BEHAVIOR ] Run Closure @app_init [ RunTime:0.003412s ]
[ info ] [ LANG ] /www/wwwroot/yanshi.zhoujiangshou.top/thinkphp/lang/zh-cn.php
[ info ] [ BEHAVIOR ] Run app\common\behavior\Common @app_dispatch [ RunTime:0.000233s ]
[ info ] [ ROUTE ] array (
  'type' => 'method',
  'method' => 
  array (
    0 => '\\think\\addons\\Route',
    1 => 'execute',
  ),
  'var' => 
  array (
    'addon' => 'cms',
    'controller' => 'channel',
    'action' => 'index',
  ),
)
[ info ] [ HEADER ] array (
  'cookie' => 'PHPSESSID=avbqj78kiujtkac6i4hsgn8j2c',
  'accept-language' => 'zh-CN,zh;q=0.8',
  'connection' => 'keep-alive',
  'accept' => 'text/html,application/xhtml+xml,application/xml;q=0.9,image/webp,image/apng,*/*;q=0.8',
  'accept-encoding' => 'gzip, deflate',
  'user-agent' => 'Mozilla/5.0 (Windows NT 10.0; Win64; x64) AppleWebKit/537.36 (KHTML, like Gecko) Chrome/59.0.3071.115 Safari/537.36',
  'host' => 'yanshi.zhoujiangshou.top',
  'content-type' => '',
  'content-length' => '',
)
[ info ] [ PARAM ] array (
  'diyname' => 'phpmyadmin',
)
[ info ] [ RUN ] think\addons\Route->execute[ /www/wwwroot/yanshi.zhoujiangshou.top/vendor/karsonzhang/fastadmin-addons/src/addons/Route.php ]
[ info ] [ LANG ] /www/wwwroot/yanshi.zhoujiangshou.top/public/../application/common/lang/zh-cn/addon.php
[ info ] [ BEHAVIOR ] Run app\common\behavior\Common @addon_begin [ RunTime:0.001769s ]
[ info ] [ LANG ] /www/wwwroot/yanshi.zhoujiangshou.top/addons/cms/lang/zh-cn.php
[ info ] [ DB ] INIT mysql
[ info ] [ VIEW ] /www/wwwroot/yanshi.zhoujiangshou.top/public/../application/common/view/tpl/dispatch_jump.tpl [ array (
  0 => 'config',
  1 => 'user',
  2 => 'site',
  3 => '__CHANNEL__',
  4 => 'code',
  5 => 'msg',
  6 => 'data',
  7 => 'url',
  8 => 'wait',
) ]
[ info ] [ BEHAVIOR ] Run \addons\cms\Cms @view_filter [ RunTime:0.000083s ]
[ info ] [ LOG ] INIT File
---------------------------------------------------------------
[ 2021-02-06T02:30:05+08:00 ] 47.103.91.130 GET yanshi.zhoujiangshou.top/wcm/
[运行时间：0.056866s] [吞吐率：17.59req/s] [内存消耗：4,058.88kb] [文件加载：140]
[ info ] [ BEHAVIOR ] Run Closure @app_init [ RunTime:0.000018s ]
[ info ] [ CACHE ] INIT File
[ info ] [ BEHAVIOR ] Run \addons\cms\Cms @app_init [ RunTime:0.002645s ]
[ info ] [ BEHAVIOR ] Run Closure @app_init [ RunTime:0.002681s ]
[ info ] [ LANG ] /www/wwwroot/yanshi.zhoujiangshou.top/thinkphp/lang/zh-cn.php
[ info ] [ BEHAVIOR ] Run app\common\behavior\Common @app_dispatch [ RunTime:0.000227s ]
[ info ] [ ROUTE ] array (
  'type' => 'method',
  'method' => 
  array (
    0 => '\\think\\addons\\Route',
    1 => 'execute',
  ),
  'var' => 
  array (
    'addon' => 'cms',
    'controller' => 'channel',
    'action' => 'index',
  ),
)
[ info ] [ HEADER ] array (
  'cookie' => 'PHPSESSID=avbqj78kiujtkac6i4hsgn8j2c',
  'accept-language' => 'zh-CN,zh;q=0.8',
  'connection' => 'keep-alive',
  'accept' => 'text/html,application/xhtml+xml,application/xml;q=0.9,image/webp,image/apng,*/*;q=0.8',
  'accept-encoding' => 'gzip, deflate',
  'user-agent' => 'Mozilla/5.0 (Windows NT 10.0; Win64; x64) AppleWebKit/537.36 (KHTML, like Gecko) Chrome/59.0.3071.115 Safari/537.36',
  'host' => 'yanshi.zhoujiangshou.top',
  'content-type' => '',
  'content-length' => '',
)
[ info ] [ PARAM ] array (
  'diyname' => 'wcm',
)
[ info ] [ RUN ] think\addons\Route->execute[ /www/wwwroot/yanshi.zhoujiangshou.top/vendor/karsonzhang/fastadmin-addons/src/addons/Route.php ]
[ info ] [ LANG ] /www/wwwroot/yanshi.zhoujiangshou.top/public/../application/common/lang/zh-cn/addon.php
[ info ] [ BEHAVIOR ] Run app\common\behavior\Common @addon_begin [ RunTime:0.001386s ]
[ info ] [ LANG ] /www/wwwroot/yanshi.zhoujiangshou.top/addons/cms/lang/zh-cn.php
[ info ] [ DB ] INIT mysql
[ info ] [ VIEW ] /www/wwwroot/yanshi.zhoujiangshou.top/public/../application/common/view/tpl/dispatch_jump.tpl [ array (
  0 => 'config',
  1 => 'user',
  2 => 'site',
  3 => '__CHANNEL__',
  4 => 'code',
  5 => 'msg',
  6 => 'data',
  7 => 'url',
  8 => 'wait',
) ]
[ info ] [ BEHAVIOR ] Run \addons\cms\Cms @view_filter [ RunTime:0.000102s ]
[ info ] [ LOG ] INIT File
---------------------------------------------------------------
[ 2021-02-06T02:52:09+08:00 ] 47.103.87.145 GET yanshi.zhoujiangshou.top/
[运行时间：0.059656s] [吞吐率：16.76req/s] [内存消耗：4,176.88kb] [文件加载：143]
[ info ] [ BEHAVIOR ] Run Closure @app_init [ RunTime:0.000028s ]
[ info ] [ CACHE ] INIT File
[ info ] [ BEHAVIOR ] Run \addons\cms\Cms @app_init [ RunTime:0.003052s ]
[ info ] [ BEHAVIOR ] Run Closure @app_init [ RunTime:0.003086s ]
[ info ] [ LANG ] /www/wwwroot/yanshi.zhoujiangshou.top/thinkphp/lang/zh-cn.php
[ info ] [ BEHAVIOR ] Run app\common\behavior\Common @app_dispatch [ RunTime:0.000271s ]
[ info ] [ ROUTE ] array (
  'type' => 'method',
  'method' => 
  array (
    0 => '\\think\\addons\\Route',
    1 => 'execute',
  ),
  'var' => 
  array (
    'addon' => 'cms',
    'controller' => 'index',
    'action' => 'index',
  ),
)
[ info ] [ HEADER ] array (
  'accept-language' => 'zh-CN,zh;q=0.8',
  'connection' => 'keep-alive',
  'accept' => 'text/html,application/xhtml+xml,application/xml;q=0.9,image/webp,image/apng,*/*;q=0.8',
  'accept-encoding' => 'gzip, deflate',
  'user-agent' => 'Mozilla/5.0 (Windows NT 10.0; Win64; x64) AppleWebKit/537.36 (KHTML, like Gecko) Chrome/59.0.3071.115 Safari/537.36',
  'host' => 'yanshi.zhoujiangshou.top',
  'content-type' => '',
  'content-length' => '',
)
[ info ] [ PARAM ] array (
)
[ info ] [ RUN ] think\addons\Route->execute[ /www/wwwroot/yanshi.zhoujiangshou.top/vendor/karsonzhang/fastadmin-addons/src/addons/Route.php ]
[ info ] [ LANG ] /www/wwwroot/yanshi.zhoujiangshou.top/public/../application/common/lang/zh-cn/addon.php
[ info ] [ BEHAVIOR ] Run app\common\behavior\Common @addon_begin [ RunTime:0.001428s ]
[ info ] [ LANG ] /www/wwwroot/yanshi.zhoujiangshou.top/addons/cms/lang/zh-cn.php
[ info ] [ VIEW ] /www/wwwroot/yanshi.zhoujiangshou.top/addons/cms/view/default/index.html [ array (
  0 => 'config',
  1 => 'user',
  2 => 'site',
  3 => '__CHANNEL__',
) ]
[ info ] [ DB ] INIT mysql
[ info ] [ SESSION ] INIT array (
  'id' => '',
  'var_session_id' => '',
  'prefix' => 'think',
  'type' => '',
  'auto_start' => true,
)
[ info ] [ BEHAVIOR ] Run \addons\cms\Cms @view_filter [ RunTime:0.000069s ]
[ info ] [ LOG ] INIT File
---------------------------------------------------------------
[ 2021-02-06T02:52:09+08:00 ] 47.103.87.145 GET yanshi.zhoujiangshou.top/explicit_not_exist_path
[运行时间：0.055086s] [吞吐率：18.15req/s] [内存消耗：4,059.00kb] [文件加载：140]
[ info ] [ BEHAVIOR ] Run Closure @app_init [ RunTime:0.000022s ]
[ info ] [ CACHE ] INIT File
[ info ] [ BEHAVIOR ] Run \addons\cms\Cms @app_init [ RunTime:0.002795s ]
[ info ] [ BEHAVIOR ] Run Closure @app_init [ RunTime:0.002836s ]
[ info ] [ LANG ] /www/wwwroot/yanshi.zhoujiangshou.top/thinkphp/lang/zh-cn.php
[ info ] [ BEHAVIOR ] Run app\common\behavior\Common @app_dispatch [ RunTime:0.000232s ]
[ info ] [ ROUTE ] array (
  'type' => 'method',
  'method' => 
  array (
    0 => '\\think\\addons\\Route',
    1 => 'execute',
  ),
  'var' => 
  array (
    'addon' => 'cms',
    'controller' => 'channel',
    'action' => 'index',
  ),
)
[ info ] [ HEADER ] array (
  'cookie' => 'PHPSESSID=at7aup7e4mpub0pt3qeeqj44r0',
  'accept-language' => 'zh-CN,zh;q=0.8',
  'connection' => 'keep-alive',
  'accept' => 'text/html,application/xhtml+xml,application/xml;q=0.9,image/webp,image/apng,*/*;q=0.8',
  'accept-encoding' => 'gzip, deflate',
  'user-agent' => 'Mozilla/5.0 (Windows NT 10.0; Win64; x64) AppleWebKit/537.36 (KHTML, like Gecko) Chrome/59.0.3071.115 Safari/537.36',
  'host' => 'yanshi.zhoujiangshou.top',
  'content-type' => '',
  'content-length' => '',
)
[ info ] [ PARAM ] array (
  'diyname' => 'explicit_not_exist_path',
)
[ info ] [ RUN ] think\addons\Route->execute[ /www/wwwroot/yanshi.zhoujiangshou.top/vendor/karsonzhang/fastadmin-addons/src/addons/Route.php ]
[ info ] [ LANG ] /www/wwwroot/yanshi.zhoujiangshou.top/public/../application/common/lang/zh-cn/addon.php
[ info ] [ BEHAVIOR ] Run app\common\behavior\Common @addon_begin [ RunTime:0.001351s ]
[ info ] [ LANG ] /www/wwwroot/yanshi.zhoujiangshou.top/addons/cms/lang/zh-cn.php
[ info ] [ DB ] INIT mysql
[ info ] [ VIEW ] /www/wwwroot/yanshi.zhoujiangshou.top/public/../application/common/view/tpl/dispatch_jump.tpl [ array (
  0 => 'config',
  1 => 'user',
  2 => 'site',
  3 => '__CHANNEL__',
  4 => 'code',
  5 => 'msg',
  6 => 'data',
  7 => 'url',
  8 => 'wait',
) ]
[ info ] [ BEHAVIOR ] Run \addons\cms\Cms @view_filter [ RunTime:0.000102s ]
[ info ] [ LOG ] INIT File
---------------------------------------------------------------
[ 2021-02-06T02:52:09+08:00 ] 47.103.87.145 GET yanshi.zhoujiangshou.top/admin/
[运行时间：0.053582s] [吞吐率：18.66req/s] [内存消耗：4,058.89kb] [文件加载：140]
[ info ] [ BEHAVIOR ] Run Closure @app_init [ RunTime:0.000025s ]
[ info ] [ CACHE ] INIT File
[ info ] [ BEHAVIOR ] Run \addons\cms\Cms @app_init [ RunTime:0.002615s ]
[ info ] [ BEHAVIOR ] Run Closure @app_init [ RunTime:0.002649s ]
[ info ] [ LANG ] /www/wwwroot/yanshi.zhoujiangshou.top/thinkphp/lang/zh-cn.php
[ info ] [ BEHAVIOR ] Run app\common\behavior\Common @app_dispatch [ RunTime:0.000233s ]
[ info ] [ ROUTE ] array (
  'type' => 'method',
  'method' => 
  array (
    0 => '\\think\\addons\\Route',
    1 => 'execute',
  ),
  'var' => 
  array (
    'addon' => 'cms',
    'controller' => 'channel',
    'action' => 'index',
  ),
)
[ info ] [ HEADER ] array (
  'cookie' => 'PHPSESSID=at7aup7e4mpub0pt3qeeqj44r0',
  'accept-language' => 'zh-CN,zh;q=0.8',
  'connection' => 'keep-alive',
  'accept' => 'text/html,application/xhtml+xml,application/xml;q=0.9,image/webp,image/apng,*/*;q=0.8',
  'accept-encoding' => 'gzip, deflate',
  'user-agent' => 'Mozilla/5.0 (Windows NT 10.0; Win64; x64) AppleWebKit/537.36 (KHTML, like Gecko) Chrome/59.0.3071.115 Safari/537.36',
  'host' => 'yanshi.zhoujiangshou.top',
  'content-type' => '',
  'content-length' => '',
)
[ info ] [ PARAM ] array (
  'diyname' => 'admin',
)
[ info ] [ RUN ] think\addons\Route->execute[ /www/wwwroot/yanshi.zhoujiangshou.top/vendor/karsonzhang/fastadmin-addons/src/addons/Route.php ]
[ info ] [ LANG ] /www/wwwroot/yanshi.zhoujiangshou.top/public/../application/common/lang/zh-cn/addon.php
[ info ] [ BEHAVIOR ] Run app\common\behavior\Common @addon_begin [ RunTime:0.001888s ]
[ info ] [ LANG ] /www/wwwroot/yanshi.zhoujiangshou.top/addons/cms/lang/zh-cn.php
[ info ] [ DB ] INIT mysql
[ info ] [ VIEW ] /www/wwwroot/yanshi.zhoujiangshou.top/public/../application/common/view/tpl/dispatch_jump.tpl [ array (
  0 => 'config',
  1 => 'user',
  2 => 'site',
  3 => '__CHANNEL__',
  4 => 'code',
  5 => 'msg',
  6 => 'data',
  7 => 'url',
  8 => 'wait',
) ]
[ info ] [ BEHAVIOR ] Run \addons\cms\Cms @view_filter [ RunTime:0.000090s ]
[ info ] [ LOG ] INIT File
---------------------------------------------------------------
[ 2021-02-06T02:52:10+08:00 ] 47.103.87.145 GET yanshi.zhoujiangshou.top/favicon.ico
[运行时间：0.029572s] [吞吐率：33.82req/s] [内存消耗：2,325.73kb] [文件加载：119]
[ info ] [ BEHAVIOR ] Run Closure @app_init [ RunTime:0.000019s ]
[ info ] [ CACHE ] INIT File
[ info ] [ BEHAVIOR ] Run \addons\cms\Cms @app_init [ RunTime:0.002954s ]
[ info ] [ BEHAVIOR ] Run Closure @app_init [ RunTime:0.002979s ]
[ info ] [ LANG ] /www/wwwroot/yanshi.zhoujiangshou.top/thinkphp/lang/zh-cn.php
[ info ] [ BEHAVIOR ] Run app\common\behavior\Common @app_dispatch [ RunTime:0.000245s ]
[ info ] [ ROUTE ] array (
  'type' => 'module',
  'module' => 
  array (
    0 => 'favicon.ico',
    1 => NULL,
    2 => NULL,
  ),
)
[ info ] [ HEADER ] array (
  'cookie' => 'PHPSESSID=at7aup7e4mpub0pt3qeeqj44r0',
  'accept-language' => 'zh-CN,zh;q=0.8',
  'connection' => 'keep-alive',
  'accept' => 'text/html,application/xhtml+xml,application/xml;q=0.9,image/webp,image/apng,*/*;q=0.8',
  'accept-encoding' => 'gzip, deflate',
  'user-agent' => 'Mozilla/5.0 (Windows NT 10.0; Win64; x64) AppleWebKit/537.36 (KHTML, like Gecko) Chrome/59.0.3071.115 Safari/537.36',
  'host' => 'yanshi.zhoujiangshou.top',
  'content-type' => '',
  'content-length' => '',
)
[ info ] [ PARAM ] array (
)
[ info ] [ LOG ] INIT File
---------------------------------------------------------------
[ 2021-02-06T02:52:10+08:00 ] 47.103.87.145 GET yanshi.zhoujiangshou.top/images/ofbiz.ico
[运行时间：0.032984s] [吞吐率：30.32req/s] [内存消耗：2,325.87kb] [文件加载：119]
[ info ] [ BEHAVIOR ] Run Closure @app_init [ RunTime:0.000022s ]
[ info ] [ CACHE ] INIT File
[ info ] [ BEHAVIOR ] Run \addons\cms\Cms @app_init [ RunTime:0.002614s ]
[ info ] [ BEHAVIOR ] Run Closure @app_init [ RunTime:0.002638s ]
[ info ] [ LANG ] /www/wwwroot/yanshi.zhoujiangshou.top/thinkphp/lang/zh-cn.php
[ info ] [ BEHAVIOR ] Run app\common\behavior\Common @app_dispatch [ RunTime:0.000237s ]
[ info ] [ ROUTE ] array (
  'type' => 'module',
  'module' => 
  array (
    0 => 'images',
    1 => 'ofbiz.ico',
    2 => NULL,
  ),
)
[ info ] [ HEADER ] array (
  'cookie' => 'PHPSESSID=at7aup7e4mpub0pt3qeeqj44r0',
  'accept-language' => 'zh-CN,zh;q=0.8',
  'connection' => 'keep-alive',
  'accept' => 'text/html,application/xhtml+xml,application/xml;q=0.9,image/webp,image/apng,*/*;q=0.8',
  'accept-encoding' => 'gzip, deflate',
  'user-agent' => 'Mozilla/5.0 (Windows NT 10.0; Win64; x64) AppleWebKit/537.36 (KHTML, like Gecko) Chrome/59.0.3071.115 Safari/537.36',
  'host' => 'yanshi.zhoujiangshou.top',
  'content-type' => '',
  'content-length' => '',
)
[ info ] [ PARAM ] array (
)
[ info ] [ LOG ] INIT File
---------------------------------------------------------------
[ 2021-02-06T02:52:11+08:00 ] 47.103.87.145 GET yanshi.zhoujiangshou.top/env
[运行时间：0.054059s] [吞吐率：18.50req/s] [内存消耗：4,058.84kb] [文件加载：140]
[ info ] [ BEHAVIOR ] Run Closure @app_init [ RunTime:0.000022s ]
[ info ] [ CACHE ] INIT File
[ info ] [ BEHAVIOR ] Run \addons\cms\Cms @app_init [ RunTime:0.002500s ]
[ info ] [ BEHAVIOR ] Run Closure @app_init [ RunTime:0.002534s ]
[ info ] [ LANG ] /www/wwwroot/yanshi.zhoujiangshou.top/thinkphp/lang/zh-cn.php
[ info ] [ BEHAVIOR ] Run app\common\behavior\Common @app_dispatch [ RunTime:0.000231s ]
[ info ] [ ROUTE ] array (
  'type' => 'method',
  'method' => 
  array (
    0 => '\\think\\addons\\Route',
    1 => 'execute',
  ),
  'var' => 
  array (
    'addon' => 'cms',
    'controller' => 'channel',
    'action' => 'index',
  ),
)
[ info ] [ HEADER ] array (
  'cookie' => 'PHPSESSID=at7aup7e4mpub0pt3qeeqj44r0',
  'accept-language' => 'zh-CN,zh;q=0.8',
  'connection' => 'keep-alive',
  'accept' => 'text/html,application/xhtml+xml,application/xml;q=0.9,image/webp,image/apng,*/*;q=0.8',
  'accept-encoding' => 'gzip, deflate',
  'user-agent' => 'Mozilla/5.0 (Windows NT 10.0; Win64; x64) AppleWebKit/537.36 (KHTML, like Gecko) Chrome/59.0.3071.115 Safari/537.36',
  'host' => 'yanshi.zhoujiangshou.top',
  'content-type' => '',
  'content-length' => '',
)
[ info ] [ PARAM ] array (
  'diyname' => 'env',
)
[ info ] [ RUN ] think\addons\Route->execute[ /www/wwwroot/yanshi.zhoujiangshou.top/vendor/karsonzhang/fastadmin-addons/src/addons/Route.php ]
[ info ] [ LANG ] /www/wwwroot/yanshi.zhoujiangshou.top/public/../application/common/lang/zh-cn/addon.php
[ info ] [ BEHAVIOR ] Run app\common\behavior\Common @addon_begin [ RunTime:0.001345s ]
[ info ] [ LANG ] /www/wwwroot/yanshi.zhoujiangshou.top/addons/cms/lang/zh-cn.php
[ info ] [ DB ] INIT mysql
[ info ] [ VIEW ] /www/wwwroot/yanshi.zhoujiangshou.top/public/../application/common/view/tpl/dispatch_jump.tpl [ array (
  0 => 'config',
  1 => 'user',
  2 => 'site',
  3 => '__CHANNEL__',
  4 => 'code',
  5 => 'msg',
  6 => 'data',
  7 => 'url',
  8 => 'wait',
) ]
[ info ] [ BEHAVIOR ] Run \addons\cms\Cms @view_filter [ RunTime:0.000113s ]
[ info ] [ LOG ] INIT File
---------------------------------------------------------------
[ 2021-02-06T02:52:12+08:00 ] 47.103.87.145 GET yanshi.zhoujiangshou.top/index.php/explicit_not_exist_path
[运行时间：0.064870s] [吞吐率：15.42req/s] [内存消耗：4,055.98kb] [文件加载：140]
[ info ] [ BEHAVIOR ] Run Closure @app_init [ RunTime:0.000019s ]
[ info ] [ CACHE ] INIT File
[ info ] [ BEHAVIOR ] Run \addons\cms\Cms @app_init [ RunTime:0.003285s ]
[ info ] [ BEHAVIOR ] Run Closure @app_init [ RunTime:0.003311s ]
[ info ] [ LANG ] /www/wwwroot/yanshi.zhoujiangshou.top/thinkphp/lang/zh-cn.php
[ info ] [ BEHAVIOR ] Run app\common\behavior\Common @app_dispatch [ RunTime:0.000234s ]
[ info ] [ ROUTE ] array (
  'type' => 'method',
  'method' => 
  array (
    0 => '\\think\\addons\\Route',
    1 => 'execute',
  ),
  'var' => 
  array (
    'addon' => 'cms',
    'controller' => 'channel',
    'action' => 'index',
  ),
)
[ info ] [ HEADER ] array (
  'cookie' => 'PHPSESSID=at7aup7e4mpub0pt3qeeqj44r0',
  'accept-language' => 'zh-CN,zh;q=0.8',
  'connection' => 'keep-alive',
  'accept' => 'text/html,application/xhtml+xml,application/xml;q=0.9,image/webp,image/apng,*/*;q=0.8',
  'accept-encoding' => 'gzip, deflate',
  'user-agent' => 'Mozilla/5.0 (Windows NT 10.0; Win64; x64) AppleWebKit/537.36 (KHTML, like Gecko) Chrome/59.0.3071.115 Safari/537.36',
  'host' => 'yanshi.zhoujiangshou.top',
  'content-type' => '',
  'content-length' => '',
)
[ info ] [ PARAM ] array (
  'diyname' => 'explicit_not_exist_path',
)
[ info ] [ RUN ] think\addons\Route->execute[ /www/wwwroot/yanshi.zhoujiangshou.top/vendor/karsonzhang/fastadmin-addons/src/addons/Route.php ]
[ info ] [ LANG ] /www/wwwroot/yanshi.zhoujiangshou.top/public/../application/common/lang/zh-cn/addon.php
[ info ] [ BEHAVIOR ] Run app\common\behavior\Common @addon_begin [ RunTime:0.001431s ]
[ info ] [ LANG ] /www/wwwroot/yanshi.zhoujiangshou.top/addons/cms/lang/zh-cn.php
[ info ] [ DB ] INIT mysql
[ info ] [ VIEW ] /www/wwwroot/yanshi.zhoujiangshou.top/public/../application/common/view/tpl/dispatch_jump.tpl [ array (
  0 => 'config',
  1 => 'user',
  2 => 'site',
  3 => '__CHANNEL__',
  4 => 'code',
  5 => 'msg',
  6 => 'data',
  7 => 'url',
  8 => 'wait',
) ]
[ info ] [ BEHAVIOR ] Run \addons\cms\Cms @view_filter [ RunTime:0.000063s ]
[ info ] [ LOG ] INIT File
---------------------------------------------------------------
[ 2021-02-06T02:52:12+08:00 ] 47.103.87.145 GET yanshi.zhoujiangshou.top/static/.gitignore
[运行时间：0.027934s] [吞吐率：35.80req/s] [内存消耗：2,325.87kb] [文件加载：119]
[ info ] [ BEHAVIOR ] Run Closure @app_init [ RunTime:0.000018s ]
[ info ] [ CACHE ] INIT File
[ info ] [ BEHAVIOR ] Run \addons\cms\Cms @app_init [ RunTime:0.002619s ]
[ info ] [ BEHAVIOR ] Run Closure @app_init [ RunTime:0.002642s ]
[ info ] [ LANG ] /www/wwwroot/yanshi.zhoujiangshou.top/thinkphp/lang/zh-cn.php
[ info ] [ BEHAVIOR ] Run app\common\behavior\Common @app_dispatch [ RunTime:0.000254s ]
[ info ] [ ROUTE ] array (
  'type' => 'module',
  'module' => 
  array (
    0 => 'static',
    1 => '.gitignore',
    2 => NULL,
  ),
)
[ info ] [ HEADER ] array (
  'cookie' => 'PHPSESSID=at7aup7e4mpub0pt3qeeqj44r0',
  'accept-language' => 'zh-CN,zh;q=0.8',
  'connection' => 'keep-alive',
  'accept' => 'text/html,application/xhtml+xml,application/xml;q=0.9,image/webp,image/apng,*/*;q=0.8',
  'accept-encoding' => 'gzip, deflate',
  'user-agent' => 'Mozilla/5.0 (Windows NT 10.0; Win64; x64) AppleWebKit/537.36 (KHTML, like Gecko) Chrome/59.0.3071.115 Safari/537.36',
  'host' => 'yanshi.zhoujiangshou.top',
  'content-type' => '',
  'content-length' => '',
)
[ info ] [ PARAM ] array (
)
[ info ] [ LOG ] INIT File
---------------------------------------------------------------
[ 2021-02-06T02:52:12+08:00 ] 47.103.87.145 GET yanshi.zhoujiangshou.top/4e5e5d7364f443e28fbf0d3ae744a59a
[运行时间：0.060272s] [吞吐率：16.59req/s] [内存消耗：4,059.08kb] [文件加载：140]
[ info ] [ BEHAVIOR ] Run Closure @app_init [ RunTime:0.000028s ]
[ info ] [ CACHE ] INIT File
[ info ] [ BEHAVIOR ] Run \addons\cms\Cms @app_init [ RunTime:0.002886s ]
[ info ] [ BEHAVIOR ] Run Closure @app_init [ RunTime:0.002920s ]
[ info ] [ LANG ] /www/wwwroot/yanshi.zhoujiangshou.top/thinkphp/lang/zh-cn.php
[ info ] [ BEHAVIOR ] Run app\common\behavior\Common @app_dispatch [ RunTime:0.000363s ]
[ info ] [ ROUTE ] array (
  'type' => 'method',
  'method' => 
  array (
    0 => '\\think\\addons\\Route',
    1 => 'execute',
  ),
  'var' => 
  array (
    'addon' => 'cms',
    'controller' => 'channel',
    'action' => 'index',
  ),
)
[ info ] [ HEADER ] array (
  'cookie' => 'PHPSESSID=at7aup7e4mpub0pt3qeeqj44r0',
  'accept-language' => 'zh-CN,zh;q=0.8',
  'connection' => 'keep-alive',
  'accept' => 'text/html,application/xhtml+xml,application/xml;q=0.9,image/webp,image/apng,*/*;q=0.8',
  'accept-encoding' => 'gzip, deflate',
  'user-agent' => 'Mozilla/5.0 (Windows NT 10.0; Win64; x64) AppleWebKit/537.36 (KHTML, like Gecko) Chrome/59.0.3071.115 Safari/537.36',
  'host' => 'yanshi.zhoujiangshou.top',
  'content-type' => '',
  'content-length' => '',
)
[ info ] [ PARAM ] array (
  'diyname' => '4e5e5d7364f443e28fbf0d3ae744a59a',
)
[ info ] [ RUN ] think\addons\Route->execute[ /www/wwwroot/yanshi.zhoujiangshou.top/vendor/karsonzhang/fastadmin-addons/src/addons/Route.php ]
[ info ] [ LANG ] /www/wwwroot/yanshi.zhoujiangshou.top/public/../application/common/lang/zh-cn/addon.php
[ info ] [ BEHAVIOR ] Run app\common\behavior\Common @addon_begin [ RunTime:0.001817s ]
[ info ] [ LANG ] /www/wwwroot/yanshi.zhoujiangshou.top/addons/cms/lang/zh-cn.php
[ info ] [ DB ] INIT mysql
[ info ] [ VIEW ] /www/wwwroot/yanshi.zhoujiangshou.top/public/../application/common/view/tpl/dispatch_jump.tpl [ array (
  0 => 'config',
  1 => 'user',
  2 => 'site',
  3 => '__CHANNEL__',
  4 => 'code',
  5 => 'msg',
  6 => 'data',
  7 => 'url',
  8 => 'wait',
) ]
[ info ] [ BEHAVIOR ] Run \addons\cms\Cms @view_filter [ RunTime:0.000104s ]
[ info ] [ LOG ] INIT File
---------------------------------------------------------------
[ 2021-02-06T02:52:12+08:00 ] 47.103.87.145 GET yanshi.zhoujiangshou.top/?c=4e5e5d7364f443e28fbf0d3ae744a59a
[运行时间：0.058792s] [吞吐率：17.01req/s] [内存消耗：4,178.62kb] [文件加载：143]
[ info ] [ BEHAVIOR ] Run Closure @app_init [ RunTime:0.000026s ]
[ info ] [ CACHE ] INIT File
[ info ] [ BEHAVIOR ] Run \addons\cms\Cms @app_init [ RunTime:0.002966s ]
[ info ] [ BEHAVIOR ] Run Closure @app_init [ RunTime:0.002995s ]
[ info ] [ LANG ] /www/wwwroot/yanshi.zhoujiangshou.top/thinkphp/lang/zh-cn.php
[ info ] [ BEHAVIOR ] Run app\common\behavior\Common @app_dispatch [ RunTime:0.000301s ]
[ info ] [ ROUTE ] array (
  'type' => 'method',
  'method' => 
  array (
    0 => '\\think\\addons\\Route',
    1 => 'execute',
  ),
  'var' => 
  array (
    'addon' => 'cms',
    'controller' => 'index',
    'action' => 'index',
  ),
)
[ info ] [ HEADER ] array (
  'cookie' => 'PHPSESSID=at7aup7e4mpub0pt3qeeqj44r0',
  'accept-language' => 'zh-CN,zh;q=0.8',
  'connection' => 'keep-alive',
  'accept' => 'text/html,application/xhtml+xml,application/xml;q=0.9,image/webp,image/apng,*/*;q=0.8',
  'accept-encoding' => 'gzip, deflate',
  'user-agent' => 'Mozilla/5.0 (Windows NT 10.0; Win64; x64) AppleWebKit/537.36 (KHTML, like Gecko) Chrome/59.0.3071.115 Safari/537.36',
  'host' => 'yanshi.zhoujiangshou.top',
  'content-type' => '',
  'content-length' => '',
)
[ info ] [ PARAM ] array (
  'c' => '4e5e5d7364f443e28fbf0d3ae744a59a',
)
[ info ] [ RUN ] think\addons\Route->execute[ /www/wwwroot/yanshi.zhoujiangshou.top/vendor/karsonzhang/fastadmin-addons/src/addons/Route.php ]
[ info ] [ LANG ] /www/wwwroot/yanshi.zhoujiangshou.top/public/../application/common/lang/zh-cn/addon.php
[ info ] [ BEHAVIOR ] Run app\common\behavior\Common @addon_begin [ RunTime:0.001264s ]
[ info ] [ LANG ] /www/wwwroot/yanshi.zhoujiangshou.top/addons/cms/lang/zh-cn.php
[ info ] [ VIEW ] /www/wwwroot/yanshi.zhoujiangshou.top/addons/cms/view/default/index.html [ array (
  0 => 'config',
  1 => 'user',
  2 => 'site',
  3 => '__CHANNEL__',
) ]
[ info ] [ DB ] INIT mysql
[ info ] [ SESSION ] INIT array (
  'id' => '',
  'var_session_id' => '',
  'prefix' => 'think',
  'type' => '',
  'auto_start' => true,
)
[ info ] [ BEHAVIOR ] Run \addons\cms\Cms @view_filter [ RunTime:0.000066s ]
[ info ] [ LOG ] INIT File
---------------------------------------------------------------
[ 2021-02-06T02:52:12+08:00 ] 47.103.87.145 GET yanshi.zhoujiangshou.top/phpMyAdmin/
[运行时间：0.049657s] [吞吐率：20.14req/s] [内存消耗：4,058.95kb] [文件加载：140]
[ info ] [ BEHAVIOR ] Run Closure @app_init [ RunTime:0.000019s ]
[ info ] [ CACHE ] INIT File
[ info ] [ BEHAVIOR ] Run \addons\cms\Cms @app_init [ RunTime:0.002739s ]
[ info ] [ BEHAVIOR ] Run Closure @app_init [ RunTime:0.002768s ]
[ info ] [ LANG ] /www/wwwroot/yanshi.zhoujiangshou.top/thinkphp/lang/zh-cn.php
[ info ] [ BEHAVIOR ] Run app\common\behavior\Common @app_dispatch [ RunTime:0.000227s ]
[ info ] [ ROUTE ] array (
  'type' => 'method',
  'method' => 
  array (
    0 => '\\think\\addons\\Route',
    1 => 'execute',
  ),
  'var' => 
  array (
    'addon' => 'cms',
    'controller' => 'channel',
    'action' => 'index',
  ),
)
[ info ] [ HEADER ] array (
  'cookie' => 'PHPSESSID=at7aup7e4mpub0pt3qeeqj44r0',
  'accept-language' => 'zh-CN,zh;q=0.8',
  'connection' => 'keep-alive',
  'accept' => 'text/html,application/xhtml+xml,application/xml;q=0.9,image/webp,image/apng,*/*;q=0.8',
  'accept-encoding' => 'gzip, deflate',
  'user-agent' => 'Mozilla/5.0 (Windows NT 10.0; Win64; x64) AppleWebKit/537.36 (KHTML, like Gecko) Chrome/59.0.3071.115 Safari/537.36',
  'host' => 'yanshi.zhoujiangshou.top',
  'content-type' => '',
  'content-length' => '',
)
[ info ] [ PARAM ] array (
  'diyname' => 'phpMyAdmin',
)
[ info ] [ RUN ] think\addons\Route->execute[ /www/wwwroot/yanshi.zhoujiangshou.top/vendor/karsonzhang/fastadmin-addons/src/addons/Route.php ]
[ info ] [ LANG ] /www/wwwroot/yanshi.zhoujiangshou.top/public/../application/common/lang/zh-cn/addon.php
[ info ] [ BEHAVIOR ] Run app\common\behavior\Common @addon_begin [ RunTime:0.001287s ]
[ info ] [ LANG ] /www/wwwroot/yanshi.zhoujiangshou.top/addons/cms/lang/zh-cn.php
[ info ] [ DB ] INIT mysql
[ info ] [ VIEW ] /www/wwwroot/yanshi.zhoujiangshou.top/public/../application/common/view/tpl/dispatch_jump.tpl [ array (
  0 => 'config',
  1 => 'user',
  2 => 'site',
  3 => '__CHANNEL__',
  4 => 'code',
  5 => 'msg',
  6 => 'data',
  7 => 'url',
  8 => 'wait',
) ]
[ info ] [ BEHAVIOR ] Run \addons\cms\Cms @view_filter [ RunTime:0.000084s ]
[ info ] [ LOG ] INIT File
---------------------------------------------------------------
[ 2021-02-06T02:52:13+08:00 ] 47.103.87.145 GET yanshi.zhoujiangshou.top/phpmyadmin/
[运行时间：0.046942s] [吞吐率：21.30req/s] [内存消耗：4,058.95kb] [文件加载：140]
[ info ] [ BEHAVIOR ] Run Closure @app_init [ RunTime:0.000018s ]
[ info ] [ CACHE ] INIT File
[ info ] [ BEHAVIOR ] Run \addons\cms\Cms @app_init [ RunTime:0.002548s ]
[ info ] [ BEHAVIOR ] Run Closure @app_init [ RunTime:0.002571s ]
[ info ] [ LANG ] /www/wwwroot/yanshi.zhoujiangshou.top/thinkphp/lang/zh-cn.php
[ info ] [ BEHAVIOR ] Run app\common\behavior\Common @app_dispatch [ RunTime:0.000254s ]
[ info ] [ ROUTE ] array (
  'type' => 'method',
  'method' => 
  array (
    0 => '\\think\\addons\\Route',
    1 => 'execute',
  ),
  'var' => 
  array (
    'addon' => 'cms',
    'controller' => 'channel',
    'action' => 'index',
  ),
)
[ info ] [ HEADER ] array (
  'cookie' => 'PHPSESSID=at7aup7e4mpub0pt3qeeqj44r0',
  'accept-language' => 'zh-CN,zh;q=0.8',
  'connection' => 'keep-alive',
  'accept' => 'text/html,application/xhtml+xml,application/xml;q=0.9,image/webp,image/apng,*/*;q=0.8',
  'accept-encoding' => 'gzip, deflate',
  'user-agent' => 'Mozilla/5.0 (Windows NT 10.0; Win64; x64) AppleWebKit/537.36 (KHTML, like Gecko) Chrome/59.0.3071.115 Safari/537.36',
  'host' => 'yanshi.zhoujiangshou.top',
  'content-type' => '',
  'content-length' => '',
)
[ info ] [ PARAM ] array (
  'diyname' => 'phpmyadmin',
)
[ info ] [ RUN ] think\addons\Route->execute[ /www/wwwroot/yanshi.zhoujiangshou.top/vendor/karsonzhang/fastadmin-addons/src/addons/Route.php ]
[ info ] [ LANG ] /www/wwwroot/yanshi.zhoujiangshou.top/public/../application/common/lang/zh-cn/addon.php
[ info ] [ BEHAVIOR ] Run app\common\behavior\Common @addon_begin [ RunTime:0.001821s ]
[ info ] [ LANG ] /www/wwwroot/yanshi.zhoujiangshou.top/addons/cms/lang/zh-cn.php
[ info ] [ DB ] INIT mysql
[ info ] [ VIEW ] /www/wwwroot/yanshi.zhoujiangshou.top/public/../application/common/view/tpl/dispatch_jump.tpl [ array (
  0 => 'config',
  1 => 'user',
  2 => 'site',
  3 => '__CHANNEL__',
  4 => 'code',
  5 => 'msg',
  6 => 'data',
  7 => 'url',
  8 => 'wait',
) ]
[ info ] [ BEHAVIOR ] Run \addons\cms\Cms @view_filter [ RunTime:0.000107s ]
[ info ] [ LOG ] INIT File
---------------------------------------------------------------
[ 2021-02-06T02:52:13+08:00 ] 47.103.87.145 GET yanshi.zhoujiangshou.top/wcm/
[运行时间：0.050840s] [吞吐率：19.67req/s] [内存消耗：4,058.88kb] [文件加载：140]
[ info ] [ BEHAVIOR ] Run Closure @app_init [ RunTime:0.000040s ]
[ info ] [ CACHE ] INIT File
[ info ] [ BEHAVIOR ] Run \addons\cms\Cms @app_init [ RunTime:0.002756s ]
[ info ] [ BEHAVIOR ] Run Closure @app_init [ RunTime:0.002793s ]
[ info ] [ LANG ] /www/wwwroot/yanshi.zhoujiangshou.top/thinkphp/lang/zh-cn.php
[ info ] [ BEHAVIOR ] Run app\common\behavior\Common @app_dispatch [ RunTime:0.000228s ]
[ info ] [ ROUTE ] array (
  'type' => 'method',
  'method' => 
  array (
    0 => '\\think\\addons\\Route',
    1 => 'execute',
  ),
  'var' => 
  array (
    'addon' => 'cms',
    'controller' => 'channel',
    'action' => 'index',
  ),
)
[ info ] [ HEADER ] array (
  'cookie' => 'PHPSESSID=at7aup7e4mpub0pt3qeeqj44r0',
  'accept-language' => 'zh-CN,zh;q=0.8',
  'connection' => 'keep-alive',
  'accept' => 'text/html,application/xhtml+xml,application/xml;q=0.9,image/webp,image/apng,*/*;q=0.8',
  'accept-encoding' => 'gzip, deflate',
  'user-agent' => 'Mozilla/5.0 (Windows NT 10.0; Win64; x64) AppleWebKit/537.36 (KHTML, like Gecko) Chrome/59.0.3071.115 Safari/537.36',
  'host' => 'yanshi.zhoujiangshou.top',
  'content-type' => '',
  'content-length' => '',
)
[ info ] [ PARAM ] array (
  'diyname' => 'wcm',
)
[ info ] [ RUN ] think\addons\Route->execute[ /www/wwwroot/yanshi.zhoujiangshou.top/vendor/karsonzhang/fastadmin-addons/src/addons/Route.php ]
[ info ] [ LANG ] /www/wwwroot/yanshi.zhoujiangshou.top/public/../application/common/lang/zh-cn/addon.php
[ info ] [ BEHAVIOR ] Run app\common\behavior\Common @addon_begin [ RunTime:0.001264s ]
[ info ] [ LANG ] /www/wwwroot/yanshi.zhoujiangshou.top/addons/cms/lang/zh-cn.php
[ info ] [ DB ] INIT mysql
[ info ] [ VIEW ] /www/wwwroot/yanshi.zhoujiangshou.top/public/../application/common/view/tpl/dispatch_jump.tpl [ array (
  0 => 'config',
  1 => 'user',
  2 => 'site',
  3 => '__CHANNEL__',
  4 => 'code',
  5 => 'msg',
  6 => 'data',
  7 => 'url',
  8 => 'wait',
) ]
[ info ] [ BEHAVIOR ] Run \addons\cms\Cms @view_filter [ RunTime:0.000078s ]
[ info ] [ LOG ] INIT File
---------------------------------------------------------------
[ 2021-02-06T11:14:56+08:00 ] 62.4.14.206 GET yanshi.zhoujiangshou.top/
[运行时间：0.406267s] [吞吐率：2.46req/s] [内存消耗：4,126.48kb] [文件加载：140]
[ info ] [ BEHAVIOR ] Run Closure @app_init [ RunTime:0.000040s ]
[ info ] [ CACHE ] INIT File
[ info ] [ BEHAVIOR ] Run \addons\cms\Cms @app_init [ RunTime:0.012964s ]
[ info ] [ BEHAVIOR ] Run Closure @app_init [ RunTime:0.013016s ]
[ info ] [ BEHAVIOR ] Run app\common\behavior\Common @app_dispatch [ RunTime:0.003141s ]
[ info ] [ ROUTE ] array (
  'type' => 'method',
  'method' => 
  array (
    0 => '\\think\\addons\\Route',
    1 => 'execute',
  ),
  'var' => 
  array (
    'addon' => 'cms',
    'controller' => 'index',
    'action' => 'index',
  ),
)
[ info ] [ HEADER ] array (
  'accept-language' => 'en-US,en;q=0.5',
  'accept' => 'text/html,application/xhtml+xml,application/xml;q=0.9,*/*;q=0.8',
  'user-agent' => 'Mozilla/5.0 (X11; Ubuntu; Linux x86_64; rv:58.0) Gecko/20100101 Firefox/58.0',
  'connection' => 'close',
  'host' => 'yanshi.zhoujiangshou.top',
  'content-type' => '',
  'content-length' => '',
)
[ info ] [ PARAM ] array (
)
[ info ] [ RUN ] think\addons\Route->execute[ /www/wwwroot/yanshi.zhoujiangshou.top/vendor/karsonzhang/fastadmin-addons/src/addons/Route.php ]
[ info ] [ BEHAVIOR ] Run app\common\behavior\Common @addon_begin [ RunTime:0.003373s ]
[ info ] [ VIEW ] /www/wwwroot/yanshi.zhoujiangshou.top/addons/cms/view/default/index.html [ array (
  0 => 'config',
  1 => 'user',
  2 => 'site',
  3 => '__CHANNEL__',
) ]
[ info ] [ DB ] INIT mysql
[ info ] [ SESSION ] INIT array (
  'id' => '',
  'var_session_id' => '',
  'prefix' => 'think',
  'type' => '',
  'auto_start' => true,
)
[ info ] [ BEHAVIOR ] Run \addons\cms\Cms @view_filter [ RunTime:0.000074s ]
[ info ] [ LOG ] INIT File
---------------------------------------------------------------
[ 2021-02-06T13:51:34+08:00 ] 47.103.17.98 GET yanshi.zhoujiangshou.top/
[运行时间：0.386896s] [吞吐率：2.58req/s] [内存消耗：4,174.07kb] [文件加载：143]
[ info ] [ BEHAVIOR ] Run Closure @app_init [ RunTime:0.000056s ]
[ info ] [ CACHE ] INIT File
[ info ] [ BEHAVIOR ] Run \addons\cms\Cms @app_init [ RunTime:0.012997s ]
[ info ] [ BEHAVIOR ] Run Closure @app_init [ RunTime:0.013077s ]
[ info ] [ LANG ] /www/wwwroot/yanshi.zhoujiangshou.top/thinkphp/lang/zh-cn.php
[ info ] [ BEHAVIOR ] Run app\common\behavior\Common @app_dispatch [ RunTime:0.005032s ]
[ info ] [ ROUTE ] array (
  'type' => 'method',
  'method' => 
  array (
    0 => '\\think\\addons\\Route',
    1 => 'execute',
  ),
  'var' => 
  array (
    'addon' => 'cms',
    'controller' => 'index',
    'action' => 'index',
  ),
)
[ info ] [ HEADER ] array (
  'accept-encoding' => 'gzip',
  'connection' => 'Keep-Alive',
  'host' => 'yanshi.zhoujiangshou.top',
  'user-agent' => 'Mozilla/5.0 (X11; Ubuntu; Linux x86_64; rv:36.0) Gecko/20100101 Firefox/36.0',
  'content-type' => '',
  'content-length' => '',
)
[ info ] [ PARAM ] array (
)
[ info ] [ RUN ] think\addons\Route->execute[ /www/wwwroot/yanshi.zhoujiangshou.top/vendor/karsonzhang/fastadmin-addons/src/addons/Route.php ]
[ info ] [ LANG ] /www/wwwroot/yanshi.zhoujiangshou.top/public/../application/common/lang/zh-cn/addon.php
[ info ] [ BEHAVIOR ] Run app\common\behavior\Common @addon_begin [ RunTime:0.007300s ]
[ info ] [ LANG ] /www/wwwroot/yanshi.zhoujiangshou.top/addons/cms/lang/zh-cn.php
[ info ] [ VIEW ] /www/wwwroot/yanshi.zhoujiangshou.top/addons/cms/view/default/index.html [ array (
  0 => 'config',
  1 => 'user',
  2 => 'site',
  3 => '__CHANNEL__',
) ]
[ info ] [ DB ] INIT mysql
[ info ] [ SESSION ] INIT array (
  'id' => '',
  'var_session_id' => '',
  'prefix' => 'think',
  'type' => '',
  'auto_start' => true,
)
[ info ] [ BEHAVIOR ] Run \addons\cms\Cms @view_filter [ RunTime:0.000093s ]
[ info ] [ LOG ] INIT File
