---------------------------------------------------------------
[ 2021-02-12T14:33:43+08:00 ] 101.133.145.249 GET yanshi.zhoujiangshou.top/
[运行时间：0.387715s] [吞吐率：2.58req/s] [内存消耗：4,174.07kb] [文件加载：143]
[ info ] [ BEHAVIOR ] Run Closure @app_init [ RunTime:0.000035s ]
[ info ] [ CACHE ] INIT File
[ info ] [ BEHAVIOR ] Run \addons\cms\Cms @app_init [ RunTime:0.010663s ]
[ info ] [ BEHAVIOR ] Run Closure @app_init [ RunTime:0.010774s ]
[ info ] [ LANG ] /www/wwwroot/yanshi.zhoujiangshou.top/thinkphp/lang/zh-cn.php
[ info ] [ BEHAVIOR ] Run app\common\behavior\Common @app_dispatch [ RunTime:0.003012s ]
[ info ] [ ROUTE ] array (
  'type' => 'method',
  'method' => 
  array (
    0 => '\\think\\addons\\Route',
    1 => 'execute',
  ),
  'var' => 
  array (
    'addon' => 'cms',
    'controller' => 'index',
    'action' => 'index',
  ),
)
[ info ] [ HEADER ] array (
  'accept-encoding' => 'gzip',
  'connection' => 'Keep-Alive',
  'host' => 'yanshi.zhoujiangshou.top',
  'user-agent' => 'Mozilla/5.0 (X11; Ubuntu; Linux x86_64; rv:36.0) Gecko/20100101 Firefox/36.0',
  'content-type' => '',
  'content-length' => '',
)
[ info ] [ PARAM ] array (
)
[ info ] [ RUN ] think\addons\Route->execute[ /www/wwwroot/yanshi.zhoujiangshou.top/vendor/karsonzhang/fastadmin-addons/src/addons/Route.php ]
[ info ] [ LANG ] /www/wwwroot/yanshi.zhoujiangshou.top/public/../application/common/lang/zh-cn/addon.php
[ info ] [ BEHAVIOR ] Run app\common\behavior\Common @addon_begin [ RunTime:0.005999s ]
[ info ] [ LANG ] /www/wwwroot/yanshi.zhoujiangshou.top/addons/cms/lang/zh-cn.php
[ info ] [ VIEW ] /www/wwwroot/yanshi.zhoujiangshou.top/addons/cms/view/default/index.html [ array (
  0 => 'config',
  1 => 'user',
  2 => 'site',
  3 => '__CHANNEL__',
) ]
[ info ] [ DB ] INIT mysql
[ info ] [ SESSION ] INIT array (
  'id' => '',
  'var_session_id' => '',
  'prefix' => 'think',
  'type' => '',
  'auto_start' => true,
)
[ info ] [ BEHAVIOR ] Run \addons\cms\Cms @view_filter [ RunTime:0.000090s ]
[ info ] [ LOG ] INIT File
