---------------------------------------------------------------
[ 2021-02-18T04:05:07+08:00 ] 47.101.199.1 GET yanshi.zhoujiangshou.top/
[运行时间：0.398220s] [吞吐率：2.51req/s] [内存消耗：4,174.07kb] [文件加载：143]
[ info ] [ BEHAVIOR ] Run Closure @app_init [ RunTime:0.000035s ]
[ info ] [ CACHE ] INIT File
[ info ] [ BEHAVIOR ] Run \addons\cms\Cms @app_init [ RunTime:0.011024s ]
[ info ] [ BEHAVIOR ] Run Closure @app_init [ RunTime:0.011078s ]
[ info ] [ LANG ] /www/wwwroot/yanshi.zhoujiangshou.top/thinkphp/lang/zh-cn.php
[ info ] [ BEHAVIOR ] Run app\common\behavior\Common @app_dispatch [ RunTime:0.003676s ]
[ info ] [ ROUTE ] array (
  'type' => 'method',
  'method' => 
  array (
    0 => '\\think\\addons\\Route',
    1 => 'execute',
  ),
  'var' => 
  array (
    'addon' => 'cms',
    'controller' => 'index',
    'action' => 'index',
  ),
)
[ info ] [ HEADER ] array (
  'accept-encoding' => 'gzip',
  'connection' => 'Keep-Alive',
  'host' => 'yanshi.zhoujiangshou.top',
  'user-agent' => 'Mozilla/5.0 (X11; Ubuntu; Linux x86_64; rv:36.0) Gecko/20100101 Firefox/36.0',
  'content-type' => '',
  'content-length' => '',
)
[ info ] [ PARAM ] array (
)
[ info ] [ RUN ] think\addons\Route->execute[ /www/wwwroot/yanshi.zhoujiangshou.top/vendor/karsonzhang/fastadmin-addons/src/addons/Route.php ]
[ info ] [ LANG ] /www/wwwroot/yanshi.zhoujiangshou.top/public/../application/common/lang/zh-cn/addon.php
[ info ] [ BEHAVIOR ] Run app\common\behavior\Common @addon_begin [ RunTime:0.005990s ]
[ info ] [ LANG ] /www/wwwroot/yanshi.zhoujiangshou.top/addons/cms/lang/zh-cn.php
[ info ] [ VIEW ] /www/wwwroot/yanshi.zhoujiangshou.top/addons/cms/view/default/index.html [ array (
  0 => 'config',
  1 => 'user',
  2 => 'site',
  3 => '__CHANNEL__',
) ]
[ info ] [ DB ] INIT mysql
[ info ] [ SESSION ] INIT array (
  'id' => '',
  'var_session_id' => '',
  'prefix' => 'think',
  'type' => '',
  'auto_start' => true,
)
[ info ] [ BEHAVIOR ] Run \addons\cms\Cms @view_filter [ RunTime:0.000082s ]
[ info ] [ LOG ] INIT File
---------------------------------------------------------------
[ 2021-02-18T06:29:38+08:00 ] 139.224.12.188 GET yanshi.zhoujiangshou.top/
[运行时间：0.323214s] [吞吐率：3.09req/s] [内存消耗：4,174.07kb] [文件加载：143]
[ info ] [ BEHAVIOR ] Run Closure @app_init [ RunTime:0.000027s ]
[ info ] [ CACHE ] INIT File
[ info ] [ BEHAVIOR ] Run \addons\cms\Cms @app_init [ RunTime:0.010153s ]
[ info ] [ BEHAVIOR ] Run Closure @app_init [ RunTime:0.010187s ]
[ info ] [ LANG ] /www/wwwroot/yanshi.zhoujiangshou.top/thinkphp/lang/zh-cn.php
[ info ] [ BEHAVIOR ] Run app\common\behavior\Common @app_dispatch [ RunTime:0.001557s ]
[ info ] [ ROUTE ] array (
  'type' => 'method',
  'method' => 
  array (
    0 => '\\think\\addons\\Route',
    1 => 'execute',
  ),
  'var' => 
  array (
    'addon' => 'cms',
    'controller' => 'index',
    'action' => 'index',
  ),
)
[ info ] [ HEADER ] array (
  'accept-encoding' => 'gzip',
  'connection' => 'Keep-Alive',
  'host' => 'yanshi.zhoujiangshou.top',
  'user-agent' => 'Mozilla/5.0 (X11; Ubuntu; Linux x86_64; rv:36.0) Gecko/20100101 Firefox/36.0',
  'content-type' => '',
  'content-length' => '',
)
[ info ] [ PARAM ] array (
)
[ info ] [ RUN ] think\addons\Route->execute[ /www/wwwroot/yanshi.zhoujiangshou.top/vendor/karsonzhang/fastadmin-addons/src/addons/Route.php ]
[ info ] [ LANG ] /www/wwwroot/yanshi.zhoujiangshou.top/public/../application/common/lang/zh-cn/addon.php
[ info ] [ BEHAVIOR ] Run app\common\behavior\Common @addon_begin [ RunTime:0.004235s ]
[ info ] [ LANG ] /www/wwwroot/yanshi.zhoujiangshou.top/addons/cms/lang/zh-cn.php
[ info ] [ VIEW ] /www/wwwroot/yanshi.zhoujiangshou.top/addons/cms/view/default/index.html [ array (
  0 => 'config',
  1 => 'user',
  2 => 'site',
  3 => '__CHANNEL__',
) ]
[ info ] [ DB ] INIT mysql
[ info ] [ SESSION ] INIT array (
  'id' => '',
  'var_session_id' => '',
  'prefix' => 'think',
  'type' => '',
  'auto_start' => true,
)
[ info ] [ BEHAVIOR ] Run \addons\cms\Cms @view_filter [ RunTime:0.000075s ]
[ info ] [ LOG ] INIT File
---------------------------------------------------------------
[ 2021-02-18T09:33:09+08:00 ] 47.102.137.41 GET yanshi.zhoujiangshou.top/
[运行时间：0.420601s] [吞吐率：2.38req/s] [内存消耗：4,174.04kb] [文件加载：143]
[ info ] [ BEHAVIOR ] Run Closure @app_init [ RunTime:0.000029s ]
[ info ] [ CACHE ] INIT File
[ info ] [ BEHAVIOR ] Run \addons\cms\Cms @app_init [ RunTime:0.011524s ]
[ info ] [ BEHAVIOR ] Run Closure @app_init [ RunTime:0.011557s ]
[ info ] [ LANG ] /www/wwwroot/yanshi.zhoujiangshou.top/thinkphp/lang/zh-cn.php
[ info ] [ BEHAVIOR ] Run app\common\behavior\Common @app_dispatch [ RunTime:0.004669s ]
[ info ] [ ROUTE ] array (
  'type' => 'method',
  'method' => 
  array (
    0 => '\\think\\addons\\Route',
    1 => 'execute',
  ),
  'var' => 
  array (
    'addon' => 'cms',
    'controller' => 'index',
    'action' => 'index',
  ),
)
[ info ] [ HEADER ] array (
  'accept-encoding' => 'gzip',
  'connection' => 'Keep-Alive',
  'host' => 'yanshi.zhoujiangshou.top',
  'user-agent' => 'Mozilla/5.0 (Linux; Android 4.1.1; Nexus 7 Build/JRO03D)',
  'content-type' => '',
  'content-length' => '',
)
[ info ] [ PARAM ] array (
)
[ info ] [ RUN ] think\addons\Route->execute[ /www/wwwroot/yanshi.zhoujiangshou.top/vendor/karsonzhang/fastadmin-addons/src/addons/Route.php ]
[ info ] [ LANG ] /www/wwwroot/yanshi.zhoujiangshou.top/public/../application/common/lang/zh-cn/addon.php
[ info ] [ BEHAVIOR ] Run app\common\behavior\Common @addon_begin [ RunTime:0.007566s ]
[ info ] [ LANG ] /www/wwwroot/yanshi.zhoujiangshou.top/addons/cms/lang/zh-cn.php
[ info ] [ VIEW ] /www/wwwroot/yanshi.zhoujiangshou.top/addons/cms/view/default/index.html [ array (
  0 => 'config',
  1 => 'user',
  2 => 'site',
  3 => '__CHANNEL__',
) ]
[ info ] [ DB ] INIT mysql
[ info ] [ SESSION ] INIT array (
  'id' => '',
  'var_session_id' => '',
  'prefix' => 'think',
  'type' => '',
  'auto_start' => true,
)
[ info ] [ BEHAVIOR ] Run \addons\cms\Cms @view_filter [ RunTime:0.000097s ]
[ info ] [ LOG ] INIT File
---------------------------------------------------------------
[ 2021-02-18T09:33:13+08:00 ] 47.102.137.41 GET yanshi.zhoujiangshou.top/
[运行时间：0.237027s] [吞吐率：4.22req/s] [内存消耗：4,174.04kb] [文件加载：143]
[ info ] [ BEHAVIOR ] Run Closure @app_init [ RunTime:0.000031s ]
[ info ] [ CACHE ] INIT File
[ info ] [ BEHAVIOR ] Run \addons\cms\Cms @app_init [ RunTime:0.002560s ]
[ info ] [ BEHAVIOR ] Run Closure @app_init [ RunTime:0.002588s ]
[ info ] [ LANG ] /www/wwwroot/yanshi.zhoujiangshou.top/thinkphp/lang/zh-cn.php
[ info ] [ BEHAVIOR ] Run app\common\behavior\Common @app_dispatch [ RunTime:0.000294s ]
[ info ] [ ROUTE ] array (
  'type' => 'method',
  'method' => 
  array (
    0 => '\\think\\addons\\Route',
    1 => 'execute',
  ),
  'var' => 
  array (
    'addon' => 'cms',
    'controller' => 'index',
    'action' => 'index',
  ),
)
[ info ] [ HEADER ] array (
  'accept-encoding' => 'gzip',
  'connection' => 'Keep-Alive',
  'host' => 'yanshi.zhoujiangshou.top',
  'user-agent' => 'Mozilla/5.0 (Linux; Android 4.1.1; Nexus 7 Build/JRO03D)',
  'content-type' => '',
  'content-length' => '',
)
[ info ] [ PARAM ] array (
)
[ info ] [ RUN ] think\addons\Route->execute[ /www/wwwroot/yanshi.zhoujiangshou.top/vendor/karsonzhang/fastadmin-addons/src/addons/Route.php ]
[ info ] [ LANG ] /www/wwwroot/yanshi.zhoujiangshou.top/public/../application/common/lang/zh-cn/addon.php
[ info ] [ BEHAVIOR ] Run app\common\behavior\Common @addon_begin [ RunTime:0.001461s ]
[ info ] [ LANG ] /www/wwwroot/yanshi.zhoujiangshou.top/addons/cms/lang/zh-cn.php
[ info ] [ VIEW ] /www/wwwroot/yanshi.zhoujiangshou.top/addons/cms/view/default/index.html [ array (
  0 => 'config',
  1 => 'user',
  2 => 'site',
  3 => '__CHANNEL__',
) ]
[ info ] [ DB ] INIT mysql
[ info ] [ SESSION ] INIT array (
  'id' => '',
  'var_session_id' => '',
  'prefix' => 'think',
  'type' => '',
  'auto_start' => true,
)
[ info ] [ BEHAVIOR ] Run \addons\cms\Cms @view_filter [ RunTime:0.000082s ]
[ info ] [ LOG ] INIT File
---------------------------------------------------------------
[ 2021-02-18T09:33:13+08:00 ] 47.102.137.41 GET yanshi.zhoujiangshou.top/
[运行时间：0.261379s] [吞吐率：3.83req/s] [内存消耗：4,174.04kb] [文件加载：143]
[ info ] [ BEHAVIOR ] Run Closure @app_init [ RunTime:0.000022s ]
[ info ] [ CACHE ] INIT File
[ info ] [ BEHAVIOR ] Run \addons\cms\Cms @app_init [ RunTime:0.002923s ]
[ info ] [ BEHAVIOR ] Run Closure @app_init [ RunTime:0.002953s ]
[ info ] [ LANG ] /www/wwwroot/yanshi.zhoujiangshou.top/thinkphp/lang/zh-cn.php
[ info ] [ BEHAVIOR ] Run app\common\behavior\Common @app_dispatch [ RunTime:0.000283s ]
[ info ] [ ROUTE ] array (
  'type' => 'method',
  'method' => 
  array (
    0 => '\\think\\addons\\Route',
    1 => 'execute',
  ),
  'var' => 
  array (
    'addon' => 'cms',
    'controller' => 'index',
    'action' => 'index',
  ),
)
[ info ] [ HEADER ] array (
  'accept-encoding' => 'gzip',
  'connection' => 'Keep-Alive',
  'host' => 'yanshi.zhoujiangshou.top',
  'user-agent' => 'Mozilla/5.0 (Linux; Android 4.1.1; Nexus 7 Build/JRO03D)',
  'content-type' => '',
  'content-length' => '',
)
[ info ] [ PARAM ] array (
)
[ info ] [ RUN ] think\addons\Route->execute[ /www/wwwroot/yanshi.zhoujiangshou.top/vendor/karsonzhang/fastadmin-addons/src/addons/Route.php ]
[ info ] [ LANG ] /www/wwwroot/yanshi.zhoujiangshou.top/public/../application/common/lang/zh-cn/addon.php
[ info ] [ BEHAVIOR ] Run app\common\behavior\Common @addon_begin [ RunTime:0.001500s ]
[ info ] [ LANG ] /www/wwwroot/yanshi.zhoujiangshou.top/addons/cms/lang/zh-cn.php
[ info ] [ VIEW ] /www/wwwroot/yanshi.zhoujiangshou.top/addons/cms/view/default/index.html [ array (
  0 => 'config',
  1 => 'user',
  2 => 'site',
  3 => '__CHANNEL__',
) ]
[ info ] [ DB ] INIT mysql
[ info ] [ SESSION ] INIT array (
  'id' => '',
  'var_session_id' => '',
  'prefix' => 'think',
  'type' => '',
  'auto_start' => true,
)
[ info ] [ BEHAVIOR ] Run \addons\cms\Cms @view_filter [ RunTime:0.000079s ]
[ info ] [ LOG ] INIT File
---------------------------------------------------------------
[ 2021-02-18T09:33:13+08:00 ] 47.102.137.41 GET yanshi.zhoujiangshou.top/
[运行时间：0.307279s] [吞吐率：3.25req/s] [内存消耗：4,174.04kb] [文件加载：143]
[ info ] [ BEHAVIOR ] Run Closure @app_init [ RunTime:0.000027s ]
[ info ] [ CACHE ] INIT File
[ info ] [ BEHAVIOR ] Run \addons\cms\Cms @app_init [ RunTime:0.002707s ]
[ info ] [ BEHAVIOR ] Run Closure @app_init [ RunTime:0.002734s ]
[ info ] [ LANG ] /www/wwwroot/yanshi.zhoujiangshou.top/thinkphp/lang/zh-cn.php
[ info ] [ BEHAVIOR ] Run app\common\behavior\Common @app_dispatch [ RunTime:0.000205s ]
[ info ] [ ROUTE ] array (
  'type' => 'method',
  'method' => 
  array (
    0 => '\\think\\addons\\Route',
    1 => 'execute',
  ),
  'var' => 
  array (
    'addon' => 'cms',
    'controller' => 'index',
    'action' => 'index',
  ),
)
[ info ] [ HEADER ] array (
  'accept-encoding' => 'gzip',
  'connection' => 'Keep-Alive',
  'host' => 'yanshi.zhoujiangshou.top',
  'user-agent' => 'Mozilla/5.0 (Linux; Android 4.1.1; Nexus 7 Build/JRO03D)',
  'content-type' => '',
  'content-length' => '',
)
[ info ] [ PARAM ] array (
)
[ info ] [ RUN ] think\addons\Route->execute[ /www/wwwroot/yanshi.zhoujiangshou.top/vendor/karsonzhang/fastadmin-addons/src/addons/Route.php ]
[ info ] [ LANG ] /www/wwwroot/yanshi.zhoujiangshou.top/public/../application/common/lang/zh-cn/addon.php
[ info ] [ BEHAVIOR ] Run app\common\behavior\Common @addon_begin [ RunTime:0.001477s ]
[ info ] [ LANG ] /www/wwwroot/yanshi.zhoujiangshou.top/addons/cms/lang/zh-cn.php
[ info ] [ VIEW ] /www/wwwroot/yanshi.zhoujiangshou.top/addons/cms/view/default/index.html [ array (
  0 => 'config',
  1 => 'user',
  2 => 'site',
  3 => '__CHANNEL__',
) ]
[ info ] [ DB ] INIT mysql
[ info ] [ SESSION ] INIT array (
  'id' => '',
  'var_session_id' => '',
  'prefix' => 'think',
  'type' => '',
  'auto_start' => true,
)
[ info ] [ BEHAVIOR ] Run \addons\cms\Cms @view_filter [ RunTime:0.000071s ]
[ info ] [ LOG ] INIT File
---------------------------------------------------------------
[ 2021-02-18T09:33:13+08:00 ] 47.102.137.41 GET yanshi.zhoujiangshou.top/product.html
[运行时间：0.395141s] [吞吐率：2.53req/s] [内存消耗：4,608.16kb] [文件加载：152]
[ info ] [ BEHAVIOR ] Run Closure @app_init [ RunTime:0.000023s ]
[ info ] [ CACHE ] INIT File
[ info ] [ BEHAVIOR ] Run \addons\cms\Cms @app_init [ RunTime:0.002831s ]
[ info ] [ BEHAVIOR ] Run Closure @app_init [ RunTime:0.002861s ]
[ info ] [ LANG ] /www/wwwroot/yanshi.zhoujiangshou.top/thinkphp/lang/zh-cn.php
[ info ] [ BEHAVIOR ] Run app\common\behavior\Common @app_dispatch [ RunTime:0.000229s ]
[ info ] [ ROUTE ] array (
  'type' => 'method',
  'method' => 
  array (
    0 => '\\think\\addons\\Route',
    1 => 'execute',
  ),
  'var' => 
  array (
    'addon' => 'cms',
    'controller' => 'channel',
    'action' => 'index',
  ),
)
[ info ] [ HEADER ] array (
  'accept-encoding' => 'gzip',
  'connection' => 'Keep-Alive',
  'host' => 'yanshi.zhoujiangshou.top',
  'user-agent' => 'Mozilla/5.0 (Linux; Android 4.1.1; Nexus 7 Build/JRO03D)',
  'content-type' => '',
  'content-length' => '',
)
[ info ] [ PARAM ] array (
  'diyname' => 'product',
)
[ info ] [ RUN ] think\addons\Route->execute[ /www/wwwroot/yanshi.zhoujiangshou.top/vendor/karsonzhang/fastadmin-addons/src/addons/Route.php ]
[ info ] [ LANG ] /www/wwwroot/yanshi.zhoujiangshou.top/public/../application/common/lang/zh-cn/addon.php
[ info ] [ BEHAVIOR ] Run app\common\behavior\Common @addon_begin [ RunTime:0.001279s ]
[ info ] [ LANG ] /www/wwwroot/yanshi.zhoujiangshou.top/addons/cms/lang/zh-cn.php
[ info ] [ DB ] INIT mysql
[ info ] [ VIEW ] /www/wwwroot/yanshi.zhoujiangshou.top/addons/cms/view/default/list_product.html [ array (
  0 => 'config',
  1 => 'user',
  2 => 'site',
  3 => '__CHANNEL__',
  4 => '__FILTERLIST__',
  5 => '__ORDERLIST__',
  6 => '__PAGELIST__',
) ]
[ info ] [ BEHAVIOR ] Run \addons\cms\Cms @view_filter [ RunTime:0.000058s ]
[ info ] [ LOG ] INIT File
---------------------------------------------------------------
[ 2021-02-18T13:51:16+08:00 ] 47.101.201.247 GET yanshi.zhoujiangshou.top/
[运行时间：0.411445s] [吞吐率：2.43req/s] [内存消耗：4,174.07kb] [文件加载：143]
[ info ] [ BEHAVIOR ] Run Closure @app_init [ RunTime:0.000025s ]
[ info ] [ CACHE ] INIT File
[ info ] [ BEHAVIOR ] Run \addons\cms\Cms @app_init [ RunTime:0.010627s ]
[ info ] [ BEHAVIOR ] Run Closure @app_init [ RunTime:0.010660s ]
[ info ] [ LANG ] /www/wwwroot/yanshi.zhoujiangshou.top/thinkphp/lang/zh-cn.php
[ info ] [ BEHAVIOR ] Run app\common\behavior\Common @app_dispatch [ RunTime:0.004098s ]
[ info ] [ ROUTE ] array (
  'type' => 'method',
  'method' => 
  array (
    0 => '\\think\\addons\\Route',
    1 => 'execute',
  ),
  'var' => 
  array (
    'addon' => 'cms',
    'controller' => 'index',
    'action' => 'index',
  ),
)
[ info ] [ HEADER ] array (
  'accept-encoding' => 'gzip',
  'connection' => 'Keep-Alive',
  'host' => 'yanshi.zhoujiangshou.top',
  'user-agent' => 'Mozilla/5.0 (X11; Ubuntu; Linux x86_64; rv:36.0) Gecko/20100101 Firefox/36.0',
  'content-type' => '',
  'content-length' => '',
)
[ info ] [ PARAM ] array (
)
[ info ] [ RUN ] think\addons\Route->execute[ /www/wwwroot/yanshi.zhoujiangshou.top/vendor/karsonzhang/fastadmin-addons/src/addons/Route.php ]
[ info ] [ LANG ] /www/wwwroot/yanshi.zhoujiangshou.top/public/../application/common/lang/zh-cn/addon.php
[ info ] [ BEHAVIOR ] Run app\common\behavior\Common @addon_begin [ RunTime:0.007118s ]
[ info ] [ LANG ] /www/wwwroot/yanshi.zhoujiangshou.top/addons/cms/lang/zh-cn.php
[ info ] [ VIEW ] /www/wwwroot/yanshi.zhoujiangshou.top/addons/cms/view/default/index.html [ array (
  0 => 'config',
  1 => 'user',
  2 => 'site',
  3 => '__CHANNEL__',
) ]
[ info ] [ DB ] INIT mysql
[ info ] [ SESSION ] INIT array (
  'id' => '',
  'var_session_id' => '',
  'prefix' => 'think',
  'type' => '',
  'auto_start' => true,
)
[ info ] [ BEHAVIOR ] Run \addons\cms\Cms @view_filter [ RunTime:0.000096s ]
[ info ] [ LOG ] INIT File
---------------------------------------------------------------
[ 2021-02-18T14:33:22+08:00 ] 222.247.192.24 GET yanshi.zhoujiangshou.top/favicon.ico
[运行时间：0.065129s] [吞吐率：15.35req/s] [内存消耗：2,324.69kb] [文件加载：119]
[ info ] [ BEHAVIOR ] Run Closure @app_init [ RunTime:0.000027s ]
[ info ] [ CACHE ] INIT File
[ info ] [ BEHAVIOR ] Run \addons\cms\Cms @app_init [ RunTime:0.002394s ]
[ info ] [ BEHAVIOR ] Run Closure @app_init [ RunTime:0.002417s ]
[ info ] [ LANG ] /www/wwwroot/yanshi.zhoujiangshou.top/thinkphp/lang/zh-cn.php
[ info ] [ BEHAVIOR ] Run app\common\behavior\Common @app_dispatch [ RunTime:0.000223s ]
[ info ] [ ROUTE ] array (
  'type' => 'module',
  'module' => 
  array (
    0 => 'favicon.ico',
    1 => NULL,
    2 => NULL,
  ),
)
[ info ] [ HEADER ] array (
  'accept-language' => 'zh-CN,zh;q=0.9',
  'accept-encoding' => 'gzip, deflate, br',
  'user-agent' => 'Mozilla/5.0 (Windows NT 6.1; WOW64) AppleWebKit/537.36 (KHTML, like Gecko) Chrome/78.0.3904.108 Safari/537.36',
  'sec-fetch-mode' => 'no-cors',
  'sec-fetch-site' => 'none',
  'host' => 'yanshi.zhoujiangshou.top',
  'content-type' => '',
  'content-length' => '',
)
[ info ] [ PARAM ] array (
)
[ info ] [ LOG ] INIT File
---------------------------------------------------------------
[ 2021-02-18T14:33:23+08:00 ] 222.247.192.24 GET yanshi.zhoujiangshou.top/favicon.ico
[运行时间：0.037334s] [吞吐率：26.79req/s] [内存消耗：2,324.69kb] [文件加载：119]
[ info ] [ BEHAVIOR ] Run Closure @app_init [ RunTime:0.000027s ]
[ info ] [ CACHE ] INIT File
[ info ] [ BEHAVIOR ] Run \addons\cms\Cms @app_init [ RunTime:0.002490s ]
[ info ] [ BEHAVIOR ] Run Closure @app_init [ RunTime:0.002511s ]
[ info ] [ LANG ] /www/wwwroot/yanshi.zhoujiangshou.top/thinkphp/lang/zh-cn.php
[ info ] [ BEHAVIOR ] Run app\common\behavior\Common @app_dispatch [ RunTime:0.000204s ]
[ info ] [ ROUTE ] array (
  'type' => 'module',
  'module' => 
  array (
    0 => 'favicon.ico',
    1 => NULL,
    2 => NULL,
  ),
)
[ info ] [ HEADER ] array (
  'accept-language' => 'zh-CN,zh;q=0.9',
  'accept-encoding' => 'gzip, deflate, br',
  'user-agent' => 'Mozilla/5.0 (Windows NT 6.1; WOW64) AppleWebKit/537.36 (KHTML, like Gecko) Chrome/78.0.3904.108 Safari/537.36',
  'sec-fetch-mode' => 'no-cors',
  'sec-fetch-site' => 'none',
  'host' => 'yanshi.zhoujiangshou.top',
  'content-type' => '',
  'content-length' => '',
)
[ info ] [ PARAM ] array (
)
[ info ] [ LOG ] INIT File
---------------------------------------------------------------
[ 2021-02-18T14:33:24+08:00 ] 222.247.192.24 GET yanshi.zhoujiangshou.top/favicon.ico
[运行时间：0.025884s] [吞吐率：38.63req/s] [内存消耗：2,324.69kb] [文件加载：119]
[ info ] [ BEHAVIOR ] Run Closure @app_init [ RunTime:0.000020s ]
[ info ] [ CACHE ] INIT File
[ info ] [ BEHAVIOR ] Run \addons\cms\Cms @app_init [ RunTime:0.002363s ]
[ info ] [ BEHAVIOR ] Run Closure @app_init [ RunTime:0.002387s ]
[ info ] [ LANG ] /www/wwwroot/yanshi.zhoujiangshou.top/thinkphp/lang/zh-cn.php
[ info ] [ BEHAVIOR ] Run app\common\behavior\Common @app_dispatch [ RunTime:0.000227s ]
[ info ] [ ROUTE ] array (
  'type' => 'module',
  'module' => 
  array (
    0 => 'favicon.ico',
    1 => NULL,
    2 => NULL,
  ),
)
[ info ] [ HEADER ] array (
  'accept-language' => 'zh-CN,zh;q=0.9',
  'accept-encoding' => 'gzip, deflate, br',
  'user-agent' => 'Mozilla/5.0 (Windows NT 6.1; WOW64) AppleWebKit/537.36 (KHTML, like Gecko) Chrome/78.0.3904.108 Safari/537.36',
  'sec-fetch-mode' => 'no-cors',
  'sec-fetch-site' => 'none',
  'host' => 'yanshi.zhoujiangshou.top',
  'content-type' => '',
  'content-length' => '',
)
[ info ] [ PARAM ] array (
)
[ info ] [ LOG ] INIT File
---------------------------------------------------------------
[ 2021-02-18T14:33:25+08:00 ] 222.247.192.24 GET yanshi.zhoujiangshou.top/
[运行时间：0.194605s] [吞吐率：5.14req/s] [内存消耗：4,177.98kb] [文件加载：143]
[ info ] [ BEHAVIOR ] Run Closure @app_init [ RunTime:0.000030s ]
[ info ] [ CACHE ] INIT File
[ info ] [ BEHAVIOR ] Run \addons\cms\Cms @app_init [ RunTime:0.003873s ]
[ info ] [ BEHAVIOR ] Run Closure @app_init [ RunTime:0.003919s ]
[ info ] [ LANG ] /www/wwwroot/yanshi.zhoujiangshou.top/thinkphp/lang/zh-cn.php
[ info ] [ BEHAVIOR ] Run app\common\behavior\Common @app_dispatch [ RunTime:0.000328s ]
[ info ] [ ROUTE ] array (
  'type' => 'method',
  'method' => 
  array (
    0 => '\\think\\addons\\Route',
    1 => 'execute',
  ),
  'var' => 
  array (
    'addon' => 'cms',
    'controller' => 'index',
    'action' => 'index',
  ),
)
[ info ] [ HEADER ] array (
  'accept-language' => 'zh-CN,zh;q=0.9',
  'accept-encoding' => 'gzip, deflate, br',
  'sec-fetch-mode' => 'navigate',
  'sec-fetch-site' => 'none',
  'accept' => 'text/html,application/xhtml+xml,application/xml;q=0.9,image/webp,image/apng,*/*;q=0.8,application/signed-exchange;v=b3',
  'user-agent' => 'Mozilla/5.0 (Windows NT 6.1; WOW64) AppleWebKit/537.36 (KHTML, like Gecko) Chrome/78.0.3904.108 Safari/537.36',
  'upgrade-insecure-requests' => '1',
  'host' => 'yanshi.zhoujiangshou.top',
  'content-type' => '',
  'content-length' => '',
)
[ info ] [ PARAM ] array (
)
[ info ] [ RUN ] think\addons\Route->execute[ /www/wwwroot/yanshi.zhoujiangshou.top/vendor/karsonzhang/fastadmin-addons/src/addons/Route.php ]
[ info ] [ LANG ] /www/wwwroot/yanshi.zhoujiangshou.top/public/../application/common/lang/zh-cn/addon.php
[ info ] [ BEHAVIOR ] Run app\common\behavior\Common @addon_begin [ RunTime:0.010622s ]
[ info ] [ LANG ] /www/wwwroot/yanshi.zhoujiangshou.top/addons/cms/lang/zh-cn.php
[ info ] [ VIEW ] /www/wwwroot/yanshi.zhoujiangshou.top/addons/cms/view/default/index.html [ array (
  0 => 'config',
  1 => 'user',
  2 => 'site',
  3 => '__CHANNEL__',
) ]
[ info ] [ DB ] INIT mysql
[ info ] [ SESSION ] INIT array (
  'id' => '',
  'var_session_id' => '',
  'prefix' => 'think',
  'type' => '',
  'auto_start' => true,
)
[ info ] [ BEHAVIOR ] Run \addons\cms\Cms @view_filter [ RunTime:0.000094s ]
[ info ] [ LOG ] INIT File
---------------------------------------------------------------
[ 2021-02-18T14:33:30+08:00 ] 222.247.192.24 GET yanshi.zhoujiangshou.top/favicon.ico
[运行时间：0.033778s] [吞吐率：29.61req/s] [内存消耗：2,326.09kb] [文件加载：119]
[ info ] [ BEHAVIOR ] Run Closure @app_init [ RunTime:0.000021s ]
[ info ] [ CACHE ] INIT File
[ info ] [ BEHAVIOR ] Run \addons\cms\Cms @app_init [ RunTime:0.003329s ]
[ info ] [ BEHAVIOR ] Run Closure @app_init [ RunTime:0.003366s ]
[ info ] [ LANG ] /www/wwwroot/yanshi.zhoujiangshou.top/thinkphp/lang/zh-cn.php
[ info ] [ BEHAVIOR ] Run app\common\behavior\Common @app_dispatch [ RunTime:0.000282s ]
[ info ] [ ROUTE ] array (
  'type' => 'module',
  'module' => 
  array (
    0 => 'favicon.ico',
    1 => NULL,
    2 => NULL,
  ),
)
[ info ] [ HEADER ] array (
  'cookie' => 'PHPSESSID=ln8mejoispp30kk0ipkuufasik',
  'accept-language' => 'zh-CN,zh;q=0.9',
  'accept-encoding' => 'gzip, deflate, br',
  'referer' => 'https://yanshi.zhoujiangshou.top/',
  'sec-fetch-mode' => 'no-cors',
  'sec-fetch-site' => 'same-origin',
  'accept' => 'image/webp,image/apng,image/*,*/*;q=0.8',
  'user-agent' => 'Mozilla/5.0 (Windows NT 6.1; WOW64) AppleWebKit/537.36 (KHTML, like Gecko) Chrome/78.0.3904.108 Safari/537.36',
  'host' => 'yanshi.zhoujiangshou.top',
  'content-type' => '',
  'content-length' => '',
)
[ info ] [ PARAM ] array (
)
[ info ] [ LOG ] INIT File
---------------------------------------------------------------
[ 2021-02-18T14:33:32+08:00 ] 222.247.192.24 GET yanshi.zhoujiangshou.top/
[运行时间：0.073063s] [吞吐率：13.69req/s] [内存消耗：4,179.98kb] [文件加载：143]
[ info ] [ BEHAVIOR ] Run Closure @app_init [ RunTime:0.000021s ]
[ info ] [ CACHE ] INIT File
[ info ] [ BEHAVIOR ] Run \addons\cms\Cms @app_init [ RunTime:0.002482s ]
[ info ] [ BEHAVIOR ] Run Closure @app_init [ RunTime:0.002505s ]
[ info ] [ LANG ] /www/wwwroot/yanshi.zhoujiangshou.top/thinkphp/lang/zh-cn.php
[ info ] [ BEHAVIOR ] Run app\common\behavior\Common @app_dispatch [ RunTime:0.000275s ]
[ info ] [ ROUTE ] array (
  'type' => 'method',
  'method' => 
  array (
    0 => '\\think\\addons\\Route',
    1 => 'execute',
  ),
  'var' => 
  array (
    'addon' => 'cms',
    'controller' => 'index',
    'action' => 'index',
  ),
)
[ info ] [ HEADER ] array (
  'cookie' => 'PHPSESSID=ln8mejoispp30kk0ipkuufasik',
  'accept-language' => 'zh-CN,zh;q=0.9',
  'accept-encoding' => 'gzip, deflate, br',
  'sec-fetch-mode' => 'navigate',
  'sec-fetch-site' => 'none',
  'accept' => 'text/html,application/xhtml+xml,application/xml;q=0.9,image/webp,image/apng,*/*;q=0.8,application/signed-exchange;v=b3',
  'sec-fetch-user' => '?1',
  'user-agent' => 'Mozilla/5.0 (Windows NT 6.1; WOW64) AppleWebKit/537.36 (KHTML, like Gecko) Chrome/78.0.3904.108 Safari/537.36',
  'upgrade-insecure-requests' => '1',
  'host' => 'yanshi.zhoujiangshou.top',
  'content-type' => '',
  'content-length' => '',
)
[ info ] [ PARAM ] array (
)
[ info ] [ RUN ] think\addons\Route->execute[ /www/wwwroot/yanshi.zhoujiangshou.top/vendor/karsonzhang/fastadmin-addons/src/addons/Route.php ]
[ info ] [ LANG ] /www/wwwroot/yanshi.zhoujiangshou.top/public/../application/common/lang/zh-cn/addon.php
[ info ] [ BEHAVIOR ] Run app\common\behavior\Common @addon_begin [ RunTime:0.001955s ]
[ info ] [ LANG ] /www/wwwroot/yanshi.zhoujiangshou.top/addons/cms/lang/zh-cn.php
[ info ] [ VIEW ] /www/wwwroot/yanshi.zhoujiangshou.top/addons/cms/view/default/index.html [ array (
  0 => 'config',
  1 => 'user',
  2 => 'site',
  3 => '__CHANNEL__',
) ]
[ info ] [ DB ] INIT mysql
[ info ] [ SESSION ] INIT array (
  'id' => '',
  'var_session_id' => '',
  'prefix' => 'think',
  'type' => '',
  'auto_start' => true,
)
[ info ] [ BEHAVIOR ] Run \addons\cms\Cms @view_filter [ RunTime:0.000073s ]
[ info ] [ LOG ] INIT File
---------------------------------------------------------------
[ 2021-02-18T14:33:32+08:00 ] 180.163.220.5 GET yanshi.zhoujiangshou.top/
[运行时间：0.071544s] [吞吐率：13.98req/s] [内存消耗：4,177.45kb] [文件加载：143]
[ info ] [ BEHAVIOR ] Run Closure @app_init [ RunTime:0.000018s ]
[ info ] [ CACHE ] INIT File
[ info ] [ BEHAVIOR ] Run \addons\cms\Cms @app_init [ RunTime:0.002584s ]
[ info ] [ BEHAVIOR ] Run Closure @app_init [ RunTime:0.002617s ]
[ info ] [ LANG ] /www/wwwroot/yanshi.zhoujiangshou.top/thinkphp/lang/zh-cn.php
[ info ] [ BEHAVIOR ] Run app\common\behavior\Common @app_dispatch [ RunTime:0.000225s ]
[ info ] [ ROUTE ] array (
  'type' => 'method',
  'method' => 
  array (
    0 => '\\think\\addons\\Route',
    1 => 'execute',
  ),
  'var' => 
  array (
    'addon' => 'cms',
    'controller' => 'index',
    'action' => 'index',
  ),
)
[ info ] [ HEADER ] array (
  'accept-encoding' => 'gzip, deflate',
  'referer' => 'http://baidu.com/',
  'accept' => 'text/html,application/xhtml+xml,application/xml;q=0.9,image/webp,image/apng,*/*;q=0.8',
  'user-agent' => 'Mozilla/5.0 (Windows NT 6.1; WOW64; Trident/7.0; rv:11.0) like Gecko',
  'upgrade-insecure-requests' => '1',
  'cache-control' => 'no-cache',
  'pragma' => 'no-cache',
  'host' => 'yanshi.zhoujiangshou.top',
  'content-type' => '',
  'content-length' => '',
)
[ info ] [ PARAM ] array (
)
[ info ] [ RUN ] think\addons\Route->execute[ /www/wwwroot/yanshi.zhoujiangshou.top/vendor/karsonzhang/fastadmin-addons/src/addons/Route.php ]
[ info ] [ LANG ] /www/wwwroot/yanshi.zhoujiangshou.top/public/../application/common/lang/zh-cn/addon.php
[ info ] [ BEHAVIOR ] Run app\common\behavior\Common @addon_begin [ RunTime:0.001783s ]
[ info ] [ LANG ] /www/wwwroot/yanshi.zhoujiangshou.top/addons/cms/lang/zh-cn.php
[ info ] [ VIEW ] /www/wwwroot/yanshi.zhoujiangshou.top/addons/cms/view/default/index.html [ array (
  0 => 'config',
  1 => 'user',
  2 => 'site',
  3 => '__CHANNEL__',
) ]
[ info ] [ DB ] INIT mysql
[ info ] [ SESSION ] INIT array (
  'id' => '',
  'var_session_id' => '',
  'prefix' => 'think',
  'type' => '',
  'auto_start' => true,
)
[ info ] [ BEHAVIOR ] Run \addons\cms\Cms @view_filter [ RunTime:0.000078s ]
[ info ] [ LOG ] INIT File
---------------------------------------------------------------
[ 2021-02-18T14:33:33+08:00 ] 180.163.220.68 GET yanshi.zhoujiangshou.top/
[运行时间：0.078472s] [吞吐率：12.74req/s] [内存消耗：4,177.45kb] [文件加载：143]
[ info ] [ BEHAVIOR ] Run Closure @app_init [ RunTime:0.000026s ]
[ info ] [ CACHE ] INIT File
[ info ] [ BEHAVIOR ] Run \addons\cms\Cms @app_init [ RunTime:0.002650s ]
[ info ] [ BEHAVIOR ] Run Closure @app_init [ RunTime:0.002682s ]
[ info ] [ LANG ] /www/wwwroot/yanshi.zhoujiangshou.top/thinkphp/lang/zh-cn.php
[ info ] [ BEHAVIOR ] Run app\common\behavior\Common @app_dispatch [ RunTime:0.000224s ]
[ info ] [ ROUTE ] array (
  'type' => 'method',
  'method' => 
  array (
    0 => '\\think\\addons\\Route',
    1 => 'execute',
  ),
  'var' => 
  array (
    'addon' => 'cms',
    'controller' => 'index',
    'action' => 'index',
  ),
)
[ info ] [ HEADER ] array (
  'accept-encoding' => 'gzip, deflate',
  'referer' => 'http://baidu.com/',
  'accept' => 'text/html,application/xhtml+xml,application/xml;q=0.9,image/webp,image/apng,*/*;q=0.8',
  'user-agent' => 'Mozilla/5.0 (Windows NT 6.1; WOW64; Trident/7.0; rv:11.0) like Gecko',
  'upgrade-insecure-requests' => '1',
  'cache-control' => 'no-cache',
  'pragma' => 'no-cache',
  'host' => 'yanshi.zhoujiangshou.top',
  'content-type' => '',
  'content-length' => '',
)
[ info ] [ PARAM ] array (
)
[ info ] [ RUN ] think\addons\Route->execute[ /www/wwwroot/yanshi.zhoujiangshou.top/vendor/karsonzhang/fastadmin-addons/src/addons/Route.php ]
[ info ] [ LANG ] /www/wwwroot/yanshi.zhoujiangshou.top/public/../application/common/lang/zh-cn/addon.php
[ info ] [ BEHAVIOR ] Run app\common\behavior\Common @addon_begin [ RunTime:0.001407s ]
[ info ] [ LANG ] /www/wwwroot/yanshi.zhoujiangshou.top/addons/cms/lang/zh-cn.php
[ info ] [ VIEW ] /www/wwwroot/yanshi.zhoujiangshou.top/addons/cms/view/default/index.html [ array (
  0 => 'config',
  1 => 'user',
  2 => 'site',
  3 => '__CHANNEL__',
) ]
[ info ] [ DB ] INIT mysql
[ info ] [ SESSION ] INIT array (
  'id' => '',
  'var_session_id' => '',
  'prefix' => 'think',
  'type' => '',
  'auto_start' => true,
)
[ info ] [ BEHAVIOR ] Run \addons\cms\Cms @view_filter [ RunTime:0.000069s ]
[ info ] [ LOG ] INIT File
---------------------------------------------------------------
[ 2021-02-18T14:33:36+08:00 ] 180.163.220.67 GET yanshi.zhoujiangshou.top/favicon.ico
[运行时间：0.033469s] [吞吐率：29.88req/s] [内存消耗：2,321.00kb] [文件加载：119]
[ info ] [ BEHAVIOR ] Run Closure @app_init [ RunTime:0.000027s ]
[ info ] [ CACHE ] INIT File
[ info ] [ BEHAVIOR ] Run \addons\cms\Cms @app_init [ RunTime:0.002641s ]
[ info ] [ BEHAVIOR ] Run Closure @app_init [ RunTime:0.002666s ]
[ info ] [ LANG ] /www/wwwroot/yanshi.zhoujiangshou.top/thinkphp/lang/zh-cn.php
[ info ] [ BEHAVIOR ] Run app\common\behavior\Common @app_dispatch [ RunTime:0.000244s ]
[ info ] [ ROUTE ] array (
  'type' => 'module',
  'module' => 
  array (
    0 => 'favicon.ico',
    1 => NULL,
    2 => NULL,
  ),
)
[ info ] [ HEADER ] array (
  'accept' => '*/*',
  'user-agent' => 'Mozilla/5.0 (Windows NT 10.0; WOW64) AppleWebKit/537.36 (KHTML, like Gecko) Chrome/78.0.3904.108 Safari/537.36',
  'host' => 'yanshi.zhoujiangshou.top',
  'content-type' => '',
  'content-length' => '',
)
[ info ] [ PARAM ] array (
)
[ info ] [ LOG ] INIT File
---------------------------------------------------------------
[ 2021-02-18T14:33:36+08:00 ] 180.163.220.68 GET yanshi.zhoujiangshou.top/favicon.ico
[运行时间：0.032872s] [吞吐率：30.42req/s] [内存消耗：2,321.00kb] [文件加载：119]
[ info ] [ BEHAVIOR ] Run Closure @app_init [ RunTime:0.000021s ]
[ info ] [ CACHE ] INIT File
[ info ] [ BEHAVIOR ] Run \addons\cms\Cms @app_init [ RunTime:0.002774s ]
[ info ] [ BEHAVIOR ] Run Closure @app_init [ RunTime:0.002809s ]
[ info ] [ LANG ] /www/wwwroot/yanshi.zhoujiangshou.top/thinkphp/lang/zh-cn.php
[ info ] [ BEHAVIOR ] Run app\common\behavior\Common @app_dispatch [ RunTime:0.000328s ]
[ info ] [ ROUTE ] array (
  'type' => 'module',
  'module' => 
  array (
    0 => 'favicon.ico',
    1 => NULL,
    2 => NULL,
  ),
)
[ info ] [ HEADER ] array (
  'accept' => '*/*',
  'user-agent' => 'Mozilla/5.0 (Windows NT 10.0; WOW64) AppleWebKit/537.36 (KHTML, like Gecko) Chrome/78.0.3904.108 Safari/537.36',
  'host' => 'yanshi.zhoujiangshou.top',
  'content-type' => '',
  'content-length' => '',
)
[ info ] [ PARAM ] array (
)
[ info ] [ LOG ] INIT File
---------------------------------------------------------------
[ 2021-02-18T14:33:37+08:00 ] 42.236.10.125 GET yanshi.zhoujiangshou.top/
[运行时间：0.065624s] [吞吐率：15.24req/s] [内存消耗：4,178.52kb] [文件加载：143]
[ info ] [ BEHAVIOR ] Run Closure @app_init [ RunTime:0.000020s ]
[ info ] [ CACHE ] INIT File
[ info ] [ BEHAVIOR ] Run \addons\cms\Cms @app_init [ RunTime:0.002652s ]
[ info ] [ BEHAVIOR ] Run Closure @app_init [ RunTime:0.002677s ]
[ info ] [ LANG ] /www/wwwroot/yanshi.zhoujiangshou.top/thinkphp/lang/zh-cn.php
[ info ] [ BEHAVIOR ] Run app\common\behavior\Common @app_dispatch [ RunTime:0.000219s ]
[ info ] [ ROUTE ] array (
  'type' => 'method',
  'method' => 
  array (
    0 => '\\think\\addons\\Route',
    1 => 'execute',
  ),
  'var' => 
  array (
    'addon' => 'cms',
    'controller' => 'index',
    'action' => 'index',
  ),
)
[ info ] [ HEADER ] array (
  'accept-encoding' => 'gzip, deflate',
  'referer' => 'http://baidu.com/',
  'accept' => 'text/html,application/xhtml+xml,application/xml;q=0.9,image/webp,image/apng,*/*;q=0.8',
  'user-agent' => 'Mozilla/5.0 (Linux; U; Android 8.1.0; zh-CN; EML-AL00 Build/HUAWEIEML-AL00) AppleWebKit/537.36 (KHTML, like Gecko) Version/4.0 Chrome/57.0.2987.108 baidu.sogo.uc.UCBrowser/11.9.4.974 UWS/2.13.1.48 Mobile Safari/537.36 AliApp(DingTalk/4.5.11) com.alibaba.android.rimet/10487439 Channel/227200 language/zh-CN',
  'upgrade-insecure-requests' => '1',
  'cache-control' => 'no-cache',
  'pragma' => 'no-cache',
  'host' => 'yanshi.zhoujiangshou.top',
  'content-type' => '',
  'content-length' => '',
)
[ info ] [ PARAM ] array (
)
[ info ] [ RUN ] think\addons\Route->execute[ /www/wwwroot/yanshi.zhoujiangshou.top/vendor/karsonzhang/fastadmin-addons/src/addons/Route.php ]
[ info ] [ LANG ] /www/wwwroot/yanshi.zhoujiangshou.top/public/../application/common/lang/zh-cn/addon.php
[ info ] [ BEHAVIOR ] Run app\common\behavior\Common @addon_begin [ RunTime:0.001257s ]
[ info ] [ LANG ] /www/wwwroot/yanshi.zhoujiangshou.top/addons/cms/lang/zh-cn.php
[ info ] [ VIEW ] /www/wwwroot/yanshi.zhoujiangshou.top/addons/cms/view/default/index.html [ array (
  0 => 'config',
  1 => 'user',
  2 => 'site',
  3 => '__CHANNEL__',
) ]
[ info ] [ DB ] INIT mysql
[ info ] [ SESSION ] INIT array (
  'id' => '',
  'var_session_id' => '',
  'prefix' => 'think',
  'type' => '',
  'auto_start' => true,
)
[ info ] [ BEHAVIOR ] Run \addons\cms\Cms @view_filter [ RunTime:0.000069s ]
[ info ] [ LOG ] INIT File
---------------------------------------------------------------
[ 2021-02-18T14:33:41+08:00 ] 42.236.10.125 GET yanshi.zhoujiangshou.top/favicon.ico
[运行时间：0.029210s] [吞吐率：34.24req/s] [内存消耗：2,321.00kb] [文件加载：119]
[ info ] [ BEHAVIOR ] Run Closure @app_init [ RunTime:0.000020s ]
[ info ] [ CACHE ] INIT File
[ info ] [ BEHAVIOR ] Run \addons\cms\Cms @app_init [ RunTime:0.002357s ]
[ info ] [ BEHAVIOR ] Run Closure @app_init [ RunTime:0.002379s ]
[ info ] [ LANG ] /www/wwwroot/yanshi.zhoujiangshou.top/thinkphp/lang/zh-cn.php
[ info ] [ BEHAVIOR ] Run app\common\behavior\Common @app_dispatch [ RunTime:0.000211s ]
[ info ] [ ROUTE ] array (
  'type' => 'module',
  'module' => 
  array (
    0 => 'favicon.ico',
    1 => NULL,
    2 => NULL,
  ),
)
[ info ] [ HEADER ] array (
  'accept' => '*/*',
  'user-agent' => 'Mozilla/5.0 (Windows NT 10.0; WOW64) AppleWebKit/537.36 (KHTML, like Gecko) Chrome/78.0.3904.108 Safari/537.36',
  'host' => 'yanshi.zhoujiangshou.top',
  'content-type' => '',
  'content-length' => '',
)
[ info ] [ PARAM ] array (
)
[ info ] [ LOG ] INIT File
---------------------------------------------------------------
[ 2021-02-18T14:34:42+08:00 ] 180.163.220.67 GET yanshi.zhoujiangshou.top/
[运行时间：0.064427s] [吞吐率：15.52req/s] [内存消耗：4,178.52kb] [文件加载：143]
[ info ] [ BEHAVIOR ] Run Closure @app_init [ RunTime:0.000020s ]
[ info ] [ CACHE ] INIT File
[ info ] [ BEHAVIOR ] Run \addons\cms\Cms @app_init [ RunTime:0.002663s ]
[ info ] [ BEHAVIOR ] Run Closure @app_init [ RunTime:0.002699s ]
[ info ] [ LANG ] /www/wwwroot/yanshi.zhoujiangshou.top/thinkphp/lang/zh-cn.php
[ info ] [ BEHAVIOR ] Run app\common\behavior\Common @app_dispatch [ RunTime:0.000212s ]
[ info ] [ ROUTE ] array (
  'type' => 'method',
  'method' => 
  array (
    0 => '\\think\\addons\\Route',
    1 => 'execute',
  ),
  'var' => 
  array (
    'addon' => 'cms',
    'controller' => 'index',
    'action' => 'index',
  ),
)
[ info ] [ HEADER ] array (
  'accept-encoding' => 'gzip, deflate',
  'referer' => 'http://baidu.com/',
  'accept' => 'text/html,application/xhtml+xml,application/xml;q=0.9,image/webp,image/apng,*/*;q=0.8',
  'user-agent' => 'Mozilla/5.0 (Linux; U; Android 8.1.0; zh-CN; EML-AL00 Build/HUAWEIEML-AL00) AppleWebKit/537.36 (KHTML, like Gecko) Version/4.0 Chrome/57.0.2987.108 baidu.sogo.uc.UCBrowser/11.9.4.974 UWS/2.13.1.48 Mobile Safari/537.36 AliApp(DingTalk/4.5.11) com.alibaba.android.rimet/10487439 Channel/227200 language/zh-CN',
  'upgrade-insecure-requests' => '1',
  'cache-control' => 'no-cache',
  'pragma' => 'no-cache',
  'host' => 'yanshi.zhoujiangshou.top',
  'content-type' => '',
  'content-length' => '',
)
[ info ] [ PARAM ] array (
)
[ info ] [ RUN ] think\addons\Route->execute[ /www/wwwroot/yanshi.zhoujiangshou.top/vendor/karsonzhang/fastadmin-addons/src/addons/Route.php ]
[ info ] [ LANG ] /www/wwwroot/yanshi.zhoujiangshou.top/public/../application/common/lang/zh-cn/addon.php
[ info ] [ BEHAVIOR ] Run app\common\behavior\Common @addon_begin [ RunTime:0.001286s ]
[ info ] [ LANG ] /www/wwwroot/yanshi.zhoujiangshou.top/addons/cms/lang/zh-cn.php
[ info ] [ VIEW ] /www/wwwroot/yanshi.zhoujiangshou.top/addons/cms/view/default/index.html [ array (
  0 => 'config',
  1 => 'user',
  2 => 'site',
  3 => '__CHANNEL__',
) ]
[ info ] [ DB ] INIT mysql
[ info ] [ SESSION ] INIT array (
  'id' => '',
  'var_session_id' => '',
  'prefix' => 'think',
  'type' => '',
  'auto_start' => true,
)
[ info ] [ BEHAVIOR ] Run \addons\cms\Cms @view_filter [ RunTime:0.000068s ]
[ info ] [ LOG ] INIT File
---------------------------------------------------------------
[ 2021-02-18T14:34:46+08:00 ] 180.163.220.66 GET yanshi.zhoujiangshou.top/favicon.ico
[运行时间：0.032859s] [吞吐率：30.43req/s] [内存消耗：2,321.00kb] [文件加载：119]
[ info ] [ BEHAVIOR ] Run Closure @app_init [ RunTime:0.000020s ]
[ info ] [ CACHE ] INIT File
[ info ] [ BEHAVIOR ] Run \addons\cms\Cms @app_init [ RunTime:0.002848s ]
[ info ] [ BEHAVIOR ] Run Closure @app_init [ RunTime:0.002877s ]
[ info ] [ LANG ] /www/wwwroot/yanshi.zhoujiangshou.top/thinkphp/lang/zh-cn.php
[ info ] [ BEHAVIOR ] Run app\common\behavior\Common @app_dispatch [ RunTime:0.000244s ]
[ info ] [ ROUTE ] array (
  'type' => 'module',
  'module' => 
  array (
    0 => 'favicon.ico',
    1 => NULL,
    2 => NULL,
  ),
)
[ info ] [ HEADER ] array (
  'accept' => '*/*',
  'user-agent' => 'Mozilla/5.0 (Windows NT 10.0; WOW64) AppleWebKit/537.36 (KHTML, like Gecko) Chrome/78.0.3904.108 Safari/537.36',
  'host' => 'yanshi.zhoujiangshou.top',
  'content-type' => '',
  'content-length' => '',
)
[ info ] [ PARAM ] array (
)
[ info ] [ LOG ] INIT File
---------------------------------------------------------------
[ 2021-02-18T23:03:43+08:00 ] 47.103.80.73 GET yanshi.zhoujiangshou.top/
[运行时间：0.498041s] [吞吐率：2.01req/s] [内存消耗：4,176.88kb] [文件加载：143]
[ info ] [ BEHAVIOR ] Run Closure @app_init [ RunTime:0.000030s ]
[ info ] [ CACHE ] INIT File
[ info ] [ BEHAVIOR ] Run \addons\cms\Cms @app_init [ RunTime:0.010841s ]
[ info ] [ BEHAVIOR ] Run Closure @app_init [ RunTime:0.010887s ]
[ info ] [ LANG ] /www/wwwroot/yanshi.zhoujiangshou.top/thinkphp/lang/zh-cn.php
[ info ] [ BEHAVIOR ] Run app\common\behavior\Common @app_dispatch [ RunTime:0.004661s ]
[ info ] [ ROUTE ] array (
  'type' => 'method',
  'method' => 
  array (
    0 => '\\think\\addons\\Route',
    1 => 'execute',
  ),
  'var' => 
  array (
    'addon' => 'cms',
    'controller' => 'index',
    'action' => 'index',
  ),
)
[ info ] [ HEADER ] array (
  'accept-language' => 'zh-CN,zh;q=0.8',
  'connection' => 'keep-alive',
  'accept' => 'text/html,application/xhtml+xml,application/xml;q=0.9,image/webp,image/apng,*/*;q=0.8',
  'accept-encoding' => 'gzip, deflate',
  'user-agent' => 'Mozilla/5.0 (Windows NT 10.0; Win64; x64) AppleWebKit/537.36 (KHTML, like Gecko) Chrome/59.0.3071.115 Safari/537.36',
  'host' => 'yanshi.zhoujiangshou.top',
  'content-type' => '',
  'content-length' => '',
)
[ info ] [ PARAM ] array (
)
[ info ] [ RUN ] think\addons\Route->execute[ /www/wwwroot/yanshi.zhoujiangshou.top/vendor/karsonzhang/fastadmin-addons/src/addons/Route.php ]
[ info ] [ LANG ] /www/wwwroot/yanshi.zhoujiangshou.top/public/../application/common/lang/zh-cn/addon.php
[ info ] [ BEHAVIOR ] Run app\common\behavior\Common @addon_begin [ RunTime:0.007554s ]
[ info ] [ LANG ] /www/wwwroot/yanshi.zhoujiangshou.top/addons/cms/lang/zh-cn.php
[ info ] [ VIEW ] /www/wwwroot/yanshi.zhoujiangshou.top/addons/cms/view/default/index.html [ array (
  0 => 'config',
  1 => 'user',
  2 => 'site',
  3 => '__CHANNEL__',
) ]
[ info ] [ DB ] INIT mysql
[ info ] [ SESSION ] INIT array (
  'id' => '',
  'var_session_id' => '',
  'prefix' => 'think',
  'type' => '',
  'auto_start' => true,
)
[ info ] [ BEHAVIOR ] Run \addons\cms\Cms @view_filter [ RunTime:0.000099s ]
[ info ] [ LOG ] INIT File
---------------------------------------------------------------
[ 2021-02-18T23:03:43+08:00 ] 47.103.80.73 GET yanshi.zhoujiangshou.top/explicit_not_exist_path
[运行时间：0.063867s] [吞吐率：15.66req/s] [内存消耗：4,059.00kb] [文件加载：140]
[ info ] [ BEHAVIOR ] Run Closure @app_init [ RunTime:0.000020s ]
[ info ] [ CACHE ] INIT File
[ info ] [ BEHAVIOR ] Run \addons\cms\Cms @app_init [ RunTime:0.003114s ]
[ info ] [ BEHAVIOR ] Run Closure @app_init [ RunTime:0.003145s ]
[ info ] [ LANG ] /www/wwwroot/yanshi.zhoujiangshou.top/thinkphp/lang/zh-cn.php
[ info ] [ BEHAVIOR ] Run app\common\behavior\Common @app_dispatch [ RunTime:0.000251s ]
[ info ] [ ROUTE ] array (
  'type' => 'method',
  'method' => 
  array (
    0 => '\\think\\addons\\Route',
    1 => 'execute',
  ),
  'var' => 
  array (
    'addon' => 'cms',
    'controller' => 'channel',
    'action' => 'index',
  ),
)
[ info ] [ HEADER ] array (
  'cookie' => 'PHPSESSID=an96s5rp84iq047qi9nl4lqjgi',
  'accept-language' => 'zh-CN,zh;q=0.8',
  'connection' => 'keep-alive',
  'accept' => 'text/html,application/xhtml+xml,application/xml;q=0.9,image/webp,image/apng,*/*;q=0.8',
  'accept-encoding' => 'gzip, deflate',
  'user-agent' => 'Mozilla/5.0 (Windows NT 10.0; Win64; x64) AppleWebKit/537.36 (KHTML, like Gecko) Chrome/59.0.3071.115 Safari/537.36',
  'host' => 'yanshi.zhoujiangshou.top',
  'content-type' => '',
  'content-length' => '',
)
[ info ] [ PARAM ] array (
  'diyname' => 'explicit_not_exist_path',
)
[ info ] [ RUN ] think\addons\Route->execute[ /www/wwwroot/yanshi.zhoujiangshou.top/vendor/karsonzhang/fastadmin-addons/src/addons/Route.php ]
[ info ] [ LANG ] /www/wwwroot/yanshi.zhoujiangshou.top/public/../application/common/lang/zh-cn/addon.php
[ info ] [ BEHAVIOR ] Run app\common\behavior\Common @addon_begin [ RunTime:0.001484s ]
[ info ] [ LANG ] /www/wwwroot/yanshi.zhoujiangshou.top/addons/cms/lang/zh-cn.php
[ info ] [ DB ] INIT mysql
[ info ] [ VIEW ] /www/wwwroot/yanshi.zhoujiangshou.top/public/../application/common/view/tpl/dispatch_jump.tpl [ array (
  0 => 'config',
  1 => 'user',
  2 => 'site',
  3 => '__CHANNEL__',
  4 => 'code',
  5 => 'msg',
  6 => 'data',
  7 => 'url',
  8 => 'wait',
) ]
[ info ] [ BEHAVIOR ] Run \addons\cms\Cms @view_filter [ RunTime:0.000103s ]
[ info ] [ LOG ] INIT File
---------------------------------------------------------------
[ 2021-02-18T23:03:43+08:00 ] 47.103.80.73 GET yanshi.zhoujiangshou.top/admin/
[运行时间：0.064103s] [吞吐率：15.60req/s] [内存消耗：4,058.89kb] [文件加载：140]
[ info ] [ BEHAVIOR ] Run Closure @app_init [ RunTime:0.000022s ]
[ info ] [ CACHE ] INIT File
[ info ] [ BEHAVIOR ] Run \addons\cms\Cms @app_init [ RunTime:0.002914s ]
[ info ] [ BEHAVIOR ] Run Closure @app_init [ RunTime:0.002945s ]
[ info ] [ LANG ] /www/wwwroot/yanshi.zhoujiangshou.top/thinkphp/lang/zh-cn.php
[ info ] [ BEHAVIOR ] Run app\common\behavior\Common @app_dispatch [ RunTime:0.000236s ]
[ info ] [ ROUTE ] array (
  'type' => 'method',
  'method' => 
  array (
    0 => '\\think\\addons\\Route',
    1 => 'execute',
  ),
  'var' => 
  array (
    'addon' => 'cms',
    'controller' => 'channel',
    'action' => 'index',
  ),
)
[ info ] [ HEADER ] array (
  'cookie' => 'PHPSESSID=an96s5rp84iq047qi9nl4lqjgi',
  'accept-language' => 'zh-CN,zh;q=0.8',
  'connection' => 'keep-alive',
  'accept' => 'text/html,application/xhtml+xml,application/xml;q=0.9,image/webp,image/apng,*/*;q=0.8',
  'accept-encoding' => 'gzip, deflate',
  'user-agent' => 'Mozilla/5.0 (Windows NT 10.0; Win64; x64) AppleWebKit/537.36 (KHTML, like Gecko) Chrome/59.0.3071.115 Safari/537.36',
  'host' => 'yanshi.zhoujiangshou.top',
  'content-type' => '',
  'content-length' => '',
)
[ info ] [ PARAM ] array (
  'diyname' => 'admin',
)
[ info ] [ RUN ] think\addons\Route->execute[ /www/wwwroot/yanshi.zhoujiangshou.top/vendor/karsonzhang/fastadmin-addons/src/addons/Route.php ]
[ info ] [ LANG ] /www/wwwroot/yanshi.zhoujiangshou.top/public/../application/common/lang/zh-cn/addon.php
[ info ] [ BEHAVIOR ] Run app\common\behavior\Common @addon_begin [ RunTime:0.001587s ]
[ info ] [ LANG ] /www/wwwroot/yanshi.zhoujiangshou.top/addons/cms/lang/zh-cn.php
[ info ] [ DB ] INIT mysql
[ info ] [ VIEW ] /www/wwwroot/yanshi.zhoujiangshou.top/public/../application/common/view/tpl/dispatch_jump.tpl [ array (
  0 => 'config',
  1 => 'user',
  2 => 'site',
  3 => '__CHANNEL__',
  4 => 'code',
  5 => 'msg',
  6 => 'data',
  7 => 'url',
  8 => 'wait',
) ]
[ info ] [ BEHAVIOR ] Run \addons\cms\Cms @view_filter [ RunTime:0.000075s ]
[ info ] [ LOG ] INIT File
---------------------------------------------------------------
[ 2021-02-18T23:03:43+08:00 ] 47.103.80.73 GET yanshi.zhoujiangshou.top/favicon.ico
[运行时间：0.033206s] [吞吐率：30.12req/s] [内存消耗：2,325.73kb] [文件加载：119]
[ info ] [ BEHAVIOR ] Run Closure @app_init [ RunTime:0.000019s ]
[ info ] [ CACHE ] INIT File
[ info ] [ BEHAVIOR ] Run \addons\cms\Cms @app_init [ RunTime:0.003455s ]
[ info ] [ BEHAVIOR ] Run Closure @app_init [ RunTime:0.003490s ]
[ info ] [ LANG ] /www/wwwroot/yanshi.zhoujiangshou.top/thinkphp/lang/zh-cn.php
[ info ] [ BEHAVIOR ] Run app\common\behavior\Common @app_dispatch [ RunTime:0.000235s ]
[ info ] [ ROUTE ] array (
  'type' => 'module',
  'module' => 
  array (
    0 => 'favicon.ico',
    1 => NULL,
    2 => NULL,
  ),
)
[ info ] [ HEADER ] array (
  'cookie' => 'PHPSESSID=an96s5rp84iq047qi9nl4lqjgi',
  'accept-language' => 'zh-CN,zh;q=0.8',
  'connection' => 'keep-alive',
  'accept' => 'text/html,application/xhtml+xml,application/xml;q=0.9,image/webp,image/apng,*/*;q=0.8',
  'accept-encoding' => 'gzip, deflate',
  'user-agent' => 'Mozilla/5.0 (Windows NT 10.0; Win64; x64) AppleWebKit/537.36 (KHTML, like Gecko) Chrome/59.0.3071.115 Safari/537.36',
  'host' => 'yanshi.zhoujiangshou.top',
  'content-type' => '',
  'content-length' => '',
)
[ info ] [ PARAM ] array (
)
[ info ] [ LOG ] INIT File
---------------------------------------------------------------
[ 2021-02-18T23:03:43+08:00 ] 47.103.80.73 GET yanshi.zhoujiangshou.top/env
[运行时间：0.053307s] [吞吐率：18.76req/s] [内存消耗：4,058.84kb] [文件加载：140]
[ info ] [ BEHAVIOR ] Run Closure @app_init [ RunTime:0.000023s ]
[ info ] [ CACHE ] INIT File
[ info ] [ BEHAVIOR ] Run \addons\cms\Cms @app_init [ RunTime:0.002338s ]
[ info ] [ BEHAVIOR ] Run Closure @app_init [ RunTime:0.002360s ]
[ info ] [ LANG ] /www/wwwroot/yanshi.zhoujiangshou.top/thinkphp/lang/zh-cn.php
[ info ] [ BEHAVIOR ] Run app\common\behavior\Common @app_dispatch [ RunTime:0.000219s ]
[ info ] [ ROUTE ] array (
  'type' => 'method',
  'method' => 
  array (
    0 => '\\think\\addons\\Route',
    1 => 'execute',
  ),
  'var' => 
  array (
    'addon' => 'cms',
    'controller' => 'channel',
    'action' => 'index',
  ),
)
[ info ] [ HEADER ] array (
  'cookie' => 'PHPSESSID=an96s5rp84iq047qi9nl4lqjgi',
  'accept-language' => 'zh-CN,zh;q=0.8',
  'connection' => 'keep-alive',
  'accept' => 'text/html,application/xhtml+xml,application/xml;q=0.9,image/webp,image/apng,*/*;q=0.8',
  'accept-encoding' => 'gzip, deflate',
  'user-agent' => 'Mozilla/5.0 (Windows NT 10.0; Win64; x64) AppleWebKit/537.36 (KHTML, like Gecko) Chrome/59.0.3071.115 Safari/537.36',
  'host' => 'yanshi.zhoujiangshou.top',
  'content-type' => '',
  'content-length' => '',
)
[ info ] [ PARAM ] array (
  'diyname' => 'env',
)
[ info ] [ RUN ] think\addons\Route->execute[ /www/wwwroot/yanshi.zhoujiangshou.top/vendor/karsonzhang/fastadmin-addons/src/addons/Route.php ]
[ info ] [ LANG ] /www/wwwroot/yanshi.zhoujiangshou.top/public/../application/common/lang/zh-cn/addon.php
[ info ] [ BEHAVIOR ] Run app\common\behavior\Common @addon_begin [ RunTime:0.001196s ]
[ info ] [ LANG ] /www/wwwroot/yanshi.zhoujiangshou.top/addons/cms/lang/zh-cn.php
[ info ] [ DB ] INIT mysql
[ info ] [ VIEW ] /www/wwwroot/yanshi.zhoujiangshou.top/public/../application/common/view/tpl/dispatch_jump.tpl [ array (
  0 => 'config',
  1 => 'user',
  2 => 'site',
  3 => '__CHANNEL__',
  4 => 'code',
  5 => 'msg',
  6 => 'data',
  7 => 'url',
  8 => 'wait',
) ]
[ info ] [ BEHAVIOR ] Run \addons\cms\Cms @view_filter [ RunTime:0.000099s ]
[ info ] [ LOG ] INIT File
---------------------------------------------------------------
[ 2021-02-18T23:03:44+08:00 ] 47.103.80.73 GET yanshi.zhoujiangshou.top/index.php/explicit_not_exist_path
[运行时间：0.054605s] [吞吐率：18.31req/s] [内存消耗：4,055.98kb] [文件加载：140]
[ info ] [ BEHAVIOR ] Run Closure @app_init [ RunTime:0.000020s ]
[ info ] [ CACHE ] INIT File
[ info ] [ BEHAVIOR ] Run \addons\cms\Cms @app_init [ RunTime:0.002749s ]
[ info ] [ BEHAVIOR ] Run Closure @app_init [ RunTime:0.002776s ]
[ info ] [ LANG ] /www/wwwroot/yanshi.zhoujiangshou.top/thinkphp/lang/zh-cn.php
[ info ] [ BEHAVIOR ] Run app\common\behavior\Common @app_dispatch [ RunTime:0.000287s ]
[ info ] [ ROUTE ] array (
  'type' => 'method',
  'method' => 
  array (
    0 => '\\think\\addons\\Route',
    1 => 'execute',
  ),
  'var' => 
  array (
    'addon' => 'cms',
    'controller' => 'channel',
    'action' => 'index',
  ),
)
[ info ] [ HEADER ] array (
  'cookie' => 'PHPSESSID=an96s5rp84iq047qi9nl4lqjgi',
  'accept-language' => 'zh-CN,zh;q=0.8',
  'connection' => 'keep-alive',
  'accept' => 'text/html,application/xhtml+xml,application/xml;q=0.9,image/webp,image/apng,*/*;q=0.8',
  'accept-encoding' => 'gzip, deflate',
  'user-agent' => 'Mozilla/5.0 (Windows NT 10.0; Win64; x64) AppleWebKit/537.36 (KHTML, like Gecko) Chrome/59.0.3071.115 Safari/537.36',
  'host' => 'yanshi.zhoujiangshou.top',
  'content-type' => '',
  'content-length' => '',
)
[ info ] [ PARAM ] array (
  'diyname' => 'explicit_not_exist_path',
)
[ info ] [ RUN ] think\addons\Route->execute[ /www/wwwroot/yanshi.zhoujiangshou.top/vendor/karsonzhang/fastadmin-addons/src/addons/Route.php ]
[ info ] [ LANG ] /www/wwwroot/yanshi.zhoujiangshou.top/public/../application/common/lang/zh-cn/addon.php
[ info ] [ BEHAVIOR ] Run app\common\behavior\Common @addon_begin [ RunTime:0.001504s ]
[ info ] [ LANG ] /www/wwwroot/yanshi.zhoujiangshou.top/addons/cms/lang/zh-cn.php
[ info ] [ DB ] INIT mysql
[ info ] [ VIEW ] /www/wwwroot/yanshi.zhoujiangshou.top/public/../application/common/view/tpl/dispatch_jump.tpl [ array (
  0 => 'config',
  1 => 'user',
  2 => 'site',
  3 => '__CHANNEL__',
  4 => 'code',
  5 => 'msg',
  6 => 'data',
  7 => 'url',
  8 => 'wait',
) ]
[ info ] [ BEHAVIOR ] Run \addons\cms\Cms @view_filter [ RunTime:0.000099s ]
[ info ] [ LOG ] INIT File
---------------------------------------------------------------
[ 2021-02-18T23:03:44+08:00 ] 47.103.80.73 GET yanshi.zhoujiangshou.top/static/.gitignore
[运行时间：0.026991s] [吞吐率：37.05req/s] [内存消耗：2,325.87kb] [文件加载：119]
[ info ] [ BEHAVIOR ] Run Closure @app_init [ RunTime:0.000020s ]
[ info ] [ CACHE ] INIT File
[ info ] [ BEHAVIOR ] Run \addons\cms\Cms @app_init [ RunTime:0.002509s ]
[ info ] [ BEHAVIOR ] Run Closure @app_init [ RunTime:0.002532s ]
[ info ] [ LANG ] /www/wwwroot/yanshi.zhoujiangshou.top/thinkphp/lang/zh-cn.php
[ info ] [ BEHAVIOR ] Run app\common\behavior\Common @app_dispatch [ RunTime:0.000246s ]
[ info ] [ ROUTE ] array (
  'type' => 'module',
  'module' => 
  array (
    0 => 'static',
    1 => '.gitignore',
    2 => NULL,
  ),
)
[ info ] [ HEADER ] array (
  'cookie' => 'PHPSESSID=an96s5rp84iq047qi9nl4lqjgi',
  'accept-language' => 'zh-CN,zh;q=0.8',
  'connection' => 'keep-alive',
  'accept' => 'text/html,application/xhtml+xml,application/xml;q=0.9,image/webp,image/apng,*/*;q=0.8',
  'accept-encoding' => 'gzip, deflate',
  'user-agent' => 'Mozilla/5.0 (Windows NT 10.0; Win64; x64) AppleWebKit/537.36 (KHTML, like Gecko) Chrome/59.0.3071.115 Safari/537.36',
  'host' => 'yanshi.zhoujiangshou.top',
  'content-type' => '',
  'content-length' => '',
)
[ info ] [ PARAM ] array (
)
[ info ] [ LOG ] INIT File
---------------------------------------------------------------
[ 2021-02-18T23:03:44+08:00 ] 47.103.80.73 GET yanshi.zhoujiangshou.top/4e5e5d7364f443e28fbf0d3ae744a59a
[运行时间：0.051973s] [吞吐率：19.24req/s] [内存消耗：4,059.08kb] [文件加载：140]
[ info ] [ BEHAVIOR ] Run Closure @app_init [ RunTime:0.000020s ]
[ info ] [ CACHE ] INIT File
[ info ] [ BEHAVIOR ] Run \addons\cms\Cms @app_init [ RunTime:0.002544s ]
[ info ] [ BEHAVIOR ] Run Closure @app_init [ RunTime:0.002569s ]
[ info ] [ LANG ] /www/wwwroot/yanshi.zhoujiangshou.top/thinkphp/lang/zh-cn.php
[ info ] [ BEHAVIOR ] Run app\common\behavior\Common @app_dispatch [ RunTime:0.000216s ]
[ info ] [ ROUTE ] array (
  'type' => 'method',
  'method' => 
  array (
    0 => '\\think\\addons\\Route',
    1 => 'execute',
  ),
  'var' => 
  array (
    'addon' => 'cms',
    'controller' => 'channel',
    'action' => 'index',
  ),
)
[ info ] [ HEADER ] array (
  'cookie' => 'PHPSESSID=an96s5rp84iq047qi9nl4lqjgi',
  'accept-language' => 'zh-CN,zh;q=0.8',
  'connection' => 'keep-alive',
  'accept' => 'text/html,application/xhtml+xml,application/xml;q=0.9,image/webp,image/apng,*/*;q=0.8',
  'accept-encoding' => 'gzip, deflate',
  'user-agent' => 'Mozilla/5.0 (Windows NT 10.0; Win64; x64) AppleWebKit/537.36 (KHTML, like Gecko) Chrome/59.0.3071.115 Safari/537.36',
  'host' => 'yanshi.zhoujiangshou.top',
  'content-type' => '',
  'content-length' => '',
)
[ info ] [ PARAM ] array (
  'diyname' => '4e5e5d7364f443e28fbf0d3ae744a59a',
)
[ info ] [ RUN ] think\addons\Route->execute[ /www/wwwroot/yanshi.zhoujiangshou.top/vendor/karsonzhang/fastadmin-addons/src/addons/Route.php ]
[ info ] [ LANG ] /www/wwwroot/yanshi.zhoujiangshou.top/public/../application/common/lang/zh-cn/addon.php
[ info ] [ BEHAVIOR ] Run app\common\behavior\Common @addon_begin [ RunTime:0.001318s ]
[ info ] [ LANG ] /www/wwwroot/yanshi.zhoujiangshou.top/addons/cms/lang/zh-cn.php
[ info ] [ DB ] INIT mysql
[ info ] [ VIEW ] /www/wwwroot/yanshi.zhoujiangshou.top/public/../application/common/view/tpl/dispatch_jump.tpl [ array (
  0 => 'config',
  1 => 'user',
  2 => 'site',
  3 => '__CHANNEL__',
  4 => 'code',
  5 => 'msg',
  6 => 'data',
  7 => 'url',
  8 => 'wait',
) ]
[ info ] [ BEHAVIOR ] Run \addons\cms\Cms @view_filter [ RunTime:0.000072s ]
[ info ] [ LOG ] INIT File
---------------------------------------------------------------
[ 2021-02-18T23:03:44+08:00 ] 47.103.80.73 GET yanshi.zhoujiangshou.top/?c=4e5e5d7364f443e28fbf0d3ae744a59a
[运行时间：0.057757s] [吞吐率：17.31req/s] [内存消耗：4,178.62kb] [文件加载：143]
[ info ] [ BEHAVIOR ] Run Closure @app_init [ RunTime:0.000019s ]
[ info ] [ CACHE ] INIT File
[ info ] [ BEHAVIOR ] Run \addons\cms\Cms @app_init [ RunTime:0.002608s ]
[ info ] [ BEHAVIOR ] Run Closure @app_init [ RunTime:0.002626s ]
[ info ] [ LANG ] /www/wwwroot/yanshi.zhoujiangshou.top/thinkphp/lang/zh-cn.php
[ info ] [ BEHAVIOR ] Run app\common\behavior\Common @app_dispatch [ RunTime:0.000217s ]
[ info ] [ ROUTE ] array (
  'type' => 'method',
  'method' => 
  array (
    0 => '\\think\\addons\\Route',
    1 => 'execute',
  ),
  'var' => 
  array (
    'addon' => 'cms',
    'controller' => 'index',
    'action' => 'index',
  ),
)
[ info ] [ HEADER ] array (
  'cookie' => 'PHPSESSID=an96s5rp84iq047qi9nl4lqjgi',
  'accept-language' => 'zh-CN,zh;q=0.8',
  'connection' => 'keep-alive',
  'accept' => 'text/html,application/xhtml+xml,application/xml;q=0.9,image/webp,image/apng,*/*;q=0.8',
  'accept-encoding' => 'gzip, deflate',
  'user-agent' => 'Mozilla/5.0 (Windows NT 10.0; Win64; x64) AppleWebKit/537.36 (KHTML, like Gecko) Chrome/59.0.3071.115 Safari/537.36',
  'host' => 'yanshi.zhoujiangshou.top',
  'content-type' => '',
  'content-length' => '',
)
[ info ] [ PARAM ] array (
  'c' => '4e5e5d7364f443e28fbf0d3ae744a59a',
)
[ info ] [ RUN ] think\addons\Route->execute[ /www/wwwroot/yanshi.zhoujiangshou.top/vendor/karsonzhang/fastadmin-addons/src/addons/Route.php ]
[ info ] [ LANG ] /www/wwwroot/yanshi.zhoujiangshou.top/public/../application/common/lang/zh-cn/addon.php
[ info ] [ BEHAVIOR ] Run app\common\behavior\Common @addon_begin [ RunTime:0.001435s ]
[ info ] [ LANG ] /www/wwwroot/yanshi.zhoujiangshou.top/addons/cms/lang/zh-cn.php
[ info ] [ VIEW ] /www/wwwroot/yanshi.zhoujiangshou.top/addons/cms/view/default/index.html [ array (
  0 => 'config',
  1 => 'user',
  2 => 'site',
  3 => '__CHANNEL__',
) ]
[ info ] [ DB ] INIT mysql
[ info ] [ SESSION ] INIT array (
  'id' => '',
  'var_session_id' => '',
  'prefix' => 'think',
  'type' => '',
  'auto_start' => true,
)
[ info ] [ BEHAVIOR ] Run \addons\cms\Cms @view_filter [ RunTime:0.000065s ]
[ info ] [ LOG ] INIT File
---------------------------------------------------------------
[ 2021-02-18T23:03:44+08:00 ] 47.103.80.73 GET yanshi.zhoujiangshou.top/images/ofbiz.ico
[运行时间：0.036870s] [吞吐率：27.12req/s] [内存消耗：2,325.87kb] [文件加载：119]
[ info ] [ BEHAVIOR ] Run Closure @app_init [ RunTime:0.000028s ]
[ info ] [ CACHE ] INIT File
[ info ] [ BEHAVIOR ] Run \addons\cms\Cms @app_init [ RunTime:0.003556s ]
[ info ] [ BEHAVIOR ] Run Closure @app_init [ RunTime:0.003596s ]
[ info ] [ LANG ] /www/wwwroot/yanshi.zhoujiangshou.top/thinkphp/lang/zh-cn.php
[ info ] [ BEHAVIOR ] Run app\common\behavior\Common @app_dispatch [ RunTime:0.000343s ]
[ info ] [ ROUTE ] array (
  'type' => 'module',
  'module' => 
  array (
    0 => 'images',
    1 => 'ofbiz.ico',
    2 => NULL,
  ),
)
[ info ] [ HEADER ] array (
  'cookie' => 'PHPSESSID=an96s5rp84iq047qi9nl4lqjgi',
  'accept-language' => 'zh-CN,zh;q=0.8',
  'connection' => 'keep-alive',
  'accept' => 'text/html,application/xhtml+xml,application/xml;q=0.9,image/webp,image/apng,*/*;q=0.8',
  'accept-encoding' => 'gzip, deflate',
  'user-agent' => 'Mozilla/5.0 (Windows NT 10.0; Win64; x64) AppleWebKit/537.36 (KHTML, like Gecko) Chrome/59.0.3071.115 Safari/537.36',
  'host' => 'yanshi.zhoujiangshou.top',
  'content-type' => '',
  'content-length' => '',
)
[ info ] [ PARAM ] array (
)
[ info ] [ LOG ] INIT File
---------------------------------------------------------------
[ 2021-02-18T23:03:44+08:00 ] 47.103.80.73 GET yanshi.zhoujiangshou.top/phpMyAdmin/
[运行时间：0.063977s] [吞吐率：15.63req/s] [内存消耗：4,058.95kb] [文件加载：140]
[ info ] [ BEHAVIOR ] Run Closure @app_init [ RunTime:0.000022s ]
[ info ] [ CACHE ] INIT File
[ info ] [ BEHAVIOR ] Run \addons\cms\Cms @app_init [ RunTime:0.002932s ]
[ info ] [ BEHAVIOR ] Run Closure @app_init [ RunTime:0.002968s ]
[ info ] [ LANG ] /www/wwwroot/yanshi.zhoujiangshou.top/thinkphp/lang/zh-cn.php
[ info ] [ BEHAVIOR ] Run app\common\behavior\Common @app_dispatch [ RunTime:0.000254s ]
[ info ] [ ROUTE ] array (
  'type' => 'method',
  'method' => 
  array (
    0 => '\\think\\addons\\Route',
    1 => 'execute',
  ),
  'var' => 
  array (
    'addon' => 'cms',
    'controller' => 'channel',
    'action' => 'index',
  ),
)
[ info ] [ HEADER ] array (
  'cookie' => 'PHPSESSID=an96s5rp84iq047qi9nl4lqjgi',
  'accept-language' => 'zh-CN,zh;q=0.8',
  'connection' => 'keep-alive',
  'accept' => 'text/html,application/xhtml+xml,application/xml;q=0.9,image/webp,image/apng,*/*;q=0.8',
  'accept-encoding' => 'gzip, deflate',
  'user-agent' => 'Mozilla/5.0 (Windows NT 10.0; Win64; x64) AppleWebKit/537.36 (KHTML, like Gecko) Chrome/59.0.3071.115 Safari/537.36',
  'host' => 'yanshi.zhoujiangshou.top',
  'content-type' => '',
  'content-length' => '',
)
[ info ] [ PARAM ] array (
  'diyname' => 'phpMyAdmin',
)
[ info ] [ RUN ] think\addons\Route->execute[ /www/wwwroot/yanshi.zhoujiangshou.top/vendor/karsonzhang/fastadmin-addons/src/addons/Route.php ]
[ info ] [ LANG ] /www/wwwroot/yanshi.zhoujiangshou.top/public/../application/common/lang/zh-cn/addon.php
[ info ] [ BEHAVIOR ] Run app\common\behavior\Common @addon_begin [ RunTime:0.001699s ]
[ info ] [ LANG ] /www/wwwroot/yanshi.zhoujiangshou.top/addons/cms/lang/zh-cn.php
[ info ] [ DB ] INIT mysql
[ info ] [ VIEW ] /www/wwwroot/yanshi.zhoujiangshou.top/public/../application/common/view/tpl/dispatch_jump.tpl [ array (
  0 => 'config',
  1 => 'user',
  2 => 'site',
  3 => '__CHANNEL__',
  4 => 'code',
  5 => 'msg',
  6 => 'data',
  7 => 'url',
  8 => 'wait',
) ]
[ info ] [ BEHAVIOR ] Run \addons\cms\Cms @view_filter [ RunTime:0.000085s ]
[ info ] [ LOG ] INIT File
---------------------------------------------------------------
[ 2021-02-18T23:03:44+08:00 ] 47.103.80.73 GET yanshi.zhoujiangshou.top/phpmyadmin/
[运行时间：0.057556s] [吞吐率：17.37req/s] [内存消耗：4,058.95kb] [文件加载：140]
[ info ] [ BEHAVIOR ] Run Closure @app_init [ RunTime:0.000018s ]
[ info ] [ CACHE ] INIT File
[ info ] [ BEHAVIOR ] Run \addons\cms\Cms @app_init [ RunTime:0.002438s ]
[ info ] [ BEHAVIOR ] Run Closure @app_init [ RunTime:0.002464s ]
[ info ] [ LANG ] /www/wwwroot/yanshi.zhoujiangshou.top/thinkphp/lang/zh-cn.php
[ info ] [ BEHAVIOR ] Run app\common\behavior\Common @app_dispatch [ RunTime:0.000223s ]
[ info ] [ ROUTE ] array (
  'type' => 'method',
  'method' => 
  array (
    0 => '\\think\\addons\\Route',
    1 => 'execute',
  ),
  'var' => 
  array (
    'addon' => 'cms',
    'controller' => 'channel',
    'action' => 'index',
  ),
)
[ info ] [ HEADER ] array (
  'cookie' => 'PHPSESSID=an96s5rp84iq047qi9nl4lqjgi',
  'accept-language' => 'zh-CN,zh;q=0.8',
  'connection' => 'keep-alive',
  'accept' => 'text/html,application/xhtml+xml,application/xml;q=0.9,image/webp,image/apng,*/*;q=0.8',
  'accept-encoding' => 'gzip, deflate',
  'user-agent' => 'Mozilla/5.0 (Windows NT 10.0; Win64; x64) AppleWebKit/537.36 (KHTML, like Gecko) Chrome/59.0.3071.115 Safari/537.36',
  'host' => 'yanshi.zhoujiangshou.top',
  'content-type' => '',
  'content-length' => '',
)
[ info ] [ PARAM ] array (
  'diyname' => 'phpmyadmin',
)
[ info ] [ RUN ] think\addons\Route->execute[ /www/wwwroot/yanshi.zhoujiangshou.top/vendor/karsonzhang/fastadmin-addons/src/addons/Route.php ]
[ info ] [ LANG ] /www/wwwroot/yanshi.zhoujiangshou.top/public/../application/common/lang/zh-cn/addon.php
[ info ] [ BEHAVIOR ] Run app\common\behavior\Common @addon_begin [ RunTime:0.001676s ]
[ info ] [ LANG ] /www/wwwroot/yanshi.zhoujiangshou.top/addons/cms/lang/zh-cn.php
[ info ] [ DB ] INIT mysql
[ info ] [ VIEW ] /www/wwwroot/yanshi.zhoujiangshou.top/public/../application/common/view/tpl/dispatch_jump.tpl [ array (
  0 => 'config',
  1 => 'user',
  2 => 'site',
  3 => '__CHANNEL__',
  4 => 'code',
  5 => 'msg',
  6 => 'data',
  7 => 'url',
  8 => 'wait',
) ]
[ info ] [ BEHAVIOR ] Run \addons\cms\Cms @view_filter [ RunTime:0.000071s ]
[ info ] [ LOG ] INIT File
---------------------------------------------------------------
[ 2021-02-18T23:03:45+08:00 ] 47.103.80.73 GET yanshi.zhoujiangshou.top/wcm/
[运行时间：0.050721s] [吞吐率：19.72req/s] [内存消耗：4,058.88kb] [文件加载：140]
[ info ] [ BEHAVIOR ] Run Closure @app_init [ RunTime:0.000020s ]
[ info ] [ CACHE ] INIT File
[ info ] [ BEHAVIOR ] Run \addons\cms\Cms @app_init [ RunTime:0.002413s ]
[ info ] [ BEHAVIOR ] Run Closure @app_init [ RunTime:0.002438s ]
[ info ] [ LANG ] /www/wwwroot/yanshi.zhoujiangshou.top/thinkphp/lang/zh-cn.php
[ info ] [ BEHAVIOR ] Run app\common\behavior\Common @app_dispatch [ RunTime:0.000220s ]
[ info ] [ ROUTE ] array (
  'type' => 'method',
  'method' => 
  array (
    0 => '\\think\\addons\\Route',
    1 => 'execute',
  ),
  'var' => 
  array (
    'addon' => 'cms',
    'controller' => 'channel',
    'action' => 'index',
  ),
)
[ info ] [ HEADER ] array (
  'cookie' => 'PHPSESSID=an96s5rp84iq047qi9nl4lqjgi',
  'accept-language' => 'zh-CN,zh;q=0.8',
  'connection' => 'keep-alive',
  'accept' => 'text/html,application/xhtml+xml,application/xml;q=0.9,image/webp,image/apng,*/*;q=0.8',
  'accept-encoding' => 'gzip, deflate',
  'user-agent' => 'Mozilla/5.0 (Windows NT 10.0; Win64; x64) AppleWebKit/537.36 (KHTML, like Gecko) Chrome/59.0.3071.115 Safari/537.36',
  'host' => 'yanshi.zhoujiangshou.top',
  'content-type' => '',
  'content-length' => '',
)
[ info ] [ PARAM ] array (
  'diyname' => 'wcm',
)
[ info ] [ RUN ] think\addons\Route->execute[ /www/wwwroot/yanshi.zhoujiangshou.top/vendor/karsonzhang/fastadmin-addons/src/addons/Route.php ]
[ info ] [ LANG ] /www/wwwroot/yanshi.zhoujiangshou.top/public/../application/common/lang/zh-cn/addon.php
[ info ] [ BEHAVIOR ] Run app\common\behavior\Common @addon_begin [ RunTime:0.001229s ]
[ info ] [ LANG ] /www/wwwroot/yanshi.zhoujiangshou.top/addons/cms/lang/zh-cn.php
[ info ] [ DB ] INIT mysql
[ info ] [ VIEW ] /www/wwwroot/yanshi.zhoujiangshou.top/public/../application/common/view/tpl/dispatch_jump.tpl [ array (
  0 => 'config',
  1 => 'user',
  2 => 'site',
  3 => '__CHANNEL__',
  4 => 'code',
  5 => 'msg',
  6 => 'data',
  7 => 'url',
  8 => 'wait',
) ]
[ info ] [ BEHAVIOR ] Run \addons\cms\Cms @view_filter [ RunTime:0.000091s ]
[ info ] [ LOG ] INIT File
