---------------------------------------------------------------
[ 2021-03-10T16:48:52+08:00 ] 113.246.154.157 GET zhoujiangshou.top/product/abc.html
[ error ] [0]致命错误: Class 'addons\cms\model\Archives' not found
---------------------------------------------------------------
[ 2021-03-10T16:54:00+08:00 ] 113.246.154.157 GET zhoujiangshou.top/product/11.html
[ error ] [2]Illegal string offset 'title'
---------------------------------------------------------------
[ 2021-03-10T16:54:04+08:00 ] 113.246.154.157 GET zhoujiangshou.top/product/11.html
[ error ] [2]Illegal string offset 'title'
---------------------------------------------------------------
[ 2021-03-10T16:54:05+08:00 ] 113.246.154.157 GET zhoujiangshou.top/product/11.html
[ error ] [2]Illegal string offset 'title'
---------------------------------------------------------------
[ 2021-03-10T16:54:06+08:00 ] 113.246.154.157 GET zhoujiangshou.top/product/11.html
[ error ] [2]Illegal string offset 'title'
---------------------------------------------------------------
[ 2021-03-10T16:54:31+08:00 ] 113.246.154.157 GET zhoujiangshou.top/product/11.html
[ error ] [2]Illegal string offset 'title'
---------------------------------------------------------------
[ 2021-03-10T16:54:45+08:00 ] 113.246.154.157 GET zhoujiangshou.top/product/11.html
[ error ] [2]Illegal string offset 'title'
---------------------------------------------------------------
[ 2021-03-10T16:56:08+08:00 ] 113.246.154.157 GET zhoujiangshou.top/product/12.html
[ error ] [2]Illegal string offset 'title'
---------------------------------------------------------------
[ 2021-03-10T16:56:50+08:00 ] 113.246.154.157 GET zhoujiangshou.top/product/12.html
[ error ] [2]Illegal string offset 'title'
---------------------------------------------------------------
[ 2021-03-10T16:56:57+08:00 ] 113.246.154.157 GET zhoujiangshou.top/product/12.html
[ error ] [2]Illegal string offset 'title'
---------------------------------------------------------------
[ 2021-03-10T16:57:11+08:00 ] 113.246.154.157 GET zhoujiangshou.top/product/12.html
[运行时间：0.199609s] [吞吐率：5.01req/s] [内存消耗：4,530.09kb] [文件加载：152]
[ info ] [ BEHAVIOR ] Run Closure @app_init [ RunTime:0.000044s ]
[ info ] [ CACHE ] INIT File
[ info ] [ BEHAVIOR ] Run \addons\cms\Cms @app_init [ RunTime:0.003498s ]
[ info ] [ BEHAVIOR ] Run Closure @app_init [ RunTime:0.003534s ]
[ info ] [ LANG ] /www/wwwroot/zhoujiangshou.top/thinkphp/lang/zh-cn.php
[ info ] [ BEHAVIOR ] Run app\common\behavior\Common @app_dispatch [ RunTime:0.000301s ]
[ info ] [ ROUTE ] array (
  'type' => 'method',
  'method' => 
  array (
    0 => '\\think\\addons\\Route',
    1 => 'execute',
  ),
  'var' => 
  array (
    'addon' => 'cms',
    'controller' => 'archives',
    'action' => 'index',
  ),
)
[ info ] [ HEADER ] array (
  'cookie' => 'PHPSESSID=n6bov26n69jsnm3tkqqah4vg28; think_var=zh-cn',
  'accept-language' => 'zh-CN,zh;q=0.9',
  'accept-encoding' => 'gzip, deflate, br',
  'sec-fetch-mode' => 'navigate',
  'sec-fetch-site' => 'same-origin',
  'accept' => 'text/html,application/xhtml+xml,application/xml;q=0.9,image/webp,image/apng,*/*;q=0.8,application/signed-exchange;v=b3',
  'sec-fetch-user' => '?1',
  'user-agent' => 'Mozilla/5.0 (Windows NT 6.1; WOW64) AppleWebKit/537.36 (KHTML, like Gecko) Chrome/78.0.3904.108 Safari/537.36',
  'upgrade-insecure-requests' => '1',
  'cache-control' => 'max-age=0',
  'host' => 'zhoujiangshou.top',
  'content-type' => '',
  'content-length' => '',
)
[ info ] [ PARAM ] array (
  'catename' => 'product',
  'diyname' => '12',
)
[ info ] [ RUN ] think\addons\Route->execute[ /www/wwwroot/zhoujiangshou.top/vendor/karsonzhang/fastadmin-addons/src/addons/Route.php ]
[ info ] [ LANG ] /www/wwwroot/zhoujiangshou.top/public/../application/common/lang/zh-cn/addon.php
[ info ] [ BEHAVIOR ] Run app\common\behavior\Common @addon_begin [ RunTime:0.001315s ]
[ info ] [ LANG ] /www/wwwroot/zhoujiangshou.top/addons/cms/lang/zh-cn.php
[ info ] [ DB ] INIT mysql
[ info ] [ VIEW ] /www/wwwroot/zhoujiangshou.top/addons/cms/view/default/show_product.html [ array (
  0 => 'config',
  1 => 'user',
  2 => 'site',
  3 => '__CHANNEL__',
  4 => '__ARCHIVES__',
  5 => '__MODEL__',
) ]
[ info ] [ LOG ] INIT File
[ error ] [2]Illegal string offset 'title'[/www/wwwroot/zhoujiangshou.top/runtime/temp/9cea4880cccedf2688f9956bfb858acd.php:176]
---------------------------------------------------------------
[ 2021-03-10T16:57:37+08:00 ] 113.246.154.157 GET zhoujiangshou.top/cms.php/cms/archives/edit/ids/12?addtabs=1
[运行时间：0.099666s] [吞吐率：10.03req/s] [内存消耗：4,744.44kb] [文件加载：146]
[ info ] [ BEHAVIOR ] Run Closure @app_init [ RunTime:0.000046s ]
[ info ] [ CACHE ] INIT File
[ info ] [ BEHAVIOR ] Run \addons\cms\Cms @app_init [ RunTime:0.004113s ]
[ info ] [ BEHAVIOR ] Run Closure @app_init [ RunTime:0.004152s ]
[ info ] [ LANG ] /www/wwwroot/zhoujiangshou.top/thinkphp/lang/zh-cn.php
[ info ] [ BEHAVIOR ] Run app\common\behavior\Common @app_dispatch [ RunTime:0.000296s ]
[ info ] [ ROUTE ] array (
  'type' => 'module',
  'module' => 
  array (
    0 => 'admin',
    1 => 'cms.archives',
    2 => 'edit',
  ),
)
[ info ] [ HEADER ] array (
  'cookie' => 'PHPSESSID=n6bov26n69jsnm3tkqqah4vg28; think_var=zh-cn',
  'accept-language' => 'zh-CN,zh;q=0.9',
  'accept-encoding' => 'gzip, deflate, br',
  'sec-fetch-mode' => 'nested-navigate',
  'sec-fetch-site' => 'same-origin',
  'accept' => 'text/html,application/xhtml+xml,application/xml;q=0.9,image/webp,image/apng,*/*;q=0.8,application/signed-exchange;v=b3',
  'user-agent' => 'Mozilla/5.0 (Windows NT 6.1; WOW64) AppleWebKit/537.36 (KHTML, like Gecko) Chrome/78.0.3904.108 Safari/537.36',
  'upgrade-insecure-requests' => '1',
  'host' => 'zhoujiangshou.top',
  'content-type' => '',
  'content-length' => '',
)
[ info ] [ PARAM ] array (
  'addtabs' => '1',
  'ids' => '12',
)
[ info ] [ LANG ] /www/wwwroot/zhoujiangshou.top/public/../application/admin/lang/zh-cn.php
[ info ] [ BEHAVIOR ] Run app\common\behavior\Common @module_init [ RunTime:0.001813s ]
[ info ] [ SESSION ] INIT array (
  'id' => '',
  'var_session_id' => '',
  'prefix' => 'think',
  'type' => '',
  'auto_start' => true,
)
[ info ] [ DB ] INIT mysql
[ info ] [ LANG ] /www/wwwroot/zhoujiangshou.top/public/../application/admin/lang/zh-cn/cms/archives.php
[ info ] [ RUN ] app\admin\controller\cms\Archives->edit[ /www/wwwroot/zhoujiangshou.top/application/admin/controller/cms/Archives.php ]
[ info ] [ VIEW ] /www/wwwroot/zhoujiangshou.top/public/../application/admin/view/cms/archives/edit.html [ array (
  0 => 'breadcrumb',
  1 => 'site',
  2 => 'config',
  3 => 'auth',
  4 => 'admin',
  5 => 'channelOptions',
  6 => 'secondChannelOptions',
  7 => 'flagList',
  8 => 'statusList',
  9 => 'row',
) ]
[ info ] [ BEHAVIOR ] Run \addons\cms\Cms @view_filter [ RunTime:0.000060s ]
[ info ] [ BEHAVIOR ] Run app\admin\behavior\AdminLog @app_end [ RunTime:0.000171s ]
[ info ] [ LOG ] INIT File
---------------------------------------------------------------
[ 2021-03-10T16:57:44+08:00 ] 113.246.154.157 GET zhoujiangshou.top/cms.php/ajax/lang?callback=define&controllername=cms.archives&lang=zh-cn&v=1615366657&v=1615366657
[运行时间：0.035130s] [吞吐率：28.47req/s] [内存消耗：3,437.40kb] [文件加载：134]
[ info ] [ BEHAVIOR ] Run Closure @app_init [ RunTime:0.000020s ]
[ info ] [ CACHE ] INIT File
[ info ] [ BEHAVIOR ] Run \addons\cms\Cms @app_init [ RunTime:0.002420s ]
[ info ] [ BEHAVIOR ] Run Closure @app_init [ RunTime:0.002445s ]
[ info ] [ LANG ] /www/wwwroot/zhoujiangshou.top/thinkphp/lang/zh-cn.php
[ info ] [ BEHAVIOR ] Run app\common\behavior\Common @app_dispatch [ RunTime:0.000217s ]
[ info ] [ ROUTE ] array (
  'type' => 'module',
  'module' => 
  array (
    0 => 'admin',
    1 => 'ajax',
    2 => 'lang',
  ),
)
[ info ] [ HEADER ] array (
  'cookie' => 'PHPSESSID=n6bov26n69jsnm3tkqqah4vg28; think_var=zh-cn',
  'accept-language' => 'zh-CN,zh;q=0.9',
  'accept-encoding' => 'gzip, deflate, br',
  'sec-fetch-mode' => 'no-cors',
  'sec-fetch-site' => 'same-origin',
  'accept' => '*/*',
  'user-agent' => 'Mozilla/5.0 (Windows NT 6.1; WOW64) AppleWebKit/537.36 (KHTML, like Gecko) Chrome/78.0.3904.108 Safari/537.36',
  'host' => 'zhoujiangshou.top',
  'content-type' => '',
  'content-length' => '',
)
[ info ] [ PARAM ] array (
  'callback' => 'define',
  'controllername' => 'cms.archives',
  'lang' => 'zh-cn',
  'v' => '1615366657',
)
[ info ] [ LANG ] /www/wwwroot/zhoujiangshou.top/public/../application/admin/lang/zh-cn.php
[ info ] [ BEHAVIOR ] Run app\common\behavior\Common @module_init [ RunTime:0.001449s ]
[ info ] [ SESSION ] INIT array (
  'id' => '',
  'var_session_id' => '',
  'prefix' => 'think',
  'type' => '',
  'auto_start' => true,
)
[ info ] [ LANG ] /www/wwwroot/zhoujiangshou.top/public/../application/admin/lang/zh-cn/ajax.php
[ info ] [ RUN ] app\admin\controller\Ajax->lang[ /www/wwwroot/zhoujiangshou.top/application/admin/controller/Ajax.php ]
[ info ] [ LANG ] /www/wwwroot/zhoujiangshou.top/public/../application/admin/lang/zh-cn/cms/archives.php
[ info ] [ BEHAVIOR ] Run app\admin\behavior\AdminLog @app_end [ RunTime:0.000123s ]
[ info ] [ LOG ] INIT File
---------------------------------------------------------------
[ 2021-03-10T16:57:50+08:00 ] 113.246.154.157 GET zhoujiangshou.top/cms.php/cms/archives/edit/ids/12?ref=addtabs
[运行时间：0.071122s] [吞吐率：14.06req/s] [内存消耗：4,090.03kb] [文件加载：137]
[ info ] [ BEHAVIOR ] Run Closure @app_init [ RunTime:0.000027s ]
[ info ] [ CACHE ] INIT File
[ info ] [ BEHAVIOR ] Run \addons\cms\Cms @app_init [ RunTime:0.002872s ]
[ info ] [ BEHAVIOR ] Run Closure @app_init [ RunTime:0.002893s ]
[ info ] [ LANG ] /www/wwwroot/zhoujiangshou.top/thinkphp/lang/zh-cn.php
[ info ] [ BEHAVIOR ] Run app\common\behavior\Common @app_dispatch [ RunTime:0.000239s ]
[ info ] [ ROUTE ] array (
  'type' => 'module',
  'module' => 
  array (
    0 => 'admin',
    1 => 'cms.archives',
    2 => 'edit',
  ),
)
[ info ] [ HEADER ] array (
  'cookie' => 'PHPSESSID=n6bov26n69jsnm3tkqqah4vg28; think_var=zh-cn',
  'accept-language' => 'zh-CN,zh;q=0.9',
  'accept-encoding' => 'gzip, deflate, br',
  'sec-fetch-mode' => 'navigate',
  'sec-fetch-site' => 'same-origin',
  'accept' => 'text/html,application/xhtml+xml,application/xml;q=0.9,image/webp,image/apng,*/*;q=0.8,application/signed-exchange;v=b3',
  'sec-fetch-user' => '?1',
  'user-agent' => 'Mozilla/5.0 (Windows NT 6.1; WOW64) AppleWebKit/537.36 (KHTML, like Gecko) Chrome/78.0.3904.108 Safari/537.36',
  'upgrade-insecure-requests' => '1',
  'cache-control' => 'max-age=0',
  'host' => 'zhoujiangshou.top',
  'content-type' => '',
  'content-length' => '',
)
[ info ] [ PARAM ] array (
  'ref' => 'addtabs',
  'ids' => '12',
)
[ info ] [ LANG ] /www/wwwroot/zhoujiangshou.top/public/../application/admin/lang/zh-cn.php
[ info ] [ BEHAVIOR ] Run app\common\behavior\Common @module_init [ RunTime:0.001551s ]
[ info ] [ SESSION ] INIT array (
  'id' => '',
  'var_session_id' => '',
  'prefix' => 'think',
  'type' => '',
  'auto_start' => true,
)
[ info ] [ DB ] INIT mysql
[ info ] [ BEHAVIOR ] Run app\admin\behavior\AdminLog @app_end [ RunTime:0.000144s ]
[ info ] [ LOG ] INIT File
---------------------------------------------------------------
[ 2021-03-10T16:57:50+08:00 ] 113.246.154.157 POST zhoujiangshou.top/cms.php/cms/archives/get_fields_html
[运行时间：0.169688s] [吞吐率：5.89req/s] [内存消耗：4,900.02kb] [文件加载：154]
[ info ] [ BEHAVIOR ] Run Closure @app_init [ RunTime:0.000031s ]
[ info ] [ CACHE ] INIT File
[ info ] [ BEHAVIOR ] Run \addons\cms\Cms @app_init [ RunTime:0.004145s ]
[ info ] [ BEHAVIOR ] Run Closure @app_init [ RunTime:0.004186s ]
[ info ] [ LANG ] /www/wwwroot/zhoujiangshou.top/thinkphp/lang/zh-cn.php
[ info ] [ BEHAVIOR ] Run app\common\behavior\Common @app_dispatch [ RunTime:0.000541s ]
[ info ] [ ROUTE ] array (
  'type' => 'module',
  'module' => 
  array (
    0 => 'admin',
    1 => 'cms.archives',
    2 => 'get_fields_html',
  ),
)
[ info ] [ HEADER ] array (
  'cookie' => 'PHPSESSID=n6bov26n69jsnm3tkqqah4vg28; think_var=zh-cn',
  'accept-language' => 'zh-CN,zh;q=0.9',
  'accept-encoding' => 'gzip, deflate, br',
  'sec-fetch-mode' => 'cors',
  'sec-fetch-site' => 'same-origin',
  'content-type' => 'application/x-www-form-urlencoded; charset=UTF-8',
  'user-agent' => 'Mozilla/5.0 (Windows NT 6.1; WOW64) AppleWebKit/537.36 (KHTML, like Gecko) Chrome/78.0.3904.108 Safari/537.36',
  'x-requested-with' => 'XMLHttpRequest',
  'origin' => 'https://zhoujiangshou.top',
  'accept' => 'application/json, text/javascript, */*; q=0.01',
  'content-length' => '28',
  'host' => 'zhoujiangshou.top',
)
[ info ] [ PARAM ] array (
  'channel_id' => '29',
  'archives_id' => '12',
)
[ info ] [ LANG ] /www/wwwroot/zhoujiangshou.top/public/../application/admin/lang/zh-cn.php
[ info ] [ BEHAVIOR ] Run app\common\behavior\Common @module_init [ RunTime:0.001919s ]
[ info ] [ SESSION ] INIT array (
  'id' => '',
  'var_session_id' => '',
  'prefix' => 'think',
  'type' => '',
  'auto_start' => true,
)
[ info ] [ LANG ] /www/wwwroot/zhoujiangshou.top/public/../application/admin/lang/zh-cn/cms/archives.php
[ info ] [ DB ] INIT mysql
[ info ] [ RUN ] app\admin\controller\cms\Archives->get_fields_html[ /www/wwwroot/zhoujiangshou.top/application/admin/controller/cms/Archives.php ]
[ info ] [ VIEW ] /www/wwwroot/zhoujiangshou.top/public/../application/admin/view/cms/common/fields.html [ array (
  0 => 'breadcrumb',
  1 => 'site',
  2 => 'config',
  3 => 'auth',
  4 => 'admin',
  5 => 'channelOptions',
  6 => 'secondChannelOptions',
  7 => 'flagList',
  8 => 'statusList',
  9 => 'channel',
  10 => 'fields',
  11 => 'values',
) ]
[ info ] [ BEHAVIOR ] Run \addons\cms\Cms @view_filter [ RunTime:0.000064s ]
[ info ] [ BEHAVIOR ] Run app\admin\behavior\AdminLog @app_end [ RunTime:0.007705s ]
[ info ] [ LOG ] INIT File
---------------------------------------------------------------
[ 2021-03-10T16:57:50+08:00 ] 113.246.154.157 GET zhoujiangshou.top/cms.php/index/index
[运行时间：0.165359s] [吞吐率：6.05req/s] [内存消耗：4,570.91kb] [文件加载：152]
[ info ] [ BEHAVIOR ] Run Closure @app_init [ RunTime:0.000028s ]
[ info ] [ CACHE ] INIT File
[ info ] [ BEHAVIOR ] Run \addons\cms\Cms @app_init [ RunTime:0.002641s ]
[ info ] [ BEHAVIOR ] Run Closure @app_init [ RunTime:0.002666s ]
[ info ] [ LANG ] /www/wwwroot/zhoujiangshou.top/thinkphp/lang/zh-cn.php
[ info ] [ BEHAVIOR ] Run app\common\behavior\Common @app_dispatch [ RunTime:0.000207s ]
[ info ] [ ROUTE ] array (
  'type' => 'module',
  'module' => 
  array (
    0 => 'admin',
    1 => 'index',
    2 => 'index',
  ),
)
[ info ] [ HEADER ] array (
  'cookie' => 'PHPSESSID=n6bov26n69jsnm3tkqqah4vg28; think_var=zh-cn',
  'accept-language' => 'zh-CN,zh;q=0.9',
  'accept-encoding' => 'gzip, deflate, br',
  'sec-fetch-mode' => 'navigate',
  'sec-fetch-site' => 'same-origin',
  'accept' => 'text/html,application/xhtml+xml,application/xml;q=0.9,image/webp,image/apng,*/*;q=0.8,application/signed-exchange;v=b3',
  'sec-fetch-user' => '?1',
  'user-agent' => 'Mozilla/5.0 (Windows NT 6.1; WOW64) AppleWebKit/537.36 (KHTML, like Gecko) Chrome/78.0.3904.108 Safari/537.36',
  'upgrade-insecure-requests' => '1',
  'cache-control' => 'max-age=0',
  'host' => 'zhoujiangshou.top',
  'content-type' => '',
  'content-length' => '',
)
[ info ] [ PARAM ] array (
)
[ info ] [ LANG ] /www/wwwroot/zhoujiangshou.top/public/../application/admin/lang/zh-cn.php
[ info ] [ BEHAVIOR ] Run app\common\behavior\Common @module_init [ RunTime:0.001134s ]
[ info ] [ SESSION ] INIT array (
  'id' => '',
  'var_session_id' => '',
  'prefix' => 'think',
  'type' => '',
  'auto_start' => true,
)
[ info ] [ LANG ] /www/wwwroot/zhoujiangshou.top/public/../application/admin/lang/zh-cn/index.php
[ info ] [ RUN ] app\admin\controller\Index->index[ /www/wwwroot/zhoujiangshou.top/application/admin/controller/Index.php ]
[ info ] [ DB ] INIT mysql
[ info ] [ VIEW ] /www/wwwroot/zhoujiangshou.top/public/../application/admin/view/index/index.html [ array (
  0 => 'breadcrumb',
  1 => 'site',
  2 => 'config',
  3 => 'auth',
  4 => 'admin',
  5 => 'menulist',
  6 => 'navlist',
  7 => 'fixedmenu',
  8 => 'referermenu',
  9 => 'title',
) ]
[ info ] [ BEHAVIOR ] Run \addons\cms\Cms @view_filter [ RunTime:0.000049s ]
[ info ] [ BEHAVIOR ] Run app\admin\behavior\AdminLog @app_end [ RunTime:0.000135s ]
[ info ] [ LOG ] INIT File
---------------------------------------------------------------
[ 2021-03-10T16:57:54+08:00 ] 113.246.154.157 GET zhoujiangshou.top/cms.php/cms/archives?addtabs=1
[运行时间：0.076357s] [吞吐率：13.10req/s] [内存消耗：4,741.13kb] [文件加载：147]
[ info ] [ BEHAVIOR ] Run Closure @app_init [ RunTime:0.000020s ]
[ info ] [ CACHE ] INIT File
[ info ] [ BEHAVIOR ] Run \addons\cms\Cms @app_init [ RunTime:0.002544s ]
[ info ] [ BEHAVIOR ] Run Closure @app_init [ RunTime:0.002568s ]
[ info ] [ LANG ] /www/wwwroot/zhoujiangshou.top/thinkphp/lang/zh-cn.php
[ info ] [ BEHAVIOR ] Run app\common\behavior\Common @app_dispatch [ RunTime:0.000219s ]
[ info ] [ ROUTE ] array (
  'type' => 'module',
  'module' => 
  array (
    0 => 'admin',
    1 => 'cms.archives',
    2 => NULL,
  ),
)
[ info ] [ HEADER ] array (
  'cookie' => 'PHPSESSID=n6bov26n69jsnm3tkqqah4vg28; think_var=zh-cn',
  'accept-language' => 'zh-CN,zh;q=0.9',
  'accept-encoding' => 'gzip, deflate, br',
  'sec-fetch-mode' => 'nested-navigate',
  'sec-fetch-site' => 'same-origin',
  'accept' => 'text/html,application/xhtml+xml,application/xml;q=0.9,image/webp,image/apng,*/*;q=0.8,application/signed-exchange;v=b3',
  'user-agent' => 'Mozilla/5.0 (Windows NT 6.1; WOW64) AppleWebKit/537.36 (KHTML, like Gecko) Chrome/78.0.3904.108 Safari/537.36',
  'upgrade-insecure-requests' => '1',
  'host' => 'zhoujiangshou.top',
  'content-type' => '',
  'content-length' => '',
)
[ info ] [ PARAM ] array (
  'addtabs' => '1',
)
[ info ] [ LANG ] /www/wwwroot/zhoujiangshou.top/public/../application/admin/lang/zh-cn.php
[ info ] [ BEHAVIOR ] Run app\common\behavior\Common @module_init [ RunTime:0.001063s ]
[ info ] [ SESSION ] INIT array (
  'id' => '',
  'var_session_id' => '',
  'prefix' => 'think',
  'type' => '',
  'auto_start' => true,
)
[ info ] [ DB ] INIT mysql
[ info ] [ LANG ] /www/wwwroot/zhoujiangshou.top/public/../application/admin/lang/zh-cn/cms/archives.php
[ info ] [ RUN ] app\admin\controller\cms\Archives->index[ /www/wwwroot/zhoujiangshou.top/application/admin/controller/cms/Archives.php ]
[ info ] [ VIEW ] /www/wwwroot/zhoujiangshou.top/public/../application/admin/view/cms/archives/index.html [ array (
  0 => 'breadcrumb',
  1 => 'site',
  2 => 'config',
  3 => 'auth',
  4 => 'admin',
  5 => 'channelOptions',
  6 => 'secondChannelOptions',
  7 => 'flagList',
  8 => 'statusList',
  9 => 'modelList',
  10 => 'specialList',
) ]
[ info ] [ BEHAVIOR ] Run \addons\cms\Cms @view_filter [ RunTime:0.000062s ]
[ info ] [ BEHAVIOR ] Run app\admin\behavior\AdminLog @app_end [ RunTime:0.000123s ]
[ info ] [ LOG ] INIT File
---------------------------------------------------------------
[ 2021-03-10T17:09:32+08:00 ] 113.246.154.157 GET zhoujiangshou.top/product/14.html
[ error ] [2]Illegal string offset 'title'
---------------------------------------------------------------
[ 2021-03-10T17:17:00+08:00 ] 113.246.154.157 GET zhoujiangshou.top/product/15.html
[ error ] [2]Illegal string offset 'title'
